<?xml version="1.0" encoding="UTF-8"?>
<coverage generated="1772540415807" clover="3.2.0">
  <project timestamp="1772540415807" name="All files">
    <metrics statements="959" coveredstatements="821" conditionals="531" coveredconditionals="387" methods="243" coveredmethods="206" elements="1733" coveredelements="1414" complexity="0" loc="959" ncloc="959" packages="2" files="18" classes="18"/>
    <package name="lib">
      <metrics statements="958" coveredstatements="820" conditionals="531" coveredconditionals="387" methods="243" coveredmethods="206"/>
      <file name="api.ts" path="/Users/kdye/Sites/volleyball-stats-mobile/src/lib/api.ts">
        <metrics statements="52" coveredstatements="42" conditionals="27" coveredconditionals="17" methods="13" coveredmethods="6"/>
        <line num="6" count="1" type="stmt"/>
        <line num="7" count="1" type="stmt"/>
        <line num="9" count="1" type="stmt"/>
        <line num="10" count="1" type="stmt"/>
        <line num="11" count="1" type="stmt"/>
        <line num="14" count="1" type="stmt"/>
        <line num="15" count="11" type="cond" truecount="1" falsecount="1"/>
        <line num="16" count="0" type="stmt"/>
        <line num="23" count="1" type="stmt"/>
        <line num="26" count="7" type="stmt"/>
        <line num="27" count="7" type="stmt"/>
        <line num="29" count="7" type="stmt"/>
        <line num="30" count="7" type="stmt"/>
        <line num="37" count="1" type="stmt"/>
        <line num="38" count="11" type="stmt"/>
        <line num="39" count="11" type="stmt"/>
        <line num="41" count="0" type="stmt"/>
        <line num="48" count="1" type="stmt"/>
        <line num="49" count="0" type="stmt"/>
        <line num="55" count="1" type="stmt"/>
        <line num="56" count="0" type="stmt"/>
        <line num="62" count="1" type="stmt"/>
        <line num="63" count="12" type="stmt"/>
        <line num="64" count="12" type="stmt"/>
        <line num="65" count="19" type="cond" truecount="2" falsecount="0"/>
        <line num="66" count="15" type="stmt"/>
        <line num="69" count="12" type="stmt"/>
        <line num="70" count="12" type="cond" truecount="2" falsecount="0"/>
        <line num="76" count="1" type="stmt"/>
        <line num="80" count="11" type="stmt"/>
        <line num="82" count="11" type="stmt"/>
        <line num="87" count="11" type="cond" truecount="2" falsecount="0"/>
        <line num="88" count="1" type="stmt"/>
        <line num="91" count="11" type="stmt"/>
        <line num="92" count="11" type="cond" truecount="2" falsecount="0"/>
        <line num="94" count="11" type="stmt"/>
        <line num="100" count="11" type="stmt"/>
        <line num="101" count="11" type="cond" truecount="2" falsecount="0"/>
        <line num="102" count="2" type="cond" truecount="2" falsecount="0"/>
        <line num="103" count="1" type="stmt"/>
        <line num="108" count="1" type="stmt"/>
        <line num="111" count="9" type="stmt"/>
        <line num="113" count="9" type="cond" truecount="2" falsecount="0"/>
        <line num="114" count="2" type="stmt"/>
        <line num="121" count="7" type="stmt"/>
        <line num="127" count="1" type="stmt"/>
        <line num="129" count="0" type="cond" truecount="0" falsecount="2"/>
        <line num="130" count="0" type="stmt"/>
        <line num="134" count="0" type="stmt"/>
        <line num="141" count="0" type="stmt"/>
        <line num="148" count="0" type="stmt"/>
        <line num="155" count="0" type="stmt"/>
      </file>
      <file name="config.ts" path="/Users/kdye/Sites/volleyball-stats-mobile/src/lib/config.ts">
        <metrics statements="11" coveredstatements="0" conditionals="4" coveredconditionals="0" methods="1" coveredmethods="0"/>
        <line num="6" count="0" type="stmt"/>
        <line num="12" count="0" type="stmt"/>
        <line num="13" count="0" type="stmt"/>
        <line num="15" count="0" type="cond" truecount="0" falsecount="2"/>
        <line num="16" count="0" type="cond" truecount="0" falsecount="2"/>
        <line num="19" count="0" type="stmt"/>
        <line num="23" count="0" type="stmt"/>
        <line num="41" count="0" type="stmt"/>
        <line num="44" count="0" type="stmt"/>
        <line num="47" count="0" type="stmt"/>
        <line num="48" count="0" type="stmt"/>
      </file>
      <file name="database.ts" path="/Users/kdye/Sites/volleyball-stats-mobile/src/lib/database.ts">
        <metrics statements="128" coveredstatements="18" conditionals="111" coveredconditionals="0" methods="29" coveredmethods="1"/>
        <line num="1" count="1" type="stmt"/>
        <line num="4" count="1" type="stmt"/>
        <line num="6" count="1" type="stmt"/>
        <line num="7" count="0" type="cond" truecount="0" falsecount="2"/>
        <line num="8" count="0" type="stmt"/>
        <line num="9" count="0" type="stmt"/>
        <line num="11" count="0" type="stmt"/>
        <line num="16" count="0" type="stmt"/>
        <line num="17" count="0" type="stmt"/>
        <line num="20" count="0" type="stmt"/>
        <line num="21" count="0" type="cond" truecount="0" falsecount="4"/>
        <line num="23" count="0" type="stmt"/>
        <line num="31" count="0" type="stmt"/>
        <line num="36" count="0" type="stmt"/>
        <line num="38" count="0" type="stmt"/>
        <line num="224" count="1" type="stmt"/>
        <line num="225" count="0" type="stmt"/>
        <line num="226" count="0" type="stmt"/>
        <line num="236" count="0" type="stmt"/>
        <line num="247" count="1" type="stmt"/>
        <line num="248" count="0" type="stmt"/>
        <line num="249" count="0" type="stmt"/>
        <line num="259" count="0" type="cond" truecount="0" falsecount="2"/>
        <line num="261" count="0" type="stmt"/>
        <line num="272" count="1" type="stmt"/>
        <line num="273" count="0" type="stmt"/>
        <line num="274" count="0" type="stmt"/>
        <line num="281" count="1" type="stmt"/>
        <line num="282" count="0" type="stmt"/>
        <line num="283" count="0" type="stmt"/>
        <line num="288" count="1" type="stmt"/>
        <line num="289" count="0" type="stmt"/>
        <line num="290" count="0" type="cond" truecount="0" falsecount="2"/>
        <line num="293" count="0" type="cond" truecount="0" falsecount="2"/>
        <line num="295" count="0" type="stmt"/>
        <line num="305" count="0" type="stmt"/>
        <line num="316" count="1" type="stmt"/>
        <line num="317" count="0" type="stmt"/>
        <line num="318" count="0" type="stmt"/>
        <line num="328" count="0" type="cond" truecount="0" falsecount="2"/>
        <line num="330" count="0" type="stmt"/>
        <line num="341" count="1" type="stmt"/>
        <line num="342" count="0" type="stmt"/>
        <line num="343" count="0" type="stmt"/>
        <line num="350" count="1" type="stmt"/>
        <line num="351" count="0" type="stmt"/>
        <line num="352" count="0" type="stmt"/>
        <line num="357" count="1" type="stmt"/>
        <line num="358" count="0" type="stmt"/>
        <line num="359" count="0" type="stmt"/>
        <line num="375" count="0" type="stmt"/>
        <line num="377" count="0" type="stmt"/>
        <line num="378" count="0" type="stmt"/>
        <line num="379" count="0" type="stmt"/>
        <line num="381" count="0" type="stmt"/>
        <line num="400" count="0" type="stmt"/>
        <line num="403" count="1" type="stmt"/>
        <line num="404" count="0" type="stmt"/>
        <line num="405" count="0" type="stmt"/>
        <line num="421" count="0" type="cond" truecount="0" falsecount="2"/>
        <line num="423" count="0" type="stmt"/>
        <line num="424" count="0" type="stmt"/>
        <line num="426" count="0" type="stmt"/>
        <line num="446" count="0" type="stmt"/>
        <line num="447" count="0" type="stmt"/>
        <line num="463" count="0" type="stmt"/>
        <line num="465" count="0" type="stmt"/>
        <line num="466" count="0" type="stmt"/>
        <line num="467" count="0" type="stmt"/>
        <line num="469" count="0" type="stmt"/>
        <line num="488" count="0" type="stmt"/>
        <line num="492" count="0" type="stmt"/>
        <line num="493" count="0" type="stmt"/>
        <line num="504" count="0" type="stmt"/>
        <line num="517" count="0" type="stmt"/>
        <line num="518" count="0" type="stmt"/>
        <line num="523" count="0" type="stmt"/>
        <line num="530" count="0" type="stmt"/>
        <line num="531" count="0" type="stmt"/>
        <line num="538" count="0" type="stmt"/>
        <line num="546" count="1" type="stmt"/>
        <line num="547" count="0" type="stmt"/>
        <line num="550" count="0" type="stmt"/>
        <line num="572" count="0" type="stmt"/>
        <line num="573" count="0" type="cond" truecount="0" falsecount="2"/>
        <line num="574" count="0" type="stmt"/>
        <line num="575" count="0" type="stmt"/>
        <line num="584" count="0" type="stmt"/>
        <line num="585" count="0" type="stmt"/>
        <line num="607" count="0" type="stmt"/>
        <line num="608" count="0" type="cond" truecount="0" falsecount="2"/>
        <line num="609" count="0" type="stmt"/>
        <line num="610" count="0" type="stmt"/>
        <line num="618" count="0" type="stmt"/>
        <line num="619" count="0" type="stmt"/>
        <line num="628" count="1" type="stmt"/>
        <line num="629" count="0" type="stmt"/>
        <line num="631" count="0" type="stmt"/>
        <line num="636" count="1" type="stmt"/>
        <line num="637" count="110" type="stmt"/>
        <line num="641" count="1" type="stmt"/>
        <line num="642" count="0" type="stmt"/>
        <line num="644" count="0" type="stmt"/>
        <line num="645" count="0" type="stmt"/>
        <line num="646" count="0" type="stmt"/>
        <line num="648" count="0" type="stmt"/>
        <line num="650" count="0" type="stmt"/>
        <line num="651" count="0" type="cond" truecount="0" falsecount="2"/>
        <line num="652" count="0" type="stmt"/>
        <line num="653" count="0" type="stmt"/>
        <line num="654" count="0" type="stmt"/>
        <line num="655" count="0" type="stmt"/>
        <line num="660" count="0" type="stmt"/>
        <line num="661" count="0" type="cond" truecount="0" falsecount="2"/>
        <line num="662" count="0" type="stmt"/>
        <line num="663" count="0" type="stmt"/>
        <line num="664" count="0" type="stmt"/>
        <line num="665" count="0" type="stmt"/>
        <line num="670" count="0" type="stmt"/>
        <line num="671" count="0" type="cond" truecount="0" falsecount="2"/>
        <line num="672" count="0" type="stmt"/>
        <line num="673" count="0" type="stmt"/>
        <line num="674" count="0" type="stmt"/>
        <line num="675" count="0" type="stmt"/>
        <line num="680" count="0" type="cond" truecount="0" falsecount="5"/>
        <line num="681" count="0" type="stmt"/>
        <line num="684" count="0" type="stmt"/>
        <line num="687" count="0" type="stmt"/>
      </file>
      <file name="format-utils.ts" path="/Users/kdye/Sites/volleyball-stats-mobile/src/lib/format-utils.ts">
        <metrics statements="75" coveredstatements="72" conditionals="57" coveredconditionals="53" methods="17" coveredmethods="17"/>
        <line num="6" count="1" type="stmt"/>
        <line num="11" count="5" type="cond" truecount="4" falsecount="1"/>
        <line num="13" count="1" type="stmt"/>
        <line num="15" count="1" type="stmt"/>
        <line num="17" count="1" type="stmt"/>
        <line num="19" count="2" type="stmt"/>
        <line num="21" count="0" type="stmt"/>
        <line num="28" count="1" type="stmt"/>
        <line num="33" count="3" type="stmt"/>
        <line num="39" count="1" type="stmt"/>
        <line num="43" count="5" type="cond" truecount="2" falsecount="0"/>
        <line num="45" count="5" type="cond" truecount="2" falsecount="0"/>
        <line num="46" count="1" type="stmt"/>
        <line num="49" count="4" type="cond" truecount="3" falsecount="1"/>
        <line num="51" count="1" type="stmt"/>
        <line num="56" count="2" type="stmt"/>
        <line num="62" count="1" type="stmt"/>
        <line num="69" count="0" type="stmt"/>
        <line num="76" count="1" type="stmt"/>
        <line num="77" count="3" type="cond" truecount="2" falsecount="0"/>
        <line num="79" count="3" type="cond" truecount="2" falsecount="0"/>
        <line num="80" count="1" type="stmt"/>
        <line num="83" count="2" type="stmt"/>
        <line num="92" count="1" type="stmt"/>
        <line num="96" count="3" type="stmt"/>
        <line num="102" count="1" type="stmt"/>
        <line num="103" count="3" type="stmt"/>
        <line num="109" count="1" type="stmt"/>
        <line num="113" count="7" type="cond" truecount="4" falsecount="0"/>
        <line num="114" count="2" type="stmt"/>
        <line num="116" count="5" type="stmt"/>
        <line num="122" count="1" type="stmt"/>
        <line num="126" count="7" type="cond" truecount="4" falsecount="0"/>
        <line num="127" count="2" type="stmt"/>
        <line num="129" count="5" type="stmt"/>
        <line num="135" count="1" type="stmt"/>
        <line num="138" count="4" type="cond" truecount="4" falsecount="1"/>
        <line num="140" count="1" type="stmt"/>
        <line num="142" count="1" type="stmt"/>
        <line num="144" count="1" type="stmt"/>
        <line num="146" count="1" type="stmt"/>
        <line num="148" count="0" type="stmt"/>
        <line num="155" count="1" type="stmt"/>
        <line num="156" count="2" type="cond" truecount="2" falsecount="0"/>
        <line num="162" count="1" type="stmt"/>
        <line num="165" count="9" type="cond" truecount="2" falsecount="0"/>
        <line num="167" count="7" type="stmt"/>
        <line num="176" count="7" type="cond" truecount="2" falsecount="0"/>
        <line num="182" count="1" type="stmt"/>
        <line num="185" count="8" type="cond" truecount="2" falsecount="0"/>
        <line num="187" count="6" type="stmt"/>
        <line num="196" count="6" type="cond" truecount="1" falsecount="1"/>
        <line num="202" count="1" type="stmt"/>
        <line num="203" count="15" type="stmt"/>
        <line num="204" count="15" type="stmt"/>
        <line num="205" count="15" type="cond" truecount="3" falsecount="0"/>
        <line num="211" count="1" type="stmt"/>
        <line num="212" count="2" type="stmt"/>
        <line num="218" count="1" type="stmt"/>
        <line num="223" count="8" type="cond" truecount="2" falsecount="0"/>
        <line num="224" count="2" type="stmt"/>
        <line num="226" count="6" type="cond" truecount="2" falsecount="0"/>
        <line num="232" count="1" type="stmt"/>
        <line num="233" count="7" type="stmt"/>
        <line num="234" count="7" type="stmt"/>
        <line num="235" count="7" type="stmt"/>
        <line num="237" count="7" type="cond" truecount="2" falsecount="0"/>
        <line num="238" count="2" type="stmt"/>
        <line num="240" count="5" type="cond" truecount="2" falsecount="0"/>
        <line num="241" count="2" type="stmt"/>
        <line num="243" count="3" type="stmt"/>
        <line num="249" count="1" type="stmt"/>
        <line num="250" count="7" type="cond" truecount="2" falsecount="0"/>
        <line num="251" count="3" type="stmt"/>
        <line num="253" count="4" type="stmt"/>
      </file>
      <file name="lineup-utils.ts" path="/Users/kdye/Sites/volleyball-stats-mobile/src/lib/lineup-utils.ts">
        <metrics statements="87" coveredstatements="87" conditionals="30" coveredconditionals="28" methods="43" coveredmethods="43"/>
        <line num="3" count="1" type="stmt"/>
        <line num="32" count="1" type="stmt"/>
        <line num="36" count="15" type="stmt"/>
        <line num="42" count="1" type="stmt"/>
        <line num="43" count="2" type="stmt"/>
        <line num="49" count="1" type="stmt"/>
        <line num="50" count="6" type="stmt"/>
        <line num="56" count="1" type="stmt"/>
        <line num="57" count="6" type="stmt"/>
        <line num="63" count="1" type="stmt"/>
        <line num="66" count="2" type="stmt"/>
        <line num="67" count="2" type="stmt"/>
        <line num="68" count="6" type="stmt"/>
        <line num="70" count="2" type="stmt"/>
        <line num="76" count="1" type="stmt"/>
        <line num="80" count="2" type="stmt"/>
        <line num="81" count="2" type="stmt"/>
        <line num="82" count="12" type="stmt"/>
        <line num="83" count="12" type="cond" truecount="2" falsecount="0"/>
        <line num="84" count="8" type="stmt"/>
        <line num="85" count="8" type="cond" truecount="2" falsecount="0"/>
        <line num="86" count="7" type="stmt"/>
        <line num="93" count="2" type="stmt"/>
        <line num="99" count="1" type="stmt"/>
        <line num="104" count="3" type="stmt"/>
        <line num="105" count="18" type="cond" truecount="2" falsecount="0"/>
        <line num="106" count="3" type="stmt"/>
        <line num="108" count="15" type="cond" truecount="2" falsecount="0"/>
        <line num="109" count="2" type="stmt"/>
        <line num="111" count="13" type="stmt"/>
        <line num="118" count="1" type="stmt"/>
        <line num="124" count="8" type="stmt"/>
        <line num="125" count="5" type="stmt"/>
        <line num="127" count="3" type="cond" truecount="4" falsecount="0"/>
        <line num="128" count="2" type="stmt"/>
        <line num="131" count="1" type="stmt"/>
        <line num="132" count="6" type="cond" truecount="2" falsecount="0"/>
        <line num="133" count="1" type="stmt"/>
        <line num="142" count="5" type="stmt"/>
        <line num="145" count="1" type="stmt"/>
        <line num="146" count="3" type="cond" truecount="2" falsecount="0"/>
        <line num="147" count="1" type="stmt"/>
        <line num="155" count="2" type="stmt"/>
        <line num="158" count="1" type="stmt"/>
        <line num="164" count="1" type="stmt"/>
        <line num="168" count="4" type="stmt"/>
        <line num="171" count="4" type="cond" truecount="2" falsecount="0"/>
        <line num="172" count="1" type="stmt"/>
        <line num="176" count="23" type="stmt"/>
        <line num="177" count="4" type="stmt"/>
        <line num="178" count="24" type="cond" truecount="2" falsecount="0"/>
        <line num="179" count="2" type="stmt"/>
        <line num="184" count="23" type="stmt"/>
        <line num="185" count="4" type="stmt"/>
        <line num="186" count="4" type="cond" truecount="2" falsecount="0"/>
        <line num="187" count="1" type="stmt"/>
        <line num="191" count="4" type="cond" truecount="2" falsecount="0"/>
        <line num="192" count="1" type="stmt"/>
        <line num="195" count="4" type="stmt"/>
        <line num="204" count="1" type="stmt"/>
        <line num="208" count="13" type="stmt"/>
        <line num="209" count="3" type="cond" truecount="2" falsecount="0"/>
        <line num="211" count="5" type="stmt"/>
        <line num="217" count="1" type="stmt"/>
        <line num="218" count="12" type="stmt"/>
        <line num="224" count="1" type="stmt"/>
        <line num="225" count="6" type="stmt"/>
        <line num="231" count="1" type="stmt"/>
        <line num="232" count="8" type="stmt"/>
        <line num="238" count="1" type="stmt"/>
        <line num="241" count="6" type="stmt"/>
        <line num="247" count="1" type="stmt"/>
        <line num="252" count="2" type="stmt"/>
        <line num="254" count="2" type="stmt"/>
        <line num="255" count="7" type="stmt"/>
        <line num="263" count="2" type="stmt"/>
        <line num="264" count="2" type="stmt"/>
        <line num="271" count="2" type="stmt"/>
        <line num="277" count="1" type="stmt"/>
        <line num="278" count="1" type="stmt"/>
        <line num="279" count="4" type="stmt"/>
        <line num="280" count="3" type="cond" truecount="2" falsecount="2"/>
        <line num="281" count="3" type="stmt"/>
        <line num="287" count="1" type="stmt"/>
        <line num="288" count="3" type="stmt"/>
        <line num="294" count="1" type="stmt"/>
        <line num="295" count="3" type="stmt"/>
      </file>
      <file name="localStorage.ts" path="/Users/kdye/Sites/volleyball-stats-mobile/src/lib/localStorage.ts">
        <metrics statements="54" coveredstatements="51" conditionals="18" coveredconditionals="18" methods="21" coveredmethods="21"/>
        <line num="1" count="1" type="stmt"/>
        <line num="3" count="1" type="stmt"/>
        <line num="11" count="55" type="stmt"/>
        <line num="12" count="55" type="stmt"/>
        <line num="13" count="55" type="cond" truecount="2" falsecount="0"/>
        <line num="15" count="0" type="stmt"/>
        <line num="16" count="0" type="stmt"/>
        <line num="21" count="32" type="stmt"/>
        <line num="22" count="32" type="stmt"/>
        <line num="24" count="0" type="stmt"/>
        <line num="108" count="1" type="stmt"/>
        <line num="109" count="25" type="cond" truecount="2" falsecount="0"/>
        <line num="112" count="1" type="stmt"/>
        <line num="113" count="14" type="stmt"/>
        <line num="114" count="14" type="stmt"/>
        <line num="115" count="14" type="cond" truecount="2" falsecount="0"/>
        <line num="116" count="1" type="stmt"/>
        <line num="118" count="13" type="stmt"/>
        <line num="120" count="14" type="stmt"/>
        <line num="123" count="1" type="stmt"/>
        <line num="124" count="2" type="stmt"/>
        <line num="125" count="2" type="stmt"/>
        <line num="129" count="1" type="stmt"/>
        <line num="130" count="16" type="cond" truecount="2" falsecount="0"/>
        <line num="131" count="16" type="cond" truecount="2" falsecount="0"/>
        <line num="132" count="4" type="stmt"/>
        <line num="134" count="14" type="stmt"/>
        <line num="137" count="1" type="stmt"/>
        <line num="138" count="8" type="stmt"/>
        <line num="139" count="8" type="stmt"/>
        <line num="140" count="8" type="cond" truecount="2" falsecount="0"/>
        <line num="141" count="1" type="stmt"/>
        <line num="143" count="7" type="stmt"/>
        <line num="145" count="8" type="stmt"/>
        <line num="148" count="1" type="stmt"/>
        <line num="149" count="1" type="stmt"/>
        <line num="150" count="1" type="stmt"/>
        <line num="154" count="1" type="stmt"/>
        <line num="155" count="14" type="cond" truecount="2" falsecount="0"/>
        <line num="158" count="1" type="stmt"/>
        <line num="159" count="3" type="stmt"/>
        <line num="160" count="3" type="cond" truecount="2" falsecount="0"/>
        <line num="163" count="1" type="stmt"/>
        <line num="164" count="6" type="stmt"/>
        <line num="165" count="6" type="stmt"/>
        <line num="166" count="6" type="cond" truecount="2" falsecount="0"/>
        <line num="167" count="1" type="stmt"/>
        <line num="169" count="5" type="stmt"/>
        <line num="171" count="6" type="stmt"/>
        <line num="174" count="1" type="stmt"/>
        <line num="175" count="1" type="stmt"/>
        <line num="176" count="1" type="stmt"/>
        <line num="180" count="1" type="stmt"/>
        <line num="181" count="104" type="stmt"/>
      </file>
      <file name="offlineQueue.ts" path="/Users/kdye/Sites/volleyball-stats-mobile/src/lib/offlineQueue.ts">
        <metrics statements="35" coveredstatements="35" conditionals="4" coveredconditionals="4" methods="8" coveredmethods="8"/>
        <line num="1" count="1" type="stmt"/>
        <line num="3" count="1" type="stmt"/>
        <line num="15" count="1" type="stmt"/>
        <line num="16" count="31" type="stmt"/>
        <line num="17" count="31" type="stmt"/>
        <line num="18" count="29" type="cond" truecount="2" falsecount="0"/>
        <line num="20" count="2" type="stmt"/>
        <line num="21" count="2" type="stmt"/>
        <line num="26" count="1" type="stmt"/>
        <line num="27" count="12" type="stmt"/>
        <line num="28" count="12" type="stmt"/>
        <line num="29" count="12" type="stmt"/>
        <line num="35" count="12" type="stmt"/>
        <line num="36" count="12" type="stmt"/>
        <line num="38" count="1" type="stmt"/>
        <line num="43" count="1" type="stmt"/>
        <line num="44" count="5" type="stmt"/>
        <line num="45" count="5" type="stmt"/>
        <line num="46" count="6" type="stmt"/>
        <line num="47" count="5" type="stmt"/>
        <line num="49" count="1" type="stmt"/>
        <line num="54" count="1" type="stmt"/>
        <line num="55" count="7" type="stmt"/>
        <line num="56" count="7" type="stmt"/>
        <line num="57" count="7" type="stmt"/>
        <line num="58" count="7" type="cond" truecount="2" falsecount="0"/>
        <line num="60" count="7" type="stmt"/>
        <line num="62" count="1" type="stmt"/>
        <line num="67" count="1" type="stmt"/>
        <line num="68" count="2" type="stmt"/>
        <line num="69" count="2" type="stmt"/>
        <line num="71" count="1" type="stmt"/>
        <line num="76" count="1" type="stmt"/>
        <line num="77" count="3" type="stmt"/>
        <line num="78" count="3" type="stmt"/>
      </file>
      <file name="offlineSync.ts" path="/Users/kdye/Sites/volleyball-stats-mobile/src/lib/offlineSync.ts">
        <metrics statements="32" coveredstatements="32" conditionals="6" coveredconditionals="6" methods="4" coveredmethods="4"/>
        <line num="1" count="1" type="stmt"/>
        <line num="2" count="1" type="stmt"/>
        <line num="4" count="1" type="stmt"/>
        <line num="8" count="20" type="stmt"/>
        <line num="9" count="20" type="stmt"/>
        <line num="13" count="12" type="stmt"/>
        <line num="14" count="12" type="stmt"/>
        <line num="16" count="8" type="stmt"/>
        <line num="18" count="8" type="cond" truecount="2" falsecount="0"/>
        <line num="20" count="5" type="stmt"/>
        <line num="21" count="5" type="stmt"/>
        <line num="22" count="5" type="stmt"/>
        <line num="25" count="3" type="stmt"/>
        <line num="26" count="3" type="stmt"/>
        <line num="31" count="1" type="stmt"/>
        <line num="36" count="13" type="stmt"/>
        <line num="38" count="13" type="cond" truecount="2" falsecount="0"/>
        <line num="39" count="1" type="stmt"/>
        <line num="42" count="12" type="stmt"/>
        <line num="44" count="12" type="stmt"/>
        <line num="45" count="12" type="stmt"/>
        <line num="48" count="12" type="stmt"/>
        <line num="50" count="12" type="stmt"/>
        <line num="51" count="20" type="stmt"/>
        <line num="52" count="20" type="cond" truecount="2" falsecount="0"/>
        <line num="53" count="12" type="stmt"/>
        <line num="55" count="8" type="stmt"/>
        <line num="59" count="12" type="stmt"/>
        <line num="61" count="12" type="stmt"/>
        <line num="69" count="1" type="stmt"/>
        <line num="70" count="3" type="stmt"/>
        <line num="71" count="3" type="stmt"/>
      </file>
      <file name="permissions.ts" path="/Users/kdye/Sites/volleyball-stats-mobile/src/lib/permissions.ts">
        <metrics statements="21" coveredstatements="21" conditionals="5" coveredconditionals="5" methods="8" coveredmethods="8"/>
        <line num="8" count="1" type="stmt"/>
        <line num="9" count="13" type="stmt"/>
        <line num="15" count="1" type="stmt"/>
        <line num="16" count="12" type="stmt"/>
        <line num="22" count="1" type="stmt"/>
        <line num="23" count="12" type="stmt"/>
        <line num="29" count="1" type="stmt"/>
        <line num="30" count="9" type="stmt"/>
        <line num="36" count="1" type="stmt"/>
        <line num="37" count="9" type="stmt"/>
        <line num="43" count="1" type="stmt"/>
        <line num="44" count="9" type="stmt"/>
        <line num="50" count="1" type="stmt"/>
        <line num="51" count="49" type="cond" truecount="5" falsecount="0"/>
        <line num="53" count="10" type="stmt"/>
        <line num="55" count="10" type="stmt"/>
        <line num="57" count="10" type="stmt"/>
        <line num="59" count="13" type="stmt"/>
        <line num="61" count="6" type="stmt"/>
        <line num="68" count="1" type="stmt"/>
        <line num="69" count="19" type="stmt"/>
      </file>
      <file name="play-validation.ts" path="/Users/kdye/Sites/volleyball-stats-mobile/src/lib/play-validation.ts">
        <metrics statements="42" coveredstatements="42" conditionals="22" coveredconditionals="18" methods="11" coveredmethods="11"/>
        <line num="8" count="1" type="stmt"/>
        <line num="22" count="1" type="stmt"/>
        <line num="33" count="1" type="stmt"/>
        <line num="38" count="1" type="stmt"/>
        <line num="43" count="1" type="stmt"/>
        <line num="47" count="37" type="stmt"/>
        <line num="48" count="37" type="cond" truecount="1" falsecount="1"/>
        <line num="49" count="37" type="stmt"/>
        <line num="55" count="1" type="stmt"/>
        <line num="56" count="4" type="cond" truecount="2" falsecount="0"/>
        <line num="62" count="1" type="stmt"/>
        <line num="63" count="4" type="stmt"/>
        <line num="69" count="1" type="stmt"/>
        <line num="70" count="3" type="stmt"/>
        <line num="76" count="1" type="stmt"/>
        <line num="77" count="5" type="stmt"/>
        <line num="83" count="1" type="stmt"/>
        <line num="84" count="4" type="stmt"/>
        <line num="90" count="1" type="stmt"/>
        <line num="91" count="26" type="stmt"/>
        <line num="97" count="1" type="stmt"/>
        <line num="103" count="20" type="stmt"/>
        <line num="106" count="20" type="stmt"/>
        <line num="107" count="20" type="cond" truecount="2" falsecount="0"/>
        <line num="108" count="2" type="stmt"/>
        <line num="112" count="20" type="cond" truecount="2" falsecount="0"/>
        <line num="113" count="18" type="stmt"/>
        <line num="114" count="18" type="stmt"/>
        <line num="115" count="18" type="cond" truecount="2" falsecount="0"/>
        <line num="116" count="1" type="stmt"/>
        <line num="124" count="20" type="cond" truecount="2" falsecount="0"/>
        <line num="130" count="2" type="stmt"/>
        <line num="133" count="20" type="stmt"/>
        <line num="142" count="1" type="stmt"/>
        <line num="143" count="6" type="stmt"/>
        <line num="153" count="6" type="cond" truecount="1" falsecount="1"/>
        <line num="159" count="1" type="stmt"/>
        <line num="160" count="11" type="stmt"/>
        <line num="176" count="11" type="cond" truecount="1" falsecount="1"/>
        <line num="182" count="1" type="stmt"/>
        <line num="183" count="14" type="stmt"/>
        <line num="199" count="14" type="cond" truecount="1" falsecount="1"/>
      </file>
      <file name="queryClient.ts" path="/Users/kdye/Sites/volleyball-stats-mobile/src/lib/queryClient.ts">
        <metrics statements="8" coveredstatements="8" conditionals="4" coveredconditionals="4" methods="2" coveredmethods="2"/>
        <line num="3" count="1" type="stmt"/>
        <line num="6" count="6" type="stmt"/>
        <line num="24" count="1" type="stmt"/>
        <line num="26" count="1" type="stmt"/>
        <line num="27" count="7" type="cond" truecount="2" falsecount="0"/>
        <line num="29" count="5" type="stmt"/>
        <line num="33" count="2" type="cond" truecount="2" falsecount="0"/>
        <line num="34" count="2" type="stmt"/>
      </file>
      <file name="queryPersister.ts" path="/Users/kdye/Sites/volleyball-stats-mobile/src/lib/queryPersister.ts">
        <metrics statements="15" coveredstatements="15" conditionals="2" coveredconditionals="2" methods="4" coveredmethods="4"/>
        <line num="1" count="1" type="stmt"/>
        <line num="4" count="1" type="stmt"/>
        <line num="7" count="1" type="stmt"/>
        <line num="8" count="15" type="stmt"/>
        <line num="10" count="7" type="stmt"/>
        <line num="11" count="7" type="stmt"/>
        <line num="13" count="2" type="stmt"/>
        <line num="17" count="7" type="stmt"/>
        <line num="18" count="7" type="stmt"/>
        <line num="19" count="5" type="cond" truecount="2" falsecount="0"/>
        <line num="21" count="2" type="stmt"/>
        <line num="22" count="2" type="stmt"/>
        <line num="26" count="5" type="stmt"/>
        <line num="27" count="5" type="stmt"/>
        <line num="29" count="2" type="stmt"/>
      </file>
      <file name="rating-calculations.ts" path="/Users/kdye/Sites/volleyball-stats-mobile/src/lib/rating-calculations.ts">
        <metrics statements="123" coveredstatements="123" conditionals="71" coveredconditionals="71" methods="21" coveredmethods="21"/>
        <line num="1" count="2" type="stmt"/>
        <line num="19" count="2" type="stmt"/>
        <line num="20" count="1035" type="cond" truecount="3" falsecount="0"/>
        <line num="22" count="353" type="stmt"/>
        <line num="24" count="339" type="stmt"/>
        <line num="26" count="343" type="stmt"/>
        <line num="34" count="2" type="stmt"/>
        <line num="35" count="22" type="cond" truecount="3" falsecount="0"/>
        <line num="37" count="10" type="stmt"/>
        <line num="39" count="6" type="stmt"/>
        <line num="41" count="6" type="stmt"/>
        <line num="49" count="2" type="stmt"/>
        <line num="50" count="30" type="cond" truecount="6" falsecount="0"/>
        <line num="52" count="10" type="stmt"/>
        <line num="54" count="8" type="stmt"/>
        <line num="56" count="3" type="stmt"/>
        <line num="58" count="2" type="stmt"/>
        <line num="60" count="2" type="stmt"/>
        <line num="62" count="5" type="stmt"/>
        <line num="70" count="2" type="stmt"/>
        <line num="71" count="22" type="cond" truecount="5" falsecount="0"/>
        <line num="73" count="9" type="stmt"/>
        <line num="75" count="3" type="stmt"/>
        <line num="77" count="2" type="stmt"/>
        <line num="79" count="2" type="stmt"/>
        <line num="81" count="6" type="stmt"/>
        <line num="93" count="2" type="stmt"/>
        <line num="94" count="48" type="stmt"/>
        <line num="111" count="2" type="stmt"/>
        <line num="114" count="22" type="stmt"/>
        <line num="115" count="1056" type="cond" truecount="2" falsecount="0"/>
        <line num="118" count="22" type="cond" truecount="2" falsecount="0"/>
        <line num="119" count="7" type="stmt"/>
        <line num="127" count="15" type="stmt"/>
        <line num="128" count="15" type="stmt"/>
        <line num="130" count="15" type="stmt"/>
        <line num="131" count="1030" type="stmt"/>
        <line num="132" count="1030" type="stmt"/>
        <line num="133" count="1030" type="cond" truecount="2" falsecount="0"/>
        <line num="134" count="678" type="cond" truecount="2" falsecount="0"/>
        <line num="135" count="340" type="stmt"/>
        <line num="138" count="15" type="stmt"/>
        <line num="139" count="15" type="stmt"/>
        <line num="150" count="2" type="stmt"/>
        <line num="153" count="51" type="stmt"/>
        <line num="155" count="19" type="cond" truecount="2" falsecount="0"/>
        <line num="156" count="10" type="stmt"/>
        <line num="164" count="9" type="stmt"/>
        <line num="165" count="9" type="stmt"/>
        <line num="167" count="9" type="stmt"/>
        <line num="168" count="17" type="stmt"/>
        <line num="169" count="17" type="stmt"/>
        <line num="170" count="17" type="cond" truecount="2" falsecount="0"/>
        <line num="171" count="8" type="cond" truecount="2" falsecount="0"/>
        <line num="172" count="3" type="stmt"/>
        <line num="175" count="9" type="stmt"/>
        <line num="176" count="9" type="stmt"/>
        <line num="187" count="2" type="stmt"/>
        <line num="190" count="21" type="stmt"/>
        <line num="191" count="57" type="cond" truecount="2" falsecount="0"/>
        <line num="194" count="21" type="cond" truecount="2" falsecount="0"/>
        <line num="195" count="11" type="stmt"/>
        <line num="203" count="10" type="stmt"/>
        <line num="204" count="10" type="stmt"/>
        <line num="206" count="10" type="stmt"/>
        <line num="207" count="22" type="stmt"/>
        <line num="208" count="22" type="stmt"/>
        <line num="209" count="22" type="cond" truecount="5" falsecount="0"/>
        <line num="211" count="9" type="stmt"/>
        <line num="212" count="9" type="stmt"/>
        <line num="214" count="7" type="stmt"/>
        <line num="215" count="7" type="stmt"/>
        <line num="217" count="2" type="stmt"/>
        <line num="218" count="2" type="stmt"/>
        <line num="220" count="1" type="stmt"/>
        <line num="221" count="1" type="stmt"/>
        <line num="223" count="3" type="stmt"/>
        <line num="227" count="10" type="stmt"/>
        <line num="228" count="10" type="stmt"/>
        <line num="240" count="2" type="stmt"/>
        <line num="243" count="52" type="stmt"/>
        <line num="245" count="19" type="cond" truecount="2" falsecount="0"/>
        <line num="246" count="11" type="stmt"/>
        <line num="254" count="8" type="stmt"/>
        <line num="255" count="8" type="stmt"/>
        <line num="263" count="8" type="stmt"/>
        <line num="264" count="15" type="stmt"/>
        <line num="265" count="15" type="stmt"/>
        <line num="266" count="15" type="cond" truecount="5" falsecount="0"/>
        <line num="268" count="8" type="stmt"/>
        <line num="269" count="8" type="stmt"/>
        <line num="271" count="2" type="stmt"/>
        <line num="272" count="2" type="stmt"/>
        <line num="274" count="1" type="stmt"/>
        <line num="275" count="1" type="stmt"/>
        <line num="277" count="1" type="stmt"/>
        <line num="278" count="1" type="stmt"/>
        <line num="280" count="3" type="stmt"/>
        <line num="284" count="8" type="stmt"/>
        <line num="285" count="8" type="stmt"/>
        <line num="313" count="2" type="stmt"/>
        <line num="318" count="24" type="stmt"/>
        <line num="320" count="24" type="cond" truecount="2" falsecount="0"/>
        <line num="325" count="15" type="stmt"/>
        <line num="331" count="24" type="cond" truecount="2" falsecount="0"/>
        <line num="336" count="11" type="stmt"/>
        <line num="342" count="24" type="cond" truecount="2" falsecount="0"/>
        <line num="347" count="7" type="stmt"/>
        <line num="353" count="24" type="cond" truecount="2" falsecount="0"/>
        <line num="358" count="7" type="stmt"/>
        <line num="364" count="24" type="cond" truecount="2" falsecount="0"/>
        <line num="365" count="5" type="stmt"/>
        <line num="369" count="40" type="stmt"/>
        <line num="372" count="19" type="stmt"/>
        <line num="373" count="40" type="stmt"/>
        <line num="377" count="19" type="stmt"/>
        <line num="387" count="2" type="stmt"/>
        <line num="388" count="5" type="stmt"/>
        <line num="389" count="5" type="stmt"/>
        <line num="390" count="5" type="stmt"/>
        <line num="391" count="5" type="stmt"/>
        <line num="393" count="5" type="stmt"/>
        <line num="400" count="5" type="stmt"/>
      </file>
      <file name="score-utils.ts" path="/Users/kdye/Sites/volleyball-stats-mobile/src/lib/score-utils.ts">
        <metrics statements="76" coveredstatements="76" conditionals="52" coveredconditionals="52" methods="12" coveredmethods="12"/>
        <line num="4" count="1" type="stmt"/>
        <line num="7" count="1" type="stmt"/>
        <line num="10" count="1" type="stmt"/>
        <line num="35" count="1" type="stmt"/>
        <line num="36" count="86" type="stmt"/>
        <line num="42" count="1" type="stmt"/>
        <line num="43" count="44" type="stmt"/>
        <line num="49" count="1" type="stmt"/>
        <line num="50" count="13" type="stmt"/>
        <line num="57" count="1" type="stmt"/>
        <line num="61" count="80" type="stmt"/>
        <line num="62" count="80" type="stmt"/>
        <line num="64" count="80" type="cond" truecount="2" falsecount="0"/>
        <line num="65" count="39" type="cond" truecount="2" falsecount="0"/>
        <line num="66" count="24" type="stmt"/>
        <line num="68" count="15" type="stmt"/>
        <line num="70" count="41" type="cond" truecount="2" falsecount="0"/>
        <line num="72" count="18" type="cond" truecount="2" falsecount="0"/>
        <line num="73" count="13" type="stmt"/>
        <line num="75" count="5" type="stmt"/>
        <line num="79" count="80" type="stmt"/>
        <line num="86" count="1" type="stmt"/>
        <line num="91" count="9" type="stmt"/>
        <line num="93" count="9" type="stmt"/>
        <line num="94" count="18" type="stmt"/>
        <line num="97" count="18" type="cond" truecount="4" falsecount="0"/>
        <line num="98" count="4" type="stmt"/>
        <line num="99" count="14" type="cond" truecount="4" falsecount="0"/>
        <line num="100" count="3" type="stmt"/>
        <line num="104" count="9" type="stmt"/>
        <line num="111" count="1" type="stmt"/>
        <line num="116" count="7" type="stmt"/>
        <line num="117" count="7" type="stmt"/>
        <line num="119" count="7" type="stmt"/>
        <line num="120" count="19" type="stmt"/>
        <line num="123" count="19" type="cond" truecount="4" falsecount="0"/>
        <line num="124" count="6" type="stmt"/>
        <line num="125" count="6" type="stmt"/>
        <line num="126" count="13" type="cond" truecount="4" falsecount="0"/>
        <line num="127" count="5" type="stmt"/>
        <line num="131" count="7" type="stmt"/>
        <line num="138" count="1" type="stmt"/>
        <line num="143" count="5" type="stmt"/>
        <line num="144" count="5" type="stmt"/>
        <line num="146" count="5" type="stmt"/>
        <line num="147" count="14" type="stmt"/>
        <line num="150" count="14" type="cond" truecount="4" falsecount="0"/>
        <line num="151" count="4" type="stmt"/>
        <line num="152" count="4" type="stmt"/>
        <line num="153" count="10" type="cond" truecount="4" falsecount="0"/>
        <line num="154" count="2" type="stmt"/>
        <line num="158" count="5" type="stmt"/>
        <line num="164" count="1" type="stmt"/>
        <line num="168" count="7" type="stmt"/>
        <line num="169" count="7" type="stmt"/>
        <line num="171" count="7" type="stmt"/>
        <line num="172" count="22" type="stmt"/>
        <line num="173" count="22" type="cond" truecount="2" falsecount="0"/>
        <line num="174" count="22" type="cond" truecount="2" falsecount="0"/>
        <line num="177" count="7" type="stmt"/>
        <line num="184" count="1" type="stmt"/>
        <line num="189" count="21" type="cond" truecount="2" falsecount="0"/>
        <line num="190" count="21" type="stmt"/>
        <line num="191" count="21" type="stmt"/>
        <line num="194" count="21" type="cond" truecount="2" falsecount="0"/>
        <line num="200" count="1" type="stmt"/>
        <line num="207" count="6" type="cond" truecount="2" falsecount="0"/>
        <line num="208" count="2" type="stmt"/>
        <line num="210" count="4" type="cond" truecount="2" falsecount="0"/>
        <line num="216" count="1" type="stmt"/>
        <line num="221" count="22" type="cond" truecount="2" falsecount="0"/>
        <line num="222" count="22" type="cond" truecount="2" falsecount="0"/>
        <line num="228" count="1" type="stmt"/>
        <line num="235" count="6" type="cond" truecount="2" falsecount="0"/>
        <line num="236" count="2" type="stmt"/>
        <line num="238" count="4" type="cond" truecount="2" falsecount="0"/>
      </file>
      <file name="stats-aggregation.ts" path="/Users/kdye/Sites/volleyball-stats-mobile/src/lib/stats-aggregation.ts">
        <metrics statements="94" coveredstatements="94" conditionals="45" coveredconditionals="36" methods="20" coveredmethods="20"/>
        <line num="3" count="1" type="stmt"/>
        <line num="55" count="1" type="stmt"/>
        <line num="58" count="5" type="stmt"/>
        <line num="60" count="5" type="stmt"/>
        <line num="61" count="21" type="cond" truecount="2" falsecount="0"/>
        <line num="62" count="19" type="cond" truecount="2" falsecount="0"/>
        <line num="63" count="19" type="stmt"/>
        <line num="64" count="19" type="stmt"/>
        <line num="68" count="5" type="stmt"/>
        <line num="74" count="1" type="stmt"/>
        <line num="75" count="2" type="stmt"/>
        <line num="77" count="2" type="stmt"/>
        <line num="78" count="11" type="cond" truecount="2" falsecount="0"/>
        <line num="79" count="10" type="cond" truecount="2" falsecount="0"/>
        <line num="80" count="10" type="stmt"/>
        <line num="81" count="10" type="stmt"/>
        <line num="85" count="2" type="stmt"/>
        <line num="91" count="1" type="stmt"/>
        <line num="95" count="7" type="stmt"/>
        <line num="96" count="7" type="stmt"/>
        <line num="97" count="7" type="stmt"/>
        <line num="98" count="7" type="stmt"/>
        <line num="99" count="7" type="stmt"/>
        <line num="106" count="7" type="stmt"/>
        <line num="120" count="1" type="stmt"/>
        <line num="121" count="2" type="stmt"/>
        <line num="122" count="2" type="stmt"/>
        <line num="124" count="2" type="stmt"/>
        <line num="125" count="5" type="stmt"/>
        <line num="128" count="2" type="stmt"/>
        <line num="134" count="1" type="stmt"/>
        <line num="138" count="1" type="stmt"/>
        <line num="139" count="1" type="stmt"/>
        <line num="140" count="1" type="stmt"/>
        <line num="141" count="1" type="stmt"/>
        <line num="142" count="1" type="stmt"/>
        <line num="149" count="1" type="stmt"/>
        <line num="163" count="1" type="stmt"/>
        <line num="164" count="27" type="stmt"/>
        <line num="170" count="1" type="stmt"/>
        <line num="171" count="18" type="stmt"/>
        <line num="177" count="1" type="stmt"/>
        <line num="178" count="2" type="stmt"/>
        <line num="180" count="2" type="stmt"/>
        <line num="181" count="9" type="cond" truecount="2" falsecount="0"/>
        <line num="182" count="9" type="stmt"/>
        <line num="185" count="2" type="stmt"/>
        <line num="191" count="1" type="stmt"/>
        <line num="192" count="1" type="stmt"/>
        <line num="194" count="1" type="stmt"/>
        <line num="195" count="9" type="cond" truecount="2" falsecount="0"/>
        <line num="196" count="9" type="stmt"/>
        <line num="199" count="1" type="stmt"/>
        <line num="205" count="1" type="stmt"/>
        <line num="210" count="4" type="stmt"/>
        <line num="211" count="12" type="cond" truecount="2" falsecount="0"/>
        <line num="212" count="3" type="stmt"/>
        <line num="214" count="9" type="stmt"/>
        <line num="217" count="4" type="stmt"/>
        <line num="218" count="10" type="cond" truecount="2" falsecount="0"/>
        <line num="219" count="3" type="cond" truecount="2" falsecount="2"/>
        <line num="221" count="7" type="cond" truecount="2" falsecount="2"/>
        <line num="224" count="4" type="stmt"/>
        <line num="230" count="1" type="stmt"/>
        <line num="235" count="4" type="stmt"/>
        <line num="241" count="1" type="stmt"/>
        <line num="248" count="1" type="stmt"/>
        <line num="249" count="1" type="stmt"/>
        <line num="250" count="1" type="stmt"/>
        <line num="251" count="1" type="stmt"/>
        <line num="252" count="1" type="stmt"/>
        <line num="254" count="1" type="stmt"/>
        <line num="255" count="2" type="stmt"/>
        <line num="256" count="2" type="stmt"/>
        <line num="257" count="2" type="stmt"/>
        <line num="261" count="2" type="stmt"/>
        <line num="262" count="2" type="stmt"/>
        <line num="265" count="1" type="stmt"/>
        <line num="277" count="1" type="stmt"/>
        <line num="282" count="4" type="cond" truecount="2" falsecount="0"/>
        <line num="283" count="3" type="stmt"/>
        <line num="289" count="1" type="stmt"/>
        <line num="294" count="3" type="cond" truecount="2" falsecount="0"/>
        <line num="295" count="1" type="cond" truecount="2" falsecount="2"/>
        <line num="297" count="2" type="cond" truecount="2" falsecount="2"/>
        <line num="303" count="1" type="stmt"/>
        <line num="304" count="2" type="stmt"/>
        <line num="306" count="2" type="cond" truecount="2" falsecount="0"/>
        <line num="307" count="1" type="stmt"/>
        <line num="309" count="2" type="cond" truecount="2" falsecount="0"/>
        <line num="310" count="1" type="stmt"/>
        <line num="312" count="2" type="cond" truecount="2" falsecount="0"/>
        <line num="313" count="1" type="stmt"/>
        <line num="316" count="2" type="cond" truecount="2" falsecount="0"/>
      </file>
      <file name="substitution-rules.ts" path="/Users/kdye/Sites/volleyball-stats-mobile/src/lib/substitution-rules.ts">
        <metrics statements="32" coveredstatements="31" conditionals="10" coveredconditionals="10" methods="8" coveredmethods="7"/>
        <line num="3" count="2" type="stmt"/>
        <line num="12" count="2" type="stmt"/>
        <line num="13" count="26" type="stmt"/>
        <line num="16" count="2" type="stmt"/>
        <line num="17" count="19" type="stmt"/>
        <line num="20" count="2" type="stmt"/>
        <line num="25" count="11" type="cond" truecount="2" falsecount="0"/>
        <line num="26" count="4" type="stmt"/>
        <line num="29" count="7" type="cond" truecount="2" falsecount="0"/>
        <line num="30" count="2" type="stmt"/>
        <line num="36" count="5" type="cond" truecount="2" falsecount="0"/>
        <line num="37" count="3" type="stmt"/>
        <line num="43" count="2" type="stmt"/>
        <line num="46" count="2" type="stmt"/>
        <line num="47" count="6" type="cond" truecount="2" falsecount="0"/>
        <line num="48" count="3" type="stmt"/>
        <line num="53" count="3" type="stmt"/>
        <line num="64" count="2" type="stmt"/>
        <line num="67" count="14" type="stmt"/>
        <line num="84" count="2" type="stmt"/>
        <line num="87" count="0" type="stmt"/>
        <line num="100" count="2" type="stmt"/>
        <line num="106" count="8" type="stmt"/>
        <line num="109" count="8" type="stmt"/>
        <line num="110" count="8" type="stmt"/>
        <line num="111" count="6" type="stmt"/>
        <line num="114" count="8" type="stmt"/>
        <line num="121" count="2" type="stmt"/>
        <line num="125" count="7" type="cond" truecount="2" falsecount="0"/>
        <line num="134" count="5" type="stmt"/>
        <line num="143" count="5" type="stmt"/>
        <line num="144" count="5" type="stmt"/>
      </file>
      <file name="validation-utils.ts" path="/Users/kdye/Sites/volleyball-stats-mobile/src/lib/validation-utils.ts">
        <metrics statements="73" coveredstatements="73" conditionals="63" coveredconditionals="63" methods="21" coveredmethods="21"/>
        <line num="6" count="1" type="stmt"/>
        <line num="7" count="8" type="stmt"/>
        <line num="8" count="8" type="stmt"/>
        <line num="14" count="1" type="stmt"/>
        <line num="15" count="10" type="cond" truecount="3" falsecount="0"/>
        <line num="21" count="1" type="stmt"/>
        <line num="22" count="5" type="cond" truecount="2" falsecount="0"/>
        <line num="28" count="1" type="stmt"/>
        <line num="29" count="6" type="cond" truecount="3" falsecount="0"/>
        <line num="35" count="1" type="stmt"/>
        <line num="36" count="6" type="cond" truecount="3" falsecount="0"/>
        <line num="42" count="1" type="stmt"/>
        <line num="43" count="99" type="cond" truecount="2" falsecount="0"/>
        <line num="49" count="1" type="stmt"/>
        <line num="50" count="17" type="cond" truecount="2" falsecount="0"/>
        <line num="51" count="15" type="stmt"/>
        <line num="52" count="15" type="stmt"/>
        <line num="58" count="1" type="stmt"/>
        <line num="59" count="11" type="cond" truecount="2" falsecount="0"/>
        <line num="60" count="8" type="cond" truecount="2" falsecount="0"/>
        <line num="66" count="1" type="stmt"/>
        <line num="67" count="10" type="cond" truecount="2" falsecount="0"/>
        <line num="68" count="9" type="stmt"/>
        <line num="69" count="9" type="stmt"/>
        <line num="75" count="1" type="stmt"/>
        <line num="76" count="47" type="stmt"/>
        <line num="82" count="1" type="stmt"/>
        <line num="83" count="6" type="cond" truecount="2" falsecount="0"/>
        <line num="84" count="5" type="stmt"/>
        <line num="85" count="5" type="stmt"/>
        <line num="91" count="1" type="stmt"/>
        <line num="92" count="5" type="cond" truecount="2" falsecount="0"/>
        <line num="93" count="5" type="cond" truecount="2" falsecount="0"/>
        <line num="95" count="4" type="stmt"/>
        <line num="96" count="4" type="stmt"/>
        <line num="97" count="4" type="stmt"/>
        <line num="103" count="1" type="stmt"/>
        <line num="104" count="6" type="cond" truecount="2" falsecount="0"/>
        <line num="110" count="1" type="stmt"/>
        <line num="113" count="4" type="stmt"/>
        <line num="114" count="24" type="cond" truecount="2" falsecount="0"/>
        <line num="115" count="3" type="stmt"/>
        <line num="118" count="1" type="stmt"/>
        <line num="124" count="1" type="stmt"/>
        <line num="127" count="3" type="stmt"/>
        <line num="128" count="3" type="stmt"/>
        <line num="129" count="3" type="stmt"/>
        <line num="135" count="1" type="stmt"/>
        <line num="139" count="8" type="cond" truecount="3" falsecount="0"/>
        <line num="145" count="1" type="stmt"/>
        <line num="148" count="4" type="cond" truecount="2" falsecount="0"/>
        <line num="154" count="1" type="stmt"/>
        <line num="157" count="6" type="stmt"/>
        <line num="163" count="1" type="stmt"/>
        <line num="172" count="11" type="stmt"/>
        <line num="190" count="1" type="stmt"/>
        <line num="196" count="5" type="stmt"/>
        <line num="198" count="5" type="cond" truecount="4" falsecount="0"/>
        <line num="199" count="1" type="stmt"/>
        <line num="202" count="5" type="cond" truecount="4" falsecount="0"/>
        <line num="203" count="1" type="stmt"/>
        <line num="206" count="5" type="cond" truecount="4" falsecount="0"/>
        <line num="207" count="1" type="stmt"/>
        <line num="210" count="5" type="cond" truecount="2" falsecount="0"/>
        <line num="215" count="1" type="stmt"/>
        <line num="218" count="5" type="stmt"/>
        <line num="227" count="1" type="stmt"/>
        <line num="231" count="4" type="stmt"/>
        <line num="233" count="4" type="cond" truecount="4" falsecount="0"/>
        <line num="234" count="1" type="stmt"/>
        <line num="237" count="4" type="cond" truecount="2" falsecount="0"/>
        <line num="242" count="1" type="stmt"/>
        <line num="245" count="4" type="stmt"/>
      </file>
    </package>
    <package name="types">
      <metrics statements="1" coveredstatements="1" conditionals="0" coveredconditionals="0" methods="0" coveredmethods="0"/>
      <file name="stats.ts" path="/Users/kdye/Sites/volleyball-stats-mobile/src/types/stats.ts">
        <metrics statements="1" coveredstatements="1" conditionals="0" coveredconditionals="0" methods="0" coveredmethods="0"/>
        <line num="105" count="2" type="stmt"/>
      </file>
    </package>
  </project>
</coverage>
