{"total": {"lines":{"total":959,"covered":821,"skipped":0,"pct":85.61},"statements":{"total":1027,"covered":875,"skipped":0,"pct":85.19},"functions":{"total":243,"covered":206,"skipped":0,"pct":84.77},"branches":{"total":531,"covered":387,"skipped":0,"pct":72.88},"branchesTrue":{"total":0,"covered":0,"skipped":0,"pct":100}}
,"/Users/kdye/Sites/volleyball-stats-mobile/src/lib/api.ts": {"lines":{"total":52,"covered":42,"skipped":0,"pct":80.76},"functions":{"total":13,"covered":6,"skipped":0,"pct":46.15},"statements":{"total":52,"covered":42,"skipped":0,"pct":80.76},"branches":{"total":27,"covered":17,"skipped":0,"pct":62.96}}
,"/Users/kdye/Sites/volleyball-stats-mobile/src/lib/config.ts": {"lines":{"total":11,"covered":0,"skipped":0,"pct":0},"functions":{"total":1,"covered":0,"skipped":0,"pct":0},"statements":{"total":13,"covered":0,"skipped":0,"pct":0},"branches":{"total":4,"covered":0,"skipped":0,"pct":0}}
,"/Users/kdye/Sites/volleyball-stats-mobile/src/lib/database.ts": {"lines":{"total":128,"covered":18,"skipped":0,"pct":14.06},"functions":{"total":29,"covered":1,"skipped":0,"pct":3.44},"statements":{"total":139,"covered":18,"skipped":0,"pct":12.94},"branches":{"total":111,"covered":0,"skipped":0,"pct":0}}
,"/Users/kdye/Sites/volleyball-stats-mobile/src/lib/format-utils.ts": {"lines":{"total":75,"covered":72,"skipped":0,"pct":96},"functions":{"total":17,"covered":17,"skipped":0,"pct":100},"statements":{"total":77,"covered":74,"skipped":0,"pct":96.1},"branches":{"total":57,"covered":53,"skipped":0,"pct":92.98}}
,"/Users/kdye/Sites/volleyball-stats-mobile/src/lib/lineup-utils.ts": {"lines":{"total":87,"covered":87,"skipped":0,"pct":100},"functions":{"total":43,"covered":43,"skipped":0,"pct":100},"statements":{"total":107,"covered":107,"skipped":0,"pct":100},"branches":{"total":30,"covered":28,"skipped":0,"pct":93.33}}
,"/Users/kdye/Sites/volleyball-stats-mobile/src/lib/localStorage.ts": {"lines":{"total":54,"covered":51,"skipped":0,"pct":94.44},"functions":{"total":21,"covered":21,"skipped":0,"pct":100},"statements":{"total":62,"covered":59,"skipped":0,"pct":95.16},"branches":{"total":18,"covered":18,"skipped":0,"pct":100}}
,"/Users/kdye/Sites/volleyball-stats-mobile/src/lib/offlineQueue.ts": {"lines":{"total":35,"covered":35,"skipped":0,"pct":100},"functions":{"total":8,"covered":8,"skipped":0,"pct":100},"statements":{"total":36,"covered":36,"skipped":0,"pct":100},"branches":{"total":4,"covered":4,"skipped":0,"pct":100}}
,"/Users/kdye/Sites/volleyball-stats-mobile/src/lib/offlineSync.ts": {"lines":{"total":32,"covered":32,"skipped":0,"pct":100},"functions":{"total":4,"covered":4,"skipped":0,"pct":100},"statements":{"total":33,"covered":33,"skipped":0,"pct":100},"branches":{"total":6,"covered":6,"skipped":0,"pct":100}}
,"/Users/kdye/Sites/volleyball-stats-mobile/src/lib/permissions.ts": {"lines":{"total":21,"covered":21,"skipped":0,"pct":100},"functions":{"total":8,"covered":8,"skipped":0,"pct":100},"statements":{"total":21,"covered":21,"skipped":0,"pct":100},"branches":{"total":5,"covered":5,"skipped":0,"pct":100}}
,"/Users/kdye/Sites/volleyball-stats-mobile/src/lib/play-validation.ts": {"lines":{"total":42,"covered":42,"skipped":0,"pct":100},"functions":{"total":11,"covered":11,"skipped":0,"pct":100},"statements":{"total":43,"covered":42,"skipped":0,"pct":97.67},"branches":{"total":22,"covered":18,"skipped":0,"pct":81.81}}
,"/Users/kdye/Sites/volleyball-stats-mobile/src/lib/queryClient.ts": {"lines":{"total":8,"covered":8,"skipped":0,"pct":100},"functions":{"total":2,"covered":2,"skipped":0,"pct":100},"statements":{"total":9,"covered":9,"skipped":0,"pct":100},"branches":{"total":4,"covered":4,"skipped":0,"pct":100}}
,"/Users/kdye/Sites/volleyball-stats-mobile/src/lib/queryPersister.ts": {"lines":{"total":15,"covered":15,"skipped":0,"pct":100},"functions":{"total":4,"covered":4,"skipped":0,"pct":100},"statements":{"total":15,"covered":15,"skipped":0,"pct":100},"branches":{"total":2,"covered":2,"skipped":0,"pct":100}}
,"/Users/kdye/Sites/volleyball-stats-mobile/src/lib/rating-calculations.ts": {"lines":{"total":123,"covered":123,"skipped":0,"pct":100},"functions":{"total":21,"covered":21,"skipped":0,"pct":100},"statements":{"total":130,"covered":130,"skipped":0,"pct":100},"branches":{"total":71,"covered":71,"skipped":0,"pct":100}}
,"/Users/kdye/Sites/volleyball-stats-mobile/src/lib/score-utils.ts": {"lines":{"total":76,"covered":76,"skipped":0,"pct":100},"functions":{"total":12,"covered":12,"skipped":0,"pct":100},"statements":{"total":78,"covered":78,"skipped":0,"pct":100},"branches":{"total":52,"covered":52,"skipped":0,"pct":100}}
,"/Users/kdye/Sites/volleyball-stats-mobile/src/lib/stats-aggregation.ts": {"lines":{"total":94,"covered":94,"skipped":0,"pct":100},"functions":{"total":20,"covered":20,"skipped":0,"pct":100},"statements":{"total":98,"covered":98,"skipped":0,"pct":100},"branches":{"total":45,"covered":36,"skipped":0,"pct":80}}
,"/Users/kdye/Sites/volleyball-stats-mobile/src/lib/substitution-rules.ts": {"lines":{"total":32,"covered":31,"skipped":0,"pct":96.87},"functions":{"total":8,"covered":7,"skipped":0,"pct":87.5},"statements":{"total":34,"covered":33,"skipped":0,"pct":97.05},"branches":{"total":10,"covered":10,"skipped":0,"pct":100}}
,"/Users/kdye/Sites/volleyball-stats-mobile/src/lib/validation-utils.ts": {"lines":{"total":73,"covered":73,"skipped":0,"pct":100},"functions":{"total":21,"covered":21,"skipped":0,"pct":100},"statements":{"total":79,"covered":79,"skipped":0,"pct":100},"branches":{"total":63,"covered":63,"skipped":0,"pct":100}}
,"/Users/kdye/Sites/volleyball-stats-mobile/src/types/stats.ts": {"lines":{"total":1,"covered":1,"skipped":0,"pct":100},"functions":{"total":0,"covered":0,"skipped":0,"pct":100},"statements":{"total":1,"covered":1,"skipped":0,"pct":100},"branches":{"total":0,"covered":0,"skipped":0,"pct":100}}
}
