{"/Users/kdye/Sites/volleyball-stats-mobile/src/lib/api.ts": {"path":"/Users/kdye/Sites/volleyball-stats-mobile/src/lib/api.ts","statementMap":{"0":{"start":{"line":37,"column":0},"end":{"line":37,"column":7}},"1":{"start":{"line":48,"column":0},"end":{"line":48,"column":7}},"2":{"start":{"line":55,"column":0},"end":{"line":55,"column":7}},"3":{"start":{"line":62,"column":0},"end":{"line":62,"column":16}},"4":{"start":{"line":76,"column":0},"end":{"line":76,"column":7}},"5":{"start":{"line":6,"column":0},"end":{"line":6,"column":49}},"6":{"start":{"line":7,"column":0},"end":{"line":7,"column":41}},"7":{"start":{"line":9,"column":21},"end":{"line":9,"column":34}},"8":{"start":{"line":10,"column":23},"end":{"line":10,"column":35}},"9":{"start":{"line":11,"column":26},"end":{"line":11,"column":41}},"10":{"start":{"line":14,"column":19},"end":{"line":18,"column":1}},"11":{"start":{"line":15,"column":2},"end":{"line":17,"column":3}},"12":{"start":{"line":16,"column":4},"end":{"line":16,"column":42}},"13":{"start":{"line":29,"column":4},"end":{"line":29,"column":19}},"14":{"start":{"line":26,"column":11},"end":{"line":26,"column":25}},"15":{"start":{"line":27,"column":11},"end":{"line":27,"column":25}},"16":{"start":{"line":30,"column":4},"end":{"line":30,"column":27}},"17":{"start":{"line":23,"column":0},"end":{"line":23,"column":13}},"18":{"start":{"line":38,"column":2},"end":{"line":42,"column":3}},"19":{"start":{"line":39,"column":4},"end":{"line":39,"column":58}},"20":{"start":{"line":41,"column":4},"end":{"line":41,"column":16}},"21":{"start":{"line":49,"column":2},"end":{"line":49,"column":56}},"22":{"start":{"line":56,"column":2},"end":{"line":56,"column":52}},"23":{"start":{"line":63,"column":23},"end":{"line":63,"column":44}},"24":{"start":{"line":64,"column":2},"end":{"line":68,"column":5}},"25":{"start":{"line":65,"column":4},"end":{"line":67,"column":5}},"26":{"start":{"line":66,"column":6},"end":{"line":66,"column":46}},"27":{"start":{"line":69,"column":22},"end":{"line":69,"column":45}},"28":{"start":{"line":70,"column":2},"end":{"line":70,"column":46}},"29":{"start":{"line":80,"column":16},"end":{"line":80,"column":36}},"30":{"start":{"line":82,"column":31},"end":{"line":85,"column":4}},"31":{"start":{"line":87,"column":2},"end":{"line":89,"column":3}},"32":{"start":{"line":88,"column":5},"end":{"line":88,"column":77}},"33":{"start":{"line":91,"column":14},"end":{"line":91,"column":42}},"34":{"start":{"line":92,"column":2},"end":{"line":92,"column":43}},"35":{"start":{"line":94,"column":19},"end":{"line":97,"column":4}},"36":{"start":{"line":100,"column":22},"end":{"line":100,"column":58}},"37":{"start":{"line":101,"column":2},"end":{"line":109,"column":3}},"38":{"start":{"line":102,"column":4},"end":{"line":107,"column":5}},"39":{"start":{"line":103,"column":6},"end":{"line":106,"column":8}},"40":{"start":{"line":108,"column":4},"end":{"line":108,"column":19}},"41":{"start":{"line":111,"column":15},"end":{"line":111,"column":36}},"42":{"start":{"line":113,"column":2},"end":{"line":119,"column":3}},"43":{"start":{"line":114,"column":4},"end":{"line":118,"column":6}},"44":{"start":{"line":121,"column":2},"end":{"line":121,"column":19}},"45":{"start":{"line":127,"column":13},"end":{"line":157,"column":2}},"46":{"start":{"line":129,"column":24},"end":{"line":129,"column":62}},"47":{"start":{"line":130,"column":4},"end":{"line":130,"column":52}},"48":{"start":{"line":134,"column":4},"end":{"line":137,"column":7}},"49":{"start":{"line":141,"column":4},"end":{"line":144,"column":7}},"50":{"start":{"line":148,"column":4},"end":{"line":151,"column":7}},"51":{"start":{"line":155,"column":4},"end":{"line":155,"column":55}}},"fnMap":{"0":{"name":"(anonymous_9)","decl":{"start":{"line":14,"column":19},"end":{"line":14,"column":20}},"loc":{"start":{"line":14,"column":51},"end":{"line":18,"column":1}}},"1":{"name":"(anonymous_10)","decl":{"start":{"line":24,"column":2},"end":{"line":24,"column":null}},"loc":{"start":{"line":27,"column":25},"end":{"line":31,"column":3}}},"2":{"name":"getAuthToken","decl":{"start":{"line":37,"column":22},"end":{"line":37,"column":34}},"loc":{"start":{"line":37,"column":34},"end":{"line":43,"column":1}}},"3":{"name":"setAuthToken","decl":{"start":{"line":48,"column":22},"end":{"line":48,"column":34}},"loc":{"start":{"line":48,"column":48},"end":{"line":50,"column":1}}},"4":{"name":"clearAuthToken","decl":{"start":{"line":55,"column":22},"end":{"line":55,"column":36}},"loc":{"start":{"line":55,"column":36},"end":{"line":57,"column":1}}},"5":{"name":"buildQueryString","decl":{"start":{"line":62,"column":16},"end":{"line":62,"column":32}},"loc":{"start":{"line":62,"column":94},"end":{"line":71,"column":1}}},"6":{"name":"(anonymous_15)","decl":{"start":{"line":64,"column":33},"end":{"line":64,"column":34}},"loc":{"start":{"line":64,"column":50},"end":{"line":68,"column":3}}},"7":{"name":"fetchApi","decl":{"start":{"line":76,"column":22},"end":{"line":76,"column":30}},"loc":{"start":{"line":78,"column":27},"end":{"line":122,"column":1}}},"8":{"name":"(anonymous_17)","decl":{"start":{"line":128,"column":7},"end":{"line":128,"column":11}},"loc":{"start":{"line":128,"column":95},"end":{"line":131,"column":3}}},"9":{"name":"(anonymous_18)","decl":{"start":{"line":133,"column":8},"end":{"line":133,"column":12}},"loc":{"start":{"line":133,"column":48},"end":{"line":138,"column":3}}},"10":{"name":"(anonymous_19)","decl":{"start":{"line":140,"column":7},"end":{"line":140,"column":11}},"loc":{"start":{"line":140,"column":47},"end":{"line":145,"column":3}}},"11":{"name":"(anonymous_20)","decl":{"start":{"line":147,"column":9},"end":{"line":147,"column":13}},"loc":{"start":{"line":147,"column":49},"end":{"line":152,"column":3}}},"12":{"name":"(anonymous_21)","decl":{"start":{"line":154,"column":10},"end":{"line":154,"column":14}},"loc":{"start":{"line":154,"column":34},"end":{"line":156,"column":3}}}},"branchMap":{"0":{"loc":{"start":{"line":15,"column":2},"end":{"line":17,"column":3}},"type":"if","locations":[{"start":{"line":15,"column":2},"end":{"line":17,"column":3}},{"start":{},"end":{}}]},"1":{"loc":{"start":{"line":65,"column":4},"end":{"line":67,"column":5}},"type":"if","locations":[{"start":{"line":65,"column":4},"end":{"line":67,"column":5}},{"start":{},"end":{}}]},"2":{"loc":{"start":{"line":70,"column":9},"end":{"line":70,"column":45}},"type":"cond-expr","locations":[{"start":{"line":70,"column":23},"end":{"line":70,"column":40}},{"start":{"line":70,"column":43},"end":{"line":70,"column":45}}]},"3":{"loc":{"start":{"line":78,"column":2},"end":{"line":78,"column":27}},"type":"default-arg","locations":[{"start":{"line":78,"column":25},"end":{"line":78,"column":27}}]},"4":{"loc":{"start":{"line":87,"column":2},"end":{"line":89,"column":3}},"type":"if","locations":[{"start":{"line":87,"column":2},"end":{"line":89,"column":3}},{"start":{},"end":{}}]},"5":{"loc":{"start":{"line":92,"column":13},"end":{"line":92,"column":36}},"type":"binary-expr","locations":[{"start":{"line":92,"column":13},"end":{"line":92,"column":27}},{"start":{"line":92,"column":31},"end":{"line":92,"column":36}}]},"6":{"loc":{"start":{"line":101,"column":2},"end":{"line":109,"column":3}},"type":"if","locations":[{"start":{"line":101,"column":2},"end":{"line":109,"column":3}},{"start":{},"end":{}}]},"7":{"loc":{"start":{"line":102,"column":4},"end":{"line":107,"column":5}},"type":"if","locations":[{"start":{"line":102,"column":4},"end":{"line":107,"column":5}},{"start":{},"end":{}}]},"8":{"loc":{"start":{"line":113,"column":2},"end":{"line":119,"column":3}},"type":"if","locations":[{"start":{"line":113,"column":2},"end":{"line":119,"column":3}},{"start":{},"end":{}}]},"9":{"loc":{"start":{"line":115,"column":6},"end":{"line":115,"column":51}},"type":"binary-expr","locations":[{"start":{"line":115,"column":6},"end":{"line":115,"column":16}},{"start":{"line":115,"column":20},"end":{"line":115,"column":51}}]},"10":{"loc":{"start":{"line":129,"column":24},"end":{"line":129,"column":62}},"type":"cond-expr","locations":[{"start":{"line":129,"column":33},"end":{"line":129,"column":57}},{"start":{"line":129,"column":60},"end":{"line":129,"column":62}}]},"11":{"loc":{"start":{"line":136,"column":12},"end":{"line":136,"column":51}},"type":"cond-expr","locations":[{"start":{"line":136,"column":19},"end":{"line":136,"column":39}},{"start":{"line":136,"column":42},"end":{"line":136,"column":51}}]},"12":{"loc":{"start":{"line":143,"column":12},"end":{"line":143,"column":51}},"type":"cond-expr","locations":[{"start":{"line":143,"column":19},"end":{"line":143,"column":39}},{"start":{"line":143,"column":42},"end":{"line":143,"column":51}}]},"13":{"loc":{"start":{"line":150,"column":12},"end":{"line":150,"column":51}},"type":"cond-expr","locations":[{"start":{"line":150,"column":19},"end":{"line":150,"column":39}},{"start":{"line":150,"column":42},"end":{"line":150,"column":51}}]}},"s":{"0":1,"1":1,"2":1,"3":1,"4":1,"5":1,"6":1,"7":1,"8":1,"9":1,"10":1,"11":11,"12":0,"13":7,"14":7,"15":7,"16":7,"17":1,"18":11,"19":11,"20":0,"21":0,"22":0,"23":12,"24":12,"25":19,"26":15,"27":12,"28":12,"29":11,"30":11,"31":11,"32":1,"33":11,"34":11,"35":11,"36":11,"37":11,"38":2,"39":1,"40":1,"41":9,"42":9,"43":2,"44":7,"45":1,"46":0,"47":0,"48":0,"49":0,"50":0,"51":0},"f":{"0":11,"1":7,"2":11,"3":0,"4":0,"5":12,"6":19,"7":11,"8":0,"9":0,"10":0,"11":0,"12":0},"b":{"0":[0,11],"1":[15,4],"2":[10,2],"3":[7],"4":[1,10],"5":[11,8],"6":[2,9],"7":[1,1],"8":[2,7],"9":[2,0],"10":[0,0],"11":[0,0],"12":[0,0],"13":[0,0]}}
,"/Users/kdye/Sites/volleyball-stats-mobile/src/lib/config.ts": {"path":"/Users/kdye/Sites/volleyball-stats-mobile/src/lib/config.ts","statementMap":{"0":{"start":{"line":6,"column":0},"end":{"line":6,"column":39}},"1":{"start":{"line":12,"column":23},"end":{"line":20,"column":1}},"2":{"start":{"line":13,"column":25},"end":{"line":13,"column":68}},"3":{"start":{"line":15,"column":2},"end":{"line":15,"column":59}},"4":{"start":{"line":15,"column":39},"end":{"line":15,"column":59}},"5":{"start":{"line":16,"column":2},"end":{"line":16,"column":53}},"6":{"start":{"line":16,"column":36},"end":{"line":16,"column":53}},"7":{"start":{"line":19,"column":2},"end":{"line":19,"column":23}},"8":{"start":{"line":23,"column":16},"end":{"line":38,"column":2}},"9":{"start":{"line":41,"column":13},"end":{"line":41,"column":36}},"10":{"start":{"line":44,"column":13},"end":{"line":44,"column":35}},"11":{"start":{"line":47,"column":13},"end":{"line":47,"column":43}},"12":{"start":{"line":48,"column":13},"end":{"line":48,"column":43}}},"fnMap":{"0":{"name":"(anonymous_1)","decl":{"start":{"line":12,"column":23},"end":{"line":12,"column":39}},"loc":{"start":{"line":12,"column":41},"end":{"line":20,"column":1}}}},"branchMap":{"0":{"loc":{"start":{"line":15,"column":2},"end":{"line":15,"column":59}},"type":"if","locations":[{"start":{"line":15,"column":2},"end":{"line":15,"column":59}},{"start":{},"end":{}}]},"1":{"loc":{"start":{"line":16,"column":2},"end":{"line":16,"column":53}},"type":"if","locations":[{"start":{"line":16,"column":2},"end":{"line":16,"column":53}},{"start":{},"end":{}}]}},"s":{"0":0,"1":0,"2":0,"3":0,"4":0,"5":0,"6":0,"7":0,"8":0,"9":0,"10":0,"11":0,"12":0},"f":{"0":0},"b":{"0":[0,0],"1":[0,0]}}
,"/Users/kdye/Sites/volleyball-stats-mobile/src/lib/database.ts": {"path":"/Users/kdye/Sites/volleyball-stats-mobile/src/lib/database.ts","statementMap":{"0":{"start":{"line":6,"column":0},"end":{"line":6,"column":7}},"1":{"start":{"line":224,"column":0},"end":{"line":224,"column":7}},"2":{"start":{"line":247,"column":0},"end":{"line":247,"column":7}},"3":{"start":{"line":272,"column":0},"end":{"line":272,"column":7}},"4":{"start":{"line":281,"column":0},"end":{"line":281,"column":7}},"5":{"start":{"line":288,"column":0},"end":{"line":288,"column":7}},"6":{"start":{"line":316,"column":0},"end":{"line":316,"column":7}},"7":{"start":{"line":341,"column":0},"end":{"line":341,"column":7}},"8":{"start":{"line":350,"column":0},"end":{"line":350,"column":7}},"9":{"start":{"line":357,"column":0},"end":{"line":357,"column":7}},"10":{"start":{"line":403,"column":0},"end":{"line":403,"column":7}},"11":{"start":{"line":546,"column":0},"end":{"line":546,"column":7}},"12":{"start":{"line":628,"column":0},"end":{"line":628,"column":7}},"13":{"start":{"line":636,"column":0},"end":{"line":636,"column":16}},"14":{"start":{"line":641,"column":0},"end":{"line":641,"column":7}},"15":{"start":{"line":1,"column":0},"end":{"line":1,"column":38}},"16":{"start":{"line":4,"column":39},"end":{"line":4,"column":43}},"17":{"start":{"line":7,"column":2},"end":{"line":10,"column":3}},"18":{"start":{"line":8,"column":4},"end":{"line":8,"column":63}},"19":{"start":{"line":9,"column":4},"end":{"line":9,"column":33}},"20":{"start":{"line":11,"column":2},"end":{"line":11,"column":12}},"21":{"start":{"line":16,"column":2},"end":{"line":27,"column":3}},"22":{"start":{"line":17,"column":22},"end":{"line":18,"column":null}},"23":{"start":{"line":20,"column":28},"end":{"line":20,"column":78}},"24":{"start":{"line":20,"column":50},"end":{"line":20,"column":77}},"25":{"start":{"line":21,"column":4},"end":{"line":24,"column":5}},"26":{"start":{"line":23,"column":6},"end":{"line":23,"column":81}},"27":{"start":{"line":31,"column":2},"end":{"line":33,"column":32}},"28":{"start":{"line":36,"column":2},"end":{"line":36,"column":32}},"29":{"start":{"line":38,"column":2},"end":{"line":139,"column":5}},"30":{"start":{"line":225,"column":13},"end":{"line":225,"column":32}},"31":{"start":{"line":226,"column":15},"end":{"line":234,"column":52}},"32":{"start":{"line":236,"column":2},"end":{"line":244,"column":6}},"33":{"start":{"line":236,"column":26},"end":{"line":244,"column":4}},"34":{"start":{"line":248,"column":13},"end":{"line":248,"column":32}},"35":{"start":{"line":249,"column":14},"end":{"line":257,"column":46}},"36":{"start":{"line":259,"column":2},"end":{"line":259,"column":24}},"37":{"start":{"line":259,"column":12},"end":{"line":259,"column":24}},"38":{"start":{"line":261,"column":2},"end":{"line":269,"column":4}},"39":{"start":{"line":273,"column":13},"end":{"line":273,"column":32}},"40":{"start":{"line":274,"column":2},"end":{"line":278,"column":4}},"41":{"start":{"line":282,"column":13},"end":{"line":282,"column":32}},"42":{"start":{"line":283,"column":2},"end":{"line":283,"column":60}},"43":{"start":{"line":289,"column":13},"end":{"line":289,"column":32}},"44":{"start":{"line":290,"column":16},"end":{"line":292,"column":45}},"45":{"start":{"line":293,"column":17},"end":{"line":293,"column":39}},"46":{"start":{"line":295,"column":15},"end":{"line":303,"column":19}},"47":{"start":{"line":305,"column":2},"end":{"line":313,"column":6}},"48":{"start":{"line":305,"column":26},"end":{"line":313,"column":4}},"49":{"start":{"line":317,"column":13},"end":{"line":317,"column":32}},"50":{"start":{"line":318,"column":14},"end":{"line":326,"column":48}},"51":{"start":{"line":328,"column":2},"end":{"line":328,"column":24}},"52":{"start":{"line":328,"column":12},"end":{"line":328,"column":24}},"53":{"start":{"line":330,"column":2},"end":{"line":338,"column":4}},"54":{"start":{"line":342,"column":13},"end":{"line":342,"column":32}},"55":{"start":{"line":343,"column":2},"end":{"line":347,"column":4}},"56":{"start":{"line":351,"column":13},"end":{"line":351,"column":32}},"57":{"start":{"line":352,"column":2},"end":{"line":352,"column":62}},"58":{"start":{"line":358,"column":13},"end":{"line":358,"column":32}},"59":{"start":{"line":359,"column":20},"end":{"line":373,"column":48}},"60":{"start":{"line":375,"column":32},"end":{"line":375,"column":34}},"61":{"start":{"line":377,"column":2},"end":{"line":398,"column":3}},"62":{"start":{"line":378,"column":17},"end":{"line":378,"column":43}},"63":{"start":{"line":379,"column":19},"end":{"line":379,"column":47}},"64":{"start":{"line":381,"column":4},"end":{"line":397,"column":7}},"65":{"start":{"line":400,"column":2},"end":{"line":400,"column":17}},"66":{"start":{"line":404,"column":13},"end":{"line":404,"column":32}},"67":{"start":{"line":405,"column":14},"end":{"line":419,"column":48}},"68":{"start":{"line":421,"column":2},"end":{"line":421,"column":24}},"69":{"start":{"line":421,"column":12},"end":{"line":421,"column":24}},"70":{"start":{"line":423,"column":15},"end":{"line":423,"column":41}},"71":{"start":{"line":424,"column":17},"end":{"line":424,"column":45}},"72":{"start":{"line":426,"column":2},"end":{"line":442,"column":4}},"73":{"start":{"line":446,"column":13},"end":{"line":446,"column":32}},"74":{"start":{"line":447,"column":18},"end":{"line":461,"column":76}},"75":{"start":{"line":463,"column":27},"end":{"line":463,"column":29}},"76":{"start":{"line":465,"column":2},"end":{"line":486,"column":3}},"77":{"start":{"line":466,"column":18},"end":{"line":466,"column":43}},"78":{"start":{"line":467,"column":27},"end":{"line":467,"column":61}},"79":{"start":{"line":469,"column":4},"end":{"line":485,"column":7}},"80":{"start":{"line":488,"column":2},"end":{"line":488,"column":14}},"81":{"start":{"line":492,"column":13},"end":{"line":492,"column":32}},"82":{"start":{"line":493,"column":15},"end":{"line":502,"column":72}},"83":{"start":{"line":504,"column":2},"end":{"line":513,"column":6}},"84":{"start":{"line":504,"column":26},"end":{"line":513,"column":4}},"85":{"start":{"line":517,"column":13},"end":{"line":517,"column":32}},"86":{"start":{"line":518,"column":15},"end":{"line":521,"column":81}},"87":{"start":{"line":523,"column":2},"end":{"line":526,"column":6}},"88":{"start":{"line":523,"column":26},"end":{"line":526,"column":4}},"89":{"start":{"line":530,"column":13},"end":{"line":530,"column":32}},"90":{"start":{"line":531,"column":15},"end":{"line":536,"column":64}},"91":{"start":{"line":538,"column":2},"end":{"line":543,"column":6}},"92":{"start":{"line":538,"column":26},"end":{"line":543,"column":4}},"93":{"start":{"line":547,"column":13},"end":{"line":547,"column":32}},"94":{"start":{"line":550,"column":2},"end":{"line":569,"column":4}},"95":{"start":{"line":572,"column":2},"end":{"line":572,"column":79}},"96":{"start":{"line":573,"column":2},"end":{"line":581,"column":3}},"97":{"start":{"line":574,"column":4},"end":{"line":580,"column":5}},"98":{"start":{"line":575,"column":6},"end":{"line":579,"column":8}},"99":{"start":{"line":584,"column":2},"end":{"line":625,"column":3}},"100":{"start":{"line":585,"column":4},"end":{"line":604,"column":6}},"101":{"start":{"line":607,"column":4},"end":{"line":607,"column":80}},"102":{"start":{"line":608,"column":4},"end":{"line":615,"column":5}},"103":{"start":{"line":609,"column":6},"end":{"line":614,"column":7}},"104":{"start":{"line":610,"column":8},"end":{"line":613,"column":10}},"105":{"start":{"line":618,"column":4},"end":{"line":624,"column":5}},"106":{"start":{"line":619,"column":6},"end":{"line":623,"column":8}},"107":{"start":{"line":629,"column":13},"end":{"line":629,"column":32}},"108":{"start":{"line":631,"column":2},"end":{"line":631,"column":62}},"109":{"start":{"line":637,"column":2},"end":{"line":637,"column":74}},"110":{"start":{"line":642,"column":23},"end":{"line":642,"column":101}},"111":{"start":{"line":642,"column":29},"end":{"line":642,"column":81}},"112":{"start":{"line":642,"column":91},"end":{"line":642,"column":100}},"113":{"start":{"line":644,"column":19},"end":{"line":644,"column":20}},"114":{"start":{"line":645,"column":21},"end":{"line":645,"column":22}},"115":{"start":{"line":646,"column":21},"end":{"line":646,"column":22}},"116":{"start":{"line":648,"column":2},"end":{"line":685,"column":3}},"117":{"start":{"line":650,"column":22},"end":{"line":650,"column":64}},"118":{"start":{"line":651,"column":4},"end":{"line":657,"column":5}},"119":{"start":{"line":652,"column":20},"end":{"line":652,"column":56}},"120":{"start":{"line":653,"column":6},"end":{"line":656,"column":7}},"121":{"start":{"line":654,"column":8},"end":{"line":654,"column":34}},"122":{"start":{"line":655,"column":8},"end":{"line":655,"column":21}},"123":{"start":{"line":660,"column":24},"end":{"line":660,"column":68}},"124":{"start":{"line":661,"column":4},"end":{"line":667,"column":5}},"125":{"start":{"line":662,"column":22},"end":{"line":662,"column":62}},"126":{"start":{"line":663,"column":6},"end":{"line":666,"column":7}},"127":{"start":{"line":664,"column":8},"end":{"line":664,"column":38}},"128":{"start":{"line":665,"column":8},"end":{"line":665,"column":23}},"129":{"start":{"line":670,"column":24},"end":{"line":670,"column":68}},"130":{"start":{"line":671,"column":4},"end":{"line":677,"column":5}},"131":{"start":{"line":672,"column":22},"end":{"line":672,"column":61}},"132":{"start":{"line":673,"column":6},"end":{"line":676,"column":7}},"133":{"start":{"line":674,"column":8},"end":{"line":674,"column":36}},"134":{"start":{"line":675,"column":8},"end":{"line":675,"column":23}},"135":{"start":{"line":680,"column":4},"end":{"line":682,"column":5}},"136":{"start":{"line":681,"column":6},"end":{"line":681,"column":91}},"137":{"start":{"line":684,"column":4},"end":{"line":684,"column":45}},"138":{"start":{"line":687,"column":2},"end":{"line":687,"column":77}}},"fnMap":{"0":{"name":"getDatabase","decl":{"start":{"line":6,"column":22},"end":{"line":6,"column":33}},"loc":{"start":{"line":6,"column":33},"end":{"line":12,"column":1}}},"1":{"name":"runMigrations","decl":{"start":{"line":14,"column":15},"end":{"line":14,"column":28}},"loc":{"start":{"line":14,"column":60},"end":{"line":28,"column":1}}},"2":{"name":"(anonymous_11)","decl":{"start":{"line":20,"column":43},"end":{"line":20,"column":46}},"loc":{"start":{"line":20,"column":50},"end":{"line":20,"column":77}}},"3":{"name":"initializeDatabase","decl":{"start":{"line":30,"column":15},"end":{"line":30,"column":33}},"loc":{"start":{"line":30,"column":65},"end":{"line":140,"column":1}}},"4":{"name":"getLocalTeams","decl":{"start":{"line":224,"column":22},"end":{"line":224,"column":35}},"loc":{"start":{"line":224,"column":35},"end":{"line":245,"column":1}}},"5":{"name":"(anonymous_14)","decl":{"start":{"line":236,"column":18},"end":{"line":236,"column":21}},"loc":{"start":{"line":236,"column":26},"end":{"line":244,"column":4}}},"6":{"name":"getLocalTeam","decl":{"start":{"line":247,"column":22},"end":{"line":247,"column":34}},"loc":{"start":{"line":247,"column":45},"end":{"line":270,"column":1}}},"7":{"name":"saveLocalTeam","decl":{"start":{"line":272,"column":22},"end":{"line":272,"column":35}},"loc":{"start":{"line":272,"column":51},"end":{"line":279,"column":1}}},"8":{"name":"deleteLocalTeam","decl":{"start":{"line":281,"column":22},"end":{"line":281,"column":37}},"loc":{"start":{"line":281,"column":48},"end":{"line":284,"column":1}}},"9":{"name":"getLocalPlayers","decl":{"start":{"line":288,"column":22},"end":{"line":288,"column":37}},"loc":{"start":{"line":288,"column":53},"end":{"line":314,"column":1}}},"10":{"name":"(anonymous_19)","decl":{"start":{"line":305,"column":18},"end":{"line":305,"column":21}},"loc":{"start":{"line":305,"column":26},"end":{"line":313,"column":4}}},"11":{"name":"getLocalPlayer","decl":{"start":{"line":316,"column":22},"end":{"line":316,"column":36}},"loc":{"start":{"line":316,"column":47},"end":{"line":339,"column":1}}},"12":{"name":"saveLocalPlayer","decl":{"start":{"line":341,"column":22},"end":{"line":341,"column":37}},"loc":{"start":{"line":341,"column":57},"end":{"line":348,"column":1}}},"13":{"name":"deleteLocalPlayer","decl":{"start":{"line":350,"column":22},"end":{"line":350,"column":39}},"loc":{"start":{"line":350,"column":50},"end":{"line":353,"column":1}}},"14":{"name":"getLocalMatches","decl":{"start":{"line":357,"column":22},"end":{"line":357,"column":37}},"loc":{"start":{"line":357,"column":37},"end":{"line":401,"column":1}}},"15":{"name":"getLocalMatch","decl":{"start":{"line":403,"column":22},"end":{"line":403,"column":35}},"loc":{"start":{"line":403,"column":46},"end":{"line":443,"column":1}}},"16":{"name":"getMatchSets","decl":{"start":{"line":445,"column":15},"end":{"line":445,"column":27}},"loc":{"start":{"line":445,"column":43},"end":{"line":489,"column":1}}},"17":{"name":"getSetPlays","decl":{"start":{"line":491,"column":15},"end":{"line":491,"column":26}},"loc":{"start":{"line":491,"column":40},"end":{"line":514,"column":1}}},"18":{"name":"(anonymous_27)","decl":{"start":{"line":504,"column":18},"end":{"line":504,"column":21}},"loc":{"start":{"line":504,"column":26},"end":{"line":513,"column":4}}},"19":{"name":"getSetCourtPositions","decl":{"start":{"line":516,"column":15},"end":{"line":516,"column":35}},"loc":{"start":{"line":516,"column":49},"end":{"line":527,"column":1}}},"20":{"name":"(anonymous_29)","decl":{"start":{"line":523,"column":18},"end":{"line":523,"column":21}},"loc":{"start":{"line":523,"column":26},"end":{"line":526,"column":4}}},"21":{"name":"getMatchLineup","decl":{"start":{"line":529,"column":15},"end":{"line":529,"column":29}},"loc":{"start":{"line":529,"column":45},"end":{"line":544,"column":1}}},"22":{"name":"(anonymous_31)","decl":{"start":{"line":538,"column":18},"end":{"line":538,"column":21}},"loc":{"start":{"line":538,"column":26},"end":{"line":543,"column":4}}},"23":{"name":"saveLocalMatch","decl":{"start":{"line":546,"column":22},"end":{"line":546,"column":36}},"loc":{"start":{"line":546,"column":54},"end":{"line":626,"column":1}}},"24":{"name":"deleteLocalMatch","decl":{"start":{"line":628,"column":22},"end":{"line":628,"column":38}},"loc":{"start":{"line":628,"column":49},"end":{"line":632,"column":1}}},"25":{"name":"generateId","decl":{"start":{"line":636,"column":16},"end":{"line":636,"column":26}},"loc":{"start":{"line":636,"column":26},"end":{"line":638,"column":1}}},"26":{"name":"migrateFromAsyncStorage","decl":{"start":{"line":641,"column":22},"end":{"line":641,"column":45}},"loc":{"start":{"line":641,"column":45},"end":{"line":688,"column":1}}},"27":{"name":"(anonymous_36)","decl":{"start":{"line":642,"column":29},"end":{"line":642,"column":36}},"loc":{"start":{"line":642,"column":29},"end":{"line":642,"column":81}}},"28":{"name":"(anonymous_37)","decl":{"start":{"line":642,"column":86},"end":{"line":642,"column":87}},"loc":{"start":{"line":642,"column":91},"end":{"line":642,"column":100}}}},"branchMap":{"0":{"loc":{"start":{"line":7,"column":2},"end":{"line":10,"column":3}},"type":"if","locations":[{"start":{"line":7,"column":2},"end":{"line":10,"column":3}},{"start":{},"end":{}}]},"1":{"loc":{"start":{"line":21,"column":4},"end":{"line":24,"column":5}},"type":"if","locations":[{"start":{"line":21,"column":4},"end":{"line":24,"column":5}},{"start":{},"end":{}}]},"2":{"loc":{"start":{"line":21,"column":8},"end":{"line":21,"column":48}},"type":"binary-expr","locations":[{"start":{"line":21,"column":8},"end":{"line":21,"column":24}},{"start":{"line":21,"column":28},"end":{"line":21,"column":48}}]},"3":{"loc":{"start":{"line":239,"column":18},"end":{"line":239,"column":47}},"type":"binary-expr","locations":[{"start":{"line":239,"column":18},"end":{"line":239,"column":34}},{"start":{"line":239,"column":38},"end":{"line":239,"column":47}}]},"4":{"loc":{"start":{"line":240,"column":12},"end":{"line":240,"column":35}},"type":"binary-expr","locations":[{"start":{"line":240,"column":12},"end":{"line":240,"column":22}},{"start":{"line":240,"column":26},"end":{"line":240,"column":35}}]},"5":{"loc":{"start":{"line":241,"column":12},"end":{"line":241,"column":35}},"type":"binary-expr","locations":[{"start":{"line":241,"column":12},"end":{"line":241,"column":22}},{"start":{"line":241,"column":26},"end":{"line":241,"column":35}}]},"6":{"loc":{"start":{"line":259,"column":2},"end":{"line":259,"column":24}},"type":"if","locations":[{"start":{"line":259,"column":2},"end":{"line":259,"column":24}},{"start":{},"end":{}}]},"7":{"loc":{"start":{"line":264,"column":18},"end":{"line":264,"column":47}},"type":"binary-expr","locations":[{"start":{"line":264,"column":18},"end":{"line":264,"column":34}},{"start":{"line":264,"column":38},"end":{"line":264,"column":47}}]},"8":{"loc":{"start":{"line":265,"column":12},"end":{"line":265,"column":35}},"type":"binary-expr","locations":[{"start":{"line":265,"column":12},"end":{"line":265,"column":22}},{"start":{"line":265,"column":26},"end":{"line":265,"column":35}}]},"9":{"loc":{"start":{"line":266,"column":12},"end":{"line":266,"column":35}},"type":"binary-expr","locations":[{"start":{"line":266,"column":12},"end":{"line":266,"column":22}},{"start":{"line":266,"column":26},"end":{"line":266,"column":35}}]},"10":{"loc":{"start":{"line":277,"column":25},"end":{"line":277,"column":50}},"type":"binary-expr","locations":[{"start":{"line":277,"column":25},"end":{"line":277,"column":42}},{"start":{"line":277,"column":46},"end":{"line":277,"column":50}}]},"11":{"loc":{"start":{"line":277,"column":52},"end":{"line":277,"column":71}},"type":"binary-expr","locations":[{"start":{"line":277,"column":52},"end":{"line":277,"column":63}},{"start":{"line":277,"column":67},"end":{"line":277,"column":71}}]},"12":{"loc":{"start":{"line":277,"column":73},"end":{"line":277,"column":92}},"type":"binary-expr","locations":[{"start":{"line":277,"column":73},"end":{"line":277,"column":84}},{"start":{"line":277,"column":88},"end":{"line":277,"column":92}}]},"13":{"loc":{"start":{"line":277,"column":94},"end":{"line":277,"column":117}},"type":"cond-expr","locations":[{"start":{"line":277,"column":112},"end":{"line":277,"column":113}},{"start":{"line":277,"column":116},"end":{"line":277,"column":117}}]},"14":{"loc":{"start":{"line":290,"column":16},"end":{"line":292,"column":45}},"type":"cond-expr","locations":[{"start":{"line":291,"column":6},"end":{"line":291,"column":63}},{"start":{"line":292,"column":6},"end":{"line":292,"column":45}}]},"15":{"loc":{"start":{"line":293,"column":17},"end":{"line":293,"column":39}},"type":"cond-expr","locations":[{"start":{"line":293,"column":26},"end":{"line":293,"column":34}},{"start":{"line":293,"column":37},"end":{"line":293,"column":39}}]},"16":{"loc":{"start":{"line":311,"column":14},"end":{"line":311,"column":39}},"type":"binary-expr","locations":[{"start":{"line":311,"column":14},"end":{"line":311,"column":26}},{"start":{"line":311,"column":30},"end":{"line":311,"column":39}}]},"17":{"loc":{"start":{"line":328,"column":2},"end":{"line":328,"column":24}},"type":"if","locations":[{"start":{"line":328,"column":2},"end":{"line":328,"column":24}},{"start":{},"end":{}}]},"18":{"loc":{"start":{"line":336,"column":14},"end":{"line":336,"column":39}},"type":"binary-expr","locations":[{"start":{"line":336,"column":14},"end":{"line":336,"column":26}},{"start":{"line":336,"column":30},"end":{"line":336,"column":39}}]},"19":{"loc":{"start":{"line":346,"column":81},"end":{"line":346,"column":104}},"type":"binary-expr","locations":[{"start":{"line":346,"column":81},"end":{"line":346,"column":96}},{"start":{"line":346,"column":100},"end":{"line":346,"column":104}}]},"20":{"loc":{"start":{"line":346,"column":106},"end":{"line":346,"column":129}},"type":"cond-expr","locations":[{"start":{"line":346,"column":124},"end":{"line":346,"column":125}},{"start":{"line":346,"column":128},"end":{"line":346,"column":129}}]},"21":{"loc":{"start":{"line":388,"column":16},"end":{"line":388,"column":41}},"type":"binary-expr","locations":[{"start":{"line":388,"column":16},"end":{"line":388,"column":28}},{"start":{"line":388,"column":32},"end":{"line":388,"column":41}}]},"22":{"loc":{"start":{"line":389,"column":18},"end":{"line":389,"column":77}},"type":"binary-expr","locations":[{"start":{"line":389,"column":18},"end":{"line":389,"column":62}},{"start":{"line":389,"column":66},"end":{"line":389,"column":77}}]},"23":{"loc":{"start":{"line":390,"column":13},"end":{"line":390,"column":35}},"type":"binary-expr","locations":[{"start":{"line":390,"column":13},"end":{"line":390,"column":22}},{"start":{"line":390,"column":26},"end":{"line":390,"column":35}}]},"24":{"loc":{"start":{"line":421,"column":2},"end":{"line":421,"column":24}},"type":"if","locations":[{"start":{"line":421,"column":2},"end":{"line":421,"column":24}},{"start":{},"end":{}}]},"25":{"loc":{"start":{"line":433,"column":14},"end":{"line":433,"column":39}},"type":"binary-expr","locations":[{"start":{"line":433,"column":14},"end":{"line":433,"column":26}},{"start":{"line":433,"column":30},"end":{"line":433,"column":39}}]},"26":{"loc":{"start":{"line":434,"column":16},"end":{"line":434,"column":75}},"type":"binary-expr","locations":[{"start":{"line":434,"column":16},"end":{"line":434,"column":60}},{"start":{"line":434,"column":64},"end":{"line":434,"column":75}}]},"27":{"loc":{"start":{"line":435,"column":11},"end":{"line":435,"column":33}},"type":"binary-expr","locations":[{"start":{"line":435,"column":11},"end":{"line":435,"column":20}},{"start":{"line":435,"column":24},"end":{"line":435,"column":33}}]},"28":{"loc":{"start":{"line":475,"column":16},"end":{"line":475,"column":42}},"type":"binary-expr","locations":[{"start":{"line":475,"column":16},"end":{"line":475,"column":29}},{"start":{"line":475,"column":33},"end":{"line":475,"column":42}}]},"29":{"loc":{"start":{"line":480,"column":16},"end":{"line":480,"column":42}},"type":"binary-expr","locations":[{"start":{"line":480,"column":16},"end":{"line":480,"column":29}},{"start":{"line":480,"column":33},"end":{"line":480,"column":42}}]},"30":{"loc":{"start":{"line":482,"column":25},"end":{"line":482,"column":61}},"type":"binary-expr","locations":[{"start":{"line":482,"column":25},"end":{"line":482,"column":48}},{"start":{"line":482,"column":52},"end":{"line":482,"column":61}}]},"31":{"loc":{"start":{"line":511,"column":23},"end":{"line":511,"column":59}},"type":"binary-expr","locations":[{"start":{"line":511,"column":23},"end":{"line":511,"column":46}},{"start":{"line":511,"column":50},"end":{"line":511,"column":59}}]},"32":{"loc":{"start":{"line":542,"column":18},"end":{"line":542,"column":48}},"type":"binary-expr","locations":[{"start":{"line":542,"column":18},"end":{"line":542,"column":35}},{"start":{"line":542,"column":39},"end":{"line":542,"column":48}}]},"33":{"loc":{"start":{"line":561,"column":6},"end":{"line":561,"column":28}},"type":"binary-expr","locations":[{"start":{"line":561,"column":6},"end":{"line":561,"column":20}},{"start":{"line":561,"column":24},"end":{"line":561,"column":28}}]},"34":{"loc":{"start":{"line":562,"column":6},"end":{"line":562,"column":36}},"type":"binary-expr","locations":[{"start":{"line":562,"column":6},"end":{"line":562,"column":21}},{"start":{"line":562,"column":25},"end":{"line":562,"column":36}}]},"35":{"loc":{"start":{"line":563,"column":6},"end":{"line":563,"column":25}},"type":"binary-expr","locations":[{"start":{"line":563,"column":6},"end":{"line":563,"column":17}},{"start":{"line":563,"column":21},"end":{"line":563,"column":25}}]},"36":{"loc":{"start":{"line":573,"column":2},"end":{"line":581,"column":3}},"type":"if","locations":[{"start":{"line":573,"column":2},"end":{"line":581,"column":3}},{"start":{},"end":{}}]},"37":{"loc":{"start":{"line":578,"column":35},"end":{"line":578,"column":58}},"type":"cond-expr","locations":[{"start":{"line":578,"column":53},"end":{"line":578,"column":54}},{"start":{"line":578,"column":57},"end":{"line":578,"column":58}}]},"38":{"loc":{"start":{"line":578,"column":60},"end":{"line":578,"column":82}},"type":"cond-expr","locations":[{"start":{"line":578,"column":77},"end":{"line":578,"column":78}},{"start":{"line":578,"column":81},"end":{"line":578,"column":82}}]},"39":{"loc":{"start":{"line":578,"column":84},"end":{"line":578,"column":110}},"type":"binary-expr","locations":[{"start":{"line":578,"column":84},"end":{"line":578,"column":102}},{"start":{"line":578,"column":106},"end":{"line":578,"column":110}}]},"40":{"loc":{"start":{"line":595,"column":8},"end":{"line":595,"column":28}},"type":"binary-expr","locations":[{"start":{"line":595,"column":8},"end":{"line":595,"column":20}},{"start":{"line":595,"column":24},"end":{"line":595,"column":28}}]},"41":{"loc":{"start":{"line":596,"column":8},"end":{"line":596,"column":35}},"type":"cond-expr","locations":[{"start":{"line":596,"column":30},"end":{"line":596,"column":31}},{"start":{"line":596,"column":34},"end":{"line":596,"column":35}}]},"42":{"loc":{"start":{"line":597,"column":8},"end":{"line":597,"column":33}},"type":"cond-expr","locations":[{"start":{"line":597,"column":28},"end":{"line":597,"column":29}},{"start":{"line":597,"column":32},"end":{"line":597,"column":33}}]},"43":{"loc":{"start":{"line":598,"column":8},"end":{"line":598,"column":28}},"type":"binary-expr","locations":[{"start":{"line":598,"column":8},"end":{"line":598,"column":20}},{"start":{"line":598,"column":24},"end":{"line":598,"column":28}}]},"44":{"loc":{"start":{"line":599,"column":8},"end":{"line":599,"column":35}},"type":"cond-expr","locations":[{"start":{"line":599,"column":30},"end":{"line":599,"column":31}},{"start":{"line":599,"column":34},"end":{"line":599,"column":35}}]},"45":{"loc":{"start":{"line":600,"column":8},"end":{"line":600,"column":37}},"type":"binary-expr","locations":[{"start":{"line":600,"column":8},"end":{"line":600,"column":29}},{"start":{"line":600,"column":33},"end":{"line":600,"column":37}}]},"46":{"loc":{"start":{"line":601,"column":8},"end":{"line":601,"column":30}},"type":"binary-expr","locations":[{"start":{"line":601,"column":8},"end":{"line":601,"column":25}},{"start":{"line":601,"column":29},"end":{"line":601,"column":30}}]},"47":{"loc":{"start":{"line":602,"column":8},"end":{"line":602,"column":25}},"type":"binary-expr","locations":[{"start":{"line":602,"column":8},"end":{"line":602,"column":20}},{"start":{"line":602,"column":24},"end":{"line":602,"column":25}}]},"48":{"loc":{"start":{"line":608,"column":4},"end":{"line":615,"column":5}},"type":"if","locations":[{"start":{"line":608,"column":4},"end":{"line":615,"column":5}},{"start":{},"end":{}}]},"49":{"loc":{"start":{"line":622,"column":83},"end":{"line":622,"column":113}},"type":"binary-expr","locations":[{"start":{"line":622,"column":83},"end":{"line":622,"column":105}},{"start":{"line":622,"column":109},"end":{"line":622,"column":113}}]},"50":{"loc":{"start":{"line":651,"column":4},"end":{"line":657,"column":5}},"type":"if","locations":[{"start":{"line":651,"column":4},"end":{"line":657,"column":5}},{"start":{},"end":{}}]},"51":{"loc":{"start":{"line":661,"column":4},"end":{"line":667,"column":5}},"type":"if","locations":[{"start":{"line":661,"column":4},"end":{"line":667,"column":5}},{"start":{},"end":{}}]},"52":{"loc":{"start":{"line":671,"column":4},"end":{"line":677,"column":5}},"type":"if","locations":[{"start":{"line":671,"column":4},"end":{"line":677,"column":5}},{"start":{},"end":{}}]},"53":{"loc":{"start":{"line":680,"column":4},"end":{"line":682,"column":5}},"type":"if","locations":[{"start":{"line":680,"column":4},"end":{"line":682,"column":5}},{"start":{},"end":{}}]},"54":{"loc":{"start":{"line":680,"column":8},"end":{"line":680,"column":62}},"type":"binary-expr","locations":[{"start":{"line":680,"column":8},"end":{"line":680,"column":22}},{"start":{"line":680,"column":26},"end":{"line":680,"column":42}},{"start":{"line":680,"column":46},"end":{"line":680,"column":62}}]}},"s":{"0":1,"1":1,"2":1,"3":1,"4":1,"5":1,"6":1,"7":1,"8":1,"9":1,"10":1,"11":1,"12":1,"13":1,"14":1,"15":1,"16":1,"17":0,"18":0,"19":0,"20":0,"21":0,"22":0,"23":0,"24":0,"25":0,"26":0,"27":0,"28":0,"29":0,"30":0,"31":0,"32":0,"33":0,"34":0,"35":0,"36":0,"37":0,"38":0,"39":0,"40":0,"41":0,"42":0,"43":0,"44":0,"45":0,"46":0,"47":0,"48":0,"49":0,"50":0,"51":0,"52":0,"53":0,"54":0,"55":0,"56":0,"57":0,"58":0,"59":0,"60":0,"61":0,"62":0,"63":0,"64":0,"65":0,"66":0,"67":0,"68":0,"69":0,"70":0,"71":0,"72":0,"73":0,"74":0,"75":0,"76":0,"77":0,"78":0,"79":0,"80":0,"81":0,"82":0,"83":0,"84":0,"85":0,"86":0,"87":0,"88":0,"89":0,"90":0,"91":0,"92":0,"93":0,"94":0,"95":0,"96":0,"97":0,"98":0,"99":0,"100":0,"101":0,"102":0,"103":0,"104":0,"105":0,"106":0,"107":0,"108":0,"109":110,"110":0,"111":0,"112":0,"113":0,"114":0,"115":0,"116":0,"117":0,"118":0,"119":0,"120":0,"121":0,"122":0,"123":0,"124":0,"125":0,"126":0,"127":0,"128":0,"129":0,"130":0,"131":0,"132":0,"133":0,"134":0,"135":0,"136":0,"137":0,"138":0},"f":{"0":0,"1":0,"2":0,"3":0,"4":0,"5":0,"6":0,"7":0,"8":0,"9":0,"10":0,"11":0,"12":0,"13":0,"14":0,"15":0,"16":0,"17":0,"18":0,"19":0,"20":0,"21":0,"22":0,"23":0,"24":0,"25":110,"26":0,"27":0,"28":0},"b":{"0":[0,0],"1":[0,0],"2":[0,0],"3":[0,0],"4":[0,0],"5":[0,0],"6":[0,0],"7":[0,0],"8":[0,0],"9":[0,0],"10":[0,0],"11":[0,0],"12":[0,0],"13":[0,0],"14":[0,0],"15":[0,0],"16":[0,0],"17":[0,0],"18":[0,0],"19":[0,0],"20":[0,0],"21":[0,0],"22":[0,0],"23":[0,0],"24":[0,0],"25":[0,0],"26":[0,0],"27":[0,0],"28":[0,0],"29":[0,0],"30":[0,0],"31":[0,0],"32":[0,0],"33":[0,0],"34":[0,0],"35":[0,0],"36":[0,0],"37":[0,0],"38":[0,0],"39":[0,0],"40":[0,0],"41":[0,0],"42":[0,0],"43":[0,0],"44":[0,0],"45":[0,0],"46":[0,0],"47":[0,0],"48":[0,0],"49":[0,0],"50":[0,0],"51":[0,0],"52":[0,0],"53":[0,0],"54":[0,0,0]}}
,"/Users/kdye/Sites/volleyball-stats-mobile/src/lib/format-utils.ts": {"path":"/Users/kdye/Sites/volleyball-stats-mobile/src/lib/format-utils.ts","statementMap":{"0":{"start":{"line":6,"column":0},"end":{"line":6,"column":16}},"1":{"start":{"line":28,"column":0},"end":{"line":28,"column":16}},"2":{"start":{"line":39,"column":0},"end":{"line":39,"column":16}},"3":{"start":{"line":76,"column":0},"end":{"line":76,"column":16}},"4":{"start":{"line":92,"column":0},"end":{"line":92,"column":16}},"5":{"start":{"line":102,"column":0},"end":{"line":102,"column":16}},"6":{"start":{"line":109,"column":0},"end":{"line":109,"column":16}},"7":{"start":{"line":122,"column":0},"end":{"line":122,"column":16}},"8":{"start":{"line":135,"column":0},"end":{"line":135,"column":16}},"9":{"start":{"line":155,"column":0},"end":{"line":155,"column":16}},"10":{"start":{"line":162,"column":0},"end":{"line":162,"column":16}},"11":{"start":{"line":182,"column":0},"end":{"line":182,"column":16}},"12":{"start":{"line":202,"column":0},"end":{"line":202,"column":16}},"13":{"start":{"line":211,"column":0},"end":{"line":211,"column":16}},"14":{"start":{"line":218,"column":0},"end":{"line":218,"column":16}},"15":{"start":{"line":232,"column":0},"end":{"line":232,"column":16}},"16":{"start":{"line":249,"column":0},"end":{"line":249,"column":16}},"17":{"start":{"line":11,"column":2},"end":{"line":22,"column":3}},"18":{"start":{"line":13,"column":6},"end":{"line":13,"column":40}},"19":{"start":{"line":15,"column":6},"end":{"line":15,"column":40}},"20":{"start":{"line":17,"column":6},"end":{"line":17,"column":41}},"21":{"start":{"line":19,"column":6},"end":{"line":19,"column":51}},"22":{"start":{"line":21,"column":6},"end":{"line":21,"column":40}},"23":{"start":{"line":33,"column":2},"end":{"line":33,"column":47}},"24":{"start":{"line":43,"column":12},"end":{"line":43,"column":60}},"25":{"start":{"line":45,"column":2},"end":{"line":47,"column":3}},"26":{"start":{"line":46,"column":4},"end":{"line":46,"column":26}},"27":{"start":{"line":49,"column":2},"end":{"line":70,"column":3}},"28":{"start":{"line":51,"column":6},"end":{"line":54,"column":9}},"29":{"start":{"line":56,"column":6},"end":{"line":60,"column":9}},"30":{"start":{"line":62,"column":6},"end":{"line":67,"column":9}},"31":{"start":{"line":69,"column":6},"end":{"line":69,"column":36}},"32":{"start":{"line":77,"column":12},"end":{"line":77,"column":60}},"33":{"start":{"line":79,"column":2},"end":{"line":81,"column":3}},"34":{"start":{"line":80,"column":4},"end":{"line":80,"column":26}},"35":{"start":{"line":83,"column":2},"end":{"line":86,"column":5}},"36":{"start":{"line":96,"column":2},"end":{"line":96,"column":41}},"37":{"start":{"line":103,"column":2},"end":{"line":103,"column":37}},"38":{"start":{"line":113,"column":2},"end":{"line":115,"column":3}},"39":{"start":{"line":114,"column":4},"end":{"line":114,"column":15}},"40":{"start":{"line":116,"column":2},"end":{"line":116,"column":39}},"41":{"start":{"line":126,"column":2},"end":{"line":128,"column":3}},"42":{"start":{"line":127,"column":4},"end":{"line":127,"column":15}},"43":{"start":{"line":129,"column":2},"end":{"line":129,"column":33}},"44":{"start":{"line":138,"column":2},"end":{"line":149,"column":3}},"45":{"start":{"line":140,"column":6},"end":{"line":140,"column":25}},"46":{"start":{"line":142,"column":6},"end":{"line":142,"column":27}},"47":{"start":{"line":144,"column":6},"end":{"line":144,"column":25}},"48":{"start":{"line":146,"column":6},"end":{"line":146,"column":25}},"49":{"start":{"line":148,"column":6},"end":{"line":148,"column":20}},"50":{"start":{"line":156,"column":2},"end":{"line":156,"column":58}},"51":{"start":{"line":165,"column":2},"end":{"line":165,"column":28}},"52":{"start":{"line":165,"column":17},"end":{"line":165,"column":28}},"53":{"start":{"line":167,"column":44},"end":{"line":174,"column":4}},"54":{"start":{"line":176,"column":2},"end":{"line":176,"column":41}},"55":{"start":{"line":185,"column":2},"end":{"line":185,"column":28}},"56":{"start":{"line":185,"column":17},"end":{"line":185,"column":28}},"57":{"start":{"line":187,"column":44},"end":{"line":194,"column":4}},"58":{"start":{"line":196,"column":2},"end":{"line":196,"column":41}},"59":{"start":{"line":203,"column":12},"end":{"line":203,"column":36}},"60":{"start":{"line":204,"column":12},"end":{"line":204,"column":19}},"61":{"start":{"line":205,"column":2},"end":{"line":205,"column":48}},"62":{"start":{"line":212,"column":2},"end":{"line":212,"column":28}},"63":{"start":{"line":223,"column":2},"end":{"line":225,"column":3}},"64":{"start":{"line":224,"column":4},"end":{"line":224,"column":34}},"65":{"start":{"line":226,"column":2},"end":{"line":226,"column":48}},"66":{"start":{"line":233,"column":18},"end":{"line":233,"column":39}},"67":{"start":{"line":234,"column":18},"end":{"line":234,"column":42}},"68":{"start":{"line":235,"column":16},"end":{"line":235,"column":40}},"69":{"start":{"line":237,"column":2},"end":{"line":239,"column":3}},"70":{"start":{"line":238,"column":4},"end":{"line":238,"column":40}},"71":{"start":{"line":240,"column":2},"end":{"line":242,"column":3}},"72":{"start":{"line":241,"column":4},"end":{"line":241,"column":42}},"73":{"start":{"line":243,"column":2},"end":{"line":243,"column":23}},"74":{"start":{"line":250,"column":2},"end":{"line":252,"column":3}},"75":{"start":{"line":251,"column":4},"end":{"line":251,"column":15}},"76":{"start":{"line":253,"column":2},"end":{"line":253,"column":45}}},"fnMap":{"0":{"name":"formatPlayerName","decl":{"start":{"line":6,"column":16},"end":{"line":6,"column":32}},"loc":{"start":{"line":9,"column":68},"end":{"line":23,"column":1}}},"1":{"name":"formatPlayerWithNumber","decl":{"start":{"line":28,"column":16},"end":{"line":28,"column":38}},"loc":{"start":{"line":31,"column":18},"end":{"line":34,"column":1}}},"2":{"name":"formatDate","decl":{"start":{"line":39,"column":16},"end":{"line":39,"column":26}},"loc":{"start":{"line":41,"column":48},"end":{"line":71,"column":1}}},"3":{"name":"formatTime","decl":{"start":{"line":76,"column":16},"end":{"line":76,"column":26}},"loc":{"start":{"line":76,"column":46},"end":{"line":87,"column":1}}},"4":{"name":"formatMatchScore","decl":{"start":{"line":92,"column":16},"end":{"line":92,"column":32}},"loc":{"start":{"line":94,"column":21},"end":{"line":97,"column":1}}},"5":{"name":"formatSetScore","decl":{"start":{"line":102,"column":16},"end":{"line":102,"column":30}},"loc":{"start":{"line":102,"column":67},"end":{"line":104,"column":1}}},"6":{"name":"formatPercent","decl":{"start":{"line":109,"column":16},"end":{"line":109,"column":29}},"loc":{"start":{"line":111,"column":22},"end":{"line":117,"column":1}}},"7":{"name":"formatRating","decl":{"start":{"line":122,"column":16},"end":{"line":122,"column":28}},"loc":{"start":{"line":124,"column":22},"end":{"line":130,"column":1}}},"8":{"name":"formatMatchStatus","decl":{"start":{"line":135,"column":16},"end":{"line":135,"column":33}},"loc":{"start":{"line":136,"column":65},"end":{"line":150,"column":1}}},"9":{"name":"formatMatchType","decl":{"start":{"line":155,"column":16},"end":{"line":155,"column":31}},"loc":{"start":{"line":155,"column":63},"end":{"line":157,"column":1}}},"10":{"name":"formatPosition","decl":{"start":{"line":162,"column":16},"end":{"line":162,"column":30}},"loc":{"start":{"line":163,"column":37},"end":{"line":177,"column":1}}},"11":{"name":"formatPositionShort","decl":{"start":{"line":182,"column":16},"end":{"line":182,"column":35}},"loc":{"start":{"line":183,"column":37},"end":{"line":197,"column":1}}},"12":{"name":"formatOrdinal","decl":{"start":{"line":202,"column":16},"end":{"line":202,"column":29}},"loc":{"start":{"line":202,"column":39},"end":{"line":206,"column":1}}},"13":{"name":"formatSetNumber","decl":{"start":{"line":211,"column":16},"end":{"line":211,"column":31}},"loc":{"start":{"line":211,"column":49},"end":{"line":213,"column":1}}},"14":{"name":"pluralize","decl":{"start":{"line":218,"column":16},"end":{"line":218,"column":25}},"loc":{"start":{"line":221,"column":17},"end":{"line":227,"column":1}}},"15":{"name":"formatDuration","decl":{"start":{"line":232,"column":16},"end":{"line":232,"column":30}},"loc":{"start":{"line":232,"column":41},"end":{"line":244,"column":1}}},"16":{"name":"truncate","decl":{"start":{"line":249,"column":16},"end":{"line":249,"column":24}},"loc":{"start":{"line":249,"column":55},"end":{"line":254,"column":1}}}},"branchMap":{"0":{"loc":{"start":{"line":9,"column":2},"end":{"line":9,"column":68}},"type":"default-arg","locations":[{"start":{"line":9,"column":62},"end":{"line":9,"column":68}}]},"1":{"loc":{"start":{"line":11,"column":2},"end":{"line":22,"column":3}},"type":"switch","locations":[{"start":{"line":12,"column":4},"end":{"line":13,"column":40}},{"start":{"line":14,"column":4},"end":{"line":15,"column":40}},{"start":{"line":16,"column":4},"end":{"line":17,"column":41}},{"start":{"line":18,"column":4},"end":{"line":19,"column":51}},{"start":{"line":20,"column":4},"end":{"line":21,"column":40}}]},"2":{"loc":{"start":{"line":41,"column":2},"end":{"line":41,"column":48}},"type":"default-arg","locations":[{"start":{"line":41,"column":40},"end":{"line":41,"column":48}}]},"3":{"loc":{"start":{"line":43,"column":12},"end":{"line":43,"column":60}},"type":"cond-expr","locations":[{"start":{"line":43,"column":39},"end":{"line":43,"column":53}},{"start":{"line":43,"column":56},"end":{"line":43,"column":60}}]},"4":{"loc":{"start":{"line":45,"column":2},"end":{"line":47,"column":3}},"type":"if","locations":[{"start":{"line":45,"column":2},"end":{"line":47,"column":3}},{"start":{},"end":{}}]},"5":{"loc":{"start":{"line":49,"column":2},"end":{"line":70,"column":3}},"type":"switch","locations":[{"start":{"line":50,"column":4},"end":{"line":54,"column":9}},{"start":{"line":55,"column":4},"end":{"line":60,"column":9}},{"start":{"line":61,"column":4},"end":{"line":67,"column":9}},{"start":{"line":68,"column":4},"end":{"line":69,"column":36}}]},"6":{"loc":{"start":{"line":77,"column":12},"end":{"line":77,"column":60}},"type":"cond-expr","locations":[{"start":{"line":77,"column":39},"end":{"line":77,"column":53}},{"start":{"line":77,"column":56},"end":{"line":77,"column":60}}]},"7":{"loc":{"start":{"line":79,"column":2},"end":{"line":81,"column":3}},"type":"if","locations":[{"start":{"line":79,"column":2},"end":{"line":81,"column":3}},{"start":{},"end":{}}]},"8":{"loc":{"start":{"line":111,"column":2},"end":{"line":111,"column":22}},"type":"default-arg","locations":[{"start":{"line":111,"column":21},"end":{"line":111,"column":22}}]},"9":{"loc":{"start":{"line":113,"column":2},"end":{"line":115,"column":3}},"type":"if","locations":[{"start":{"line":113,"column":2},"end":{"line":115,"column":3}},{"start":{},"end":{}}]},"10":{"loc":{"start":{"line":113,"column":6},"end":{"line":113,"column":43}},"type":"binary-expr","locations":[{"start":{"line":113,"column":6},"end":{"line":113,"column":20}},{"start":{"line":113,"column":24},"end":{"line":113,"column":43}}]},"11":{"loc":{"start":{"line":124,"column":2},"end":{"line":124,"column":22}},"type":"default-arg","locations":[{"start":{"line":124,"column":21},"end":{"line":124,"column":22}}]},"12":{"loc":{"start":{"line":126,"column":2},"end":{"line":128,"column":3}},"type":"if","locations":[{"start":{"line":126,"column":2},"end":{"line":128,"column":3}},{"start":{},"end":{}}]},"13":{"loc":{"start":{"line":126,"column":6},"end":{"line":126,"column":43}},"type":"binary-expr","locations":[{"start":{"line":126,"column":6},"end":{"line":126,"column":20}},{"start":{"line":126,"column":24},"end":{"line":126,"column":43}}]},"14":{"loc":{"start":{"line":138,"column":2},"end":{"line":149,"column":3}},"type":"switch","locations":[{"start":{"line":139,"column":4},"end":{"line":140,"column":25}},{"start":{"line":141,"column":4},"end":{"line":142,"column":27}},{"start":{"line":143,"column":4},"end":{"line":144,"column":25}},{"start":{"line":145,"column":4},"end":{"line":146,"column":25}},{"start":{"line":147,"column":4},"end":{"line":148,"column":20}}]},"15":{"loc":{"start":{"line":156,"column":9},"end":{"line":156,"column":57}},"type":"cond-expr","locations":[{"start":{"line":156,"column":32},"end":{"line":156,"column":43}},{"start":{"line":156,"column":46},"end":{"line":156,"column":57}}]},"16":{"loc":{"start":{"line":165,"column":2},"end":{"line":165,"column":28}},"type":"if","locations":[{"start":{"line":165,"column":2},"end":{"line":165,"column":28}},{"start":{},"end":{}}]},"17":{"loc":{"start":{"line":176,"column":9},"end":{"line":176,"column":40}},"type":"binary-expr","locations":[{"start":{"line":176,"column":9},"end":{"line":176,"column":28}},{"start":{"line":176,"column":32},"end":{"line":176,"column":40}}]},"18":{"loc":{"start":{"line":185,"column":2},"end":{"line":185,"column":28}},"type":"if","locations":[{"start":{"line":185,"column":2},"end":{"line":185,"column":28}},{"start":{},"end":{}}]},"19":{"loc":{"start":{"line":196,"column":9},"end":{"line":196,"column":40}},"type":"binary-expr","locations":[{"start":{"line":196,"column":9},"end":{"line":196,"column":28}},{"start":{"line":196,"column":32},"end":{"line":196,"column":40}}]},"20":{"loc":{"start":{"line":205,"column":14},"end":{"line":205,"column":46}},"type":"binary-expr","locations":[{"start":{"line":205,"column":14},"end":{"line":205,"column":30}},{"start":{"line":205,"column":34},"end":{"line":205,"column":38}},{"start":{"line":205,"column":42},"end":{"line":205,"column":46}}]},"21":{"loc":{"start":{"line":223,"column":2},"end":{"line":225,"column":3}},"type":"if","locations":[{"start":{"line":223,"column":2},"end":{"line":225,"column":3}},{"start":{},"end":{}}]},"22":{"loc":{"start":{"line":226,"column":21},"end":{"line":226,"column":45}},"type":"binary-expr","locations":[{"start":{"line":226,"column":21},"end":{"line":226,"column":27}},{"start":{"line":226,"column":31},"end":{"line":226,"column":45}}]},"23":{"loc":{"start":{"line":237,"column":2},"end":{"line":239,"column":3}},"type":"if","locations":[{"start":{"line":237,"column":2},"end":{"line":239,"column":3}},{"start":{},"end":{}}]},"24":{"loc":{"start":{"line":240,"column":2},"end":{"line":242,"column":3}},"type":"if","locations":[{"start":{"line":240,"column":2},"end":{"line":242,"column":3}},{"start":{},"end":{}}]},"25":{"loc":{"start":{"line":250,"column":2},"end":{"line":252,"column":3}},"type":"if","locations":[{"start":{"line":250,"column":2},"end":{"line":252,"column":3}},{"start":{},"end":{}}]}},"s":{"0":1,"1":1,"2":1,"3":1,"4":1,"5":1,"6":1,"7":1,"8":1,"9":1,"10":1,"11":1,"12":1,"13":1,"14":1,"15":1,"16":1,"17":5,"18":1,"19":1,"20":1,"21":2,"22":0,"23":3,"24":5,"25":5,"26":1,"27":4,"28":1,"29":2,"30":1,"31":0,"32":3,"33":3,"34":1,"35":2,"36":3,"37":3,"38":7,"39":2,"40":5,"41":7,"42":2,"43":5,"44":4,"45":1,"46":1,"47":1,"48":1,"49":0,"50":2,"51":9,"52":2,"53":7,"54":7,"55":8,"56":2,"57":6,"58":6,"59":15,"60":15,"61":15,"62":2,"63":8,"64":2,"65":6,"66":7,"67":7,"68":7,"69":7,"70":2,"71":5,"72":2,"73":3,"74":7,"75":3,"76":4},"f":{"0":5,"1":3,"2":5,"3":3,"4":3,"5":3,"6":7,"7":7,"8":4,"9":2,"10":9,"11":8,"12":15,"13":2,"14":8,"15":7,"16":7},"b":{"0":[1],"1":[1,1,1,2,0],"2":[1],"3":[2,3],"4":[1,4],"5":[1,2,1,0],"6":[2,1],"7":[1,2],"8":[5],"9":[2,5],"10":[7,6],"11":[5],"12":[2,5],"13":[7,6],"14":[1,1,1,1,0],"15":[1,1],"16":[2,7],"17":[7,1],"18":[2,6],"19":[6,0],"20":[15,10,6],"21":[2,6],"22":[6,4],"23":[2,5],"24":[2,3],"25":[3,4]}}
,"/Users/kdye/Sites/volleyball-stats-mobile/src/lib/lineup-utils.ts": {"path":"/Users/kdye/Sites/volleyball-stats-mobile/src/lib/lineup-utils.ts","statementMap":{"0":{"start":{"line":32,"column":0},"end":{"line":32,"column":16}},"1":{"start":{"line":42,"column":0},"end":{"line":42,"column":16}},"2":{"start":{"line":49,"column":0},"end":{"line":49,"column":16}},"3":{"start":{"line":56,"column":0},"end":{"line":56,"column":16}},"4":{"start":{"line":63,"column":0},"end":{"line":63,"column":16}},"5":{"start":{"line":76,"column":0},"end":{"line":76,"column":16}},"6":{"start":{"line":99,"column":0},"end":{"line":99,"column":16}},"7":{"start":{"line":118,"column":0},"end":{"line":118,"column":16}},"8":{"start":{"line":164,"column":0},"end":{"line":164,"column":16}},"9":{"start":{"line":204,"column":0},"end":{"line":204,"column":16}},"10":{"start":{"line":217,"column":0},"end":{"line":217,"column":16}},"11":{"start":{"line":224,"column":0},"end":{"line":224,"column":16}},"12":{"start":{"line":231,"column":0},"end":{"line":231,"column":16}},"13":{"start":{"line":238,"column":0},"end":{"line":238,"column":16}},"14":{"start":{"line":247,"column":0},"end":{"line":247,"column":16}},"15":{"start":{"line":277,"column":0},"end":{"line":277,"column":16}},"16":{"start":{"line":287,"column":0},"end":{"line":287,"column":16}},"17":{"start":{"line":294,"column":0},"end":{"line":294,"column":16}},"18":{"start":{"line":3,"column":0},"end":{"line":3,"column":61}},"19":{"start":{"line":36,"column":2},"end":{"line":36,"column":54}},"20":{"start":{"line":36,"column":29},"end":{"line":36,"column":52}},"21":{"start":{"line":43,"column":2},"end":{"line":43,"column":46}},"22":{"start":{"line":50,"column":2},"end":{"line":50,"column":55}},"23":{"start":{"line":50,"column":31},"end":{"line":50,"column":53}},"24":{"start":{"line":57,"column":2},"end":{"line":57,"column":54}},"25":{"start":{"line":57,"column":31},"end":{"line":57,"column":52}},"26":{"start":{"line":66,"column":44},"end":{"line":66,"column":46}},"27":{"start":{"line":67,"column":2},"end":{"line":69,"column":3}},"28":{"start":{"line":68,"column":4},"end":{"line":68,"column":43}},"29":{"start":{"line":70,"column":2},"end":{"line":70,"column":19}},"30":{"start":{"line":80,"column":31},"end":{"line":80,"column":33}},"31":{"start":{"line":81,"column":2},"end":{"line":92,"column":3}},"32":{"start":{"line":81,"column":17},"end":{"line":81,"column":18}},"33":{"start":{"line":82,"column":21},"end":{"line":82,"column":35}},"34":{"start":{"line":83,"column":4},"end":{"line":91,"column":5}},"35":{"start":{"line":84,"column":25},"end":{"line":84,"column":46}},"36":{"start":{"line":85,"column":6},"end":{"line":90,"column":7}},"37":{"start":{"line":86,"column":8},"end":{"line":89,"column":11}},"38":{"start":{"line":93,"column":2},"end":{"line":93,"column":15}},"39":{"start":{"line":104,"column":2},"end":{"line":112,"column":5}},"40":{"start":{"line":105,"column":4},"end":{"line":107,"column":5}},"41":{"start":{"line":106,"column":6},"end":{"line":106,"column":48}},"42":{"start":{"line":108,"column":4},"end":{"line":110,"column":5}},"43":{"start":{"line":109,"column":6},"end":{"line":109,"column":48}},"44":{"start":{"line":111,"column":4},"end":{"line":111,"column":18}},"45":{"start":{"line":124,"column":22},"end":{"line":124,"column":65}},"46":{"start":{"line":124,"column":42},"end":{"line":124,"column":64}},"47":{"start":{"line":125,"column":22},"end":{"line":125,"column":63}},"48":{"start":{"line":125,"column":40},"end":{"line":125,"column":62}},"49":{"start":{"line":127,"column":2},"end":{"line":129,"column":3}},"50":{"start":{"line":128,"column":4},"end":{"line":128,"column":30}},"51":{"start":{"line":131,"column":21},"end":{"line":143,"column":4}},"52":{"start":{"line":132,"column":4},"end":{"line":141,"column":5}},"53":{"start":{"line":133,"column":6},"end":{"line":140,"column":8}},"54":{"start":{"line":142,"column":4},"end":{"line":142,"column":13}},"55":{"start":{"line":145,"column":19},"end":{"line":156,"column":4}},"56":{"start":{"line":146,"column":4},"end":{"line":154,"column":5}},"57":{"start":{"line":147,"column":6},"end":{"line":153,"column":8}},"58":{"start":{"line":155,"column":4},"end":{"line":155,"column":13}},"59":{"start":{"line":158,"column":2},"end":{"line":158,"column":50}},"60":{"start":{"line":168,"column":27},"end":{"line":168,"column":29}},"61":{"start":{"line":171,"column":2},"end":{"line":173,"column":3}},"62":{"start":{"line":172,"column":4},"end":{"line":172,"column":79}},"63":{"start":{"line":176,"column":20},"end":{"line":176,"column":59}},"64":{"start":{"line":176,"column":47},"end":{"line":176,"column":57}},"65":{"start":{"line":177,"column":2},"end":{"line":181,"column":3}},"66":{"start":{"line":177,"column":15},"end":{"line":177,"column":16}},"67":{"start":{"line":178,"column":4},"end":{"line":180,"column":5}},"68":{"start":{"line":179,"column":6},"end":{"line":179,"column":49}},"69":{"start":{"line":184,"column":20},"end":{"line":184,"column":44}},"70":{"start":{"line":184,"column":39},"end":{"line":184,"column":43}},"71":{"start":{"line":185,"column":20},"end":{"line":185,"column":38}},"72":{"start":{"line":186,"column":2},"end":{"line":188,"column":3}},"73":{"start":{"line":187,"column":4},"end":{"line":187,"column":46}},"74":{"start":{"line":191,"column":2},"end":{"line":193,"column":3}},"75":{"start":{"line":192,"column":4},"end":{"line":192,"column":44}},"76":{"start":{"line":195,"column":2},"end":{"line":198,"column":4}},"77":{"start":{"line":208,"column":24},"end":{"line":208,"column":55}},"78":{"start":{"line":208,"column":44},"end":{"line":208,"column":54}},"79":{"start":{"line":209,"column":2},"end":{"line":209,"column":42}},"80":{"start":{"line":209,"column":21},"end":{"line":209,"column":42}},"81":{"start":{"line":211,"column":2},"end":{"line":211,"column":39}},"82":{"start":{"line":211,"column":27},"end":{"line":211,"column":37}},"83":{"start":{"line":218,"column":2},"end":{"line":218,"column":41}},"84":{"start":{"line":218,"column":29},"end":{"line":218,"column":39}},"85":{"start":{"line":225,"column":2},"end":{"line":225,"column":77}},"86":{"start":{"line":225,"column":31},"end":{"line":225,"column":52}},"87":{"start":{"line":225,"column":65},"end":{"line":225,"column":75}},"88":{"start":{"line":232,"column":2},"end":{"line":232,"column":58}},"89":{"start":{"line":232,"column":37},"end":{"line":232,"column":56}},"90":{"start":{"line":241,"column":2},"end":{"line":241,"column":62}},"91":{"start":{"line":241,"column":37},"end":{"line":241,"column":60}},"92":{"start":{"line":252,"column":33},"end":{"line":252,"column":35}},"93":{"start":{"line":254,"column":2},"end":{"line":261,"column":5}},"94":{"start":{"line":255,"column":4},"end":{"line":260,"column":7}},"95":{"start":{"line":263,"column":2},"end":{"line":269,"column":5}},"96":{"start":{"line":264,"column":4},"end":{"line":268,"column":7}},"97":{"start":{"line":271,"column":2},"end":{"line":271,"column":17}},"98":{"start":{"line":278,"column":2},"end":{"line":281,"column":28}},"99":{"start":{"line":279,"column":19},"end":{"line":279,"column":30}},"100":{"start":{"line":280,"column":20},"end":{"line":280,"column":65}},"101":{"start":{"line":281,"column":16},"end":{"line":281,"column":26}},"102":{"start":{"line":288,"column":2},"end":{"line":288,"column":67}},"103":{"start":{"line":288,"column":30},"end":{"line":288,"column":42}},"104":{"start":{"line":288,"column":55},"end":{"line":288,"column":65}},"105":{"start":{"line":295,"column":2},"end":{"line":295,"column":50}},"106":{"start":{"line":295,"column":28},"end":{"line":295,"column":38}}},"fnMap":{"0":{"name":"getPlayerAtCourtPosition","decl":{"start":{"line":32,"column":16},"end":{"line":32,"column":40}},"loc":{"start":{"line":34,"column":18},"end":{"line":37,"column":1}}},"1":{"name":"(anonymous_1)","decl":{"start":{"line":36,"column":22},"end":{"line":36,"column":23}},"loc":{"start":{"line":36,"column":29},"end":{"line":36,"column":52}}},"2":{"name":"getServer","decl":{"start":{"line":42,"column":16},"end":{"line":42,"column":25}},"loc":{"start":{"line":42,"column":48},"end":{"line":44,"column":1}}},"3":{"name":"getFrontRowPlayers","decl":{"start":{"line":49,"column":16},"end":{"line":49,"column":34}},"loc":{"start":{"line":49,"column":57},"end":{"line":51,"column":1}}},"4":{"name":"(anonymous_4)","decl":{"start":{"line":50,"column":24},"end":{"line":50,"column":25}},"loc":{"start":{"line":50,"column":31},"end":{"line":50,"column":53}}},"5":{"name":"getBackRowPlayers","decl":{"start":{"line":56,"column":16},"end":{"line":56,"column":33}},"loc":{"start":{"line":56,"column":56},"end":{"line":58,"column":1}}},"6":{"name":"(anonymous_6)","decl":{"start":{"line":57,"column":24},"end":{"line":57,"column":25}},"loc":{"start":{"line":57,"column":31},"end":{"line":57,"column":52}}},"7":{"name":"courtToPositionsRecord","decl":{"start":{"line":63,"column":16},"end":{"line":63,"column":38}},"loc":{"start":{"line":64,"column":24},"end":{"line":71,"column":1}}},"8":{"name":"positionsRecordToCourt","decl":{"start":{"line":76,"column":16},"end":{"line":76,"column":38}},"loc":{"start":{"line":78,"column":53},"end":{"line":94,"column":1}}},"9":{"name":"swapCourtPositions","decl":{"start":{"line":99,"column":16},"end":{"line":99,"column":34}},"loc":{"start":{"line":102,"column":19},"end":{"line":113,"column":1}}},"10":{"name":"(anonymous_10)","decl":{"start":{"line":104,"column":21},"end":{"line":104,"column":22}},"loc":{"start":{"line":104,"column":32},"end":{"line":112,"column":3}}},"11":{"name":"substitutePlayer","decl":{"start":{"line":118,"column":16},"end":{"line":118,"column":32}},"loc":{"start":{"line":122,"column":23},"end":{"line":159,"column":1}}},"12":{"name":"(anonymous_12)","decl":{"start":{"line":124,"column":35},"end":{"line":124,"column":36}},"loc":{"start":{"line":124,"column":42},"end":{"line":124,"column":64}}},"13":{"name":"(anonymous_13)","decl":{"start":{"line":125,"column":33},"end":{"line":125,"column":34}},"loc":{"start":{"line":125,"column":40},"end":{"line":125,"column":62}}},"14":{"name":"(anonymous_14)","decl":{"start":{"line":131,"column":33},"end":{"line":131,"column":34}},"loc":{"start":{"line":131,"column":39},"end":{"line":143,"column":3}}},"15":{"name":"(anonymous_15)","decl":{"start":{"line":145,"column":29},"end":{"line":145,"column":30}},"loc":{"start":{"line":145,"column":35},"end":{"line":156,"column":3}}},"16":{"name":"isValidLineup","decl":{"start":{"line":164,"column":16},"end":{"line":164,"column":29}},"loc":{"start":{"line":164,"column":52},"end":{"line":199,"column":1}}},"17":{"name":"(anonymous_17)","decl":{"start":{"line":176,"column":40},"end":{"line":176,"column":41}},"loc":{"start":{"line":176,"column":47},"end":{"line":176,"column":57}}},"18":{"name":"(anonymous_18)","decl":{"start":{"line":184,"column":32},"end":{"line":184,"column":33}},"loc":{"start":{"line":184,"column":39},"end":{"line":184,"column":43}}},"19":{"name":"findLibero","decl":{"start":{"line":204,"column":16},"end":{"line":204,"column":26}},"loc":{"start":{"line":206,"column":22},"end":{"line":212,"column":1}}},"20":{"name":"(anonymous_20)","decl":{"start":{"line":208,"column":37},"end":{"line":208,"column":38}},"loc":{"start":{"line":208,"column":44},"end":{"line":208,"column":54}}},"21":{"name":"(anonymous_21)","decl":{"start":{"line":211,"column":20},"end":{"line":211,"column":21}},"loc":{"start":{"line":211,"column":27},"end":{"line":211,"column":37}}},"22":{"name":"isLiberoOnCourt","decl":{"start":{"line":217,"column":16},"end":{"line":217,"column":31}},"loc":{"start":{"line":217,"column":54},"end":{"line":219,"column":1}}},"23":{"name":"(anonymous_23)","decl":{"start":{"line":218,"column":22},"end":{"line":218,"column":23}},"loc":{"start":{"line":218,"column":29},"end":{"line":218,"column":39}}},"24":{"name":"getLiberoEntryPositions","decl":{"start":{"line":224,"column":16},"end":{"line":224,"column":39}},"loc":{"start":{"line":224,"column":62},"end":{"line":226,"column":1}}},"25":{"name":"(anonymous_25)","decl":{"start":{"line":225,"column":24},"end":{"line":225,"column":25}},"loc":{"start":{"line":225,"column":31},"end":{"line":225,"column":52}}},"26":{"name":"(anonymous_26)","decl":{"start":{"line":225,"column":58},"end":{"line":225,"column":59}},"loc":{"start":{"line":225,"column":65},"end":{"line":225,"column":75}}},"27":{"name":"sortByNumber","decl":{"start":{"line":231,"column":16},"end":{"line":231,"column":28}},"loc":{"start":{"line":231,"column":71},"end":{"line":233,"column":1}}},"28":{"name":"(anonymous_28)","decl":{"start":{"line":232,"column":27},"end":{"line":232,"column":28}},"loc":{"start":{"line":232,"column":37},"end":{"line":232,"column":56}}},"29":{"name":"sortByPosition","decl":{"start":{"line":238,"column":16},"end":{"line":238,"column":30}},"loc":{"start":{"line":239,"column":14},"end":{"line":242,"column":1}}},"30":{"name":"(anonymous_30)","decl":{"start":{"line":241,"column":27},"end":{"line":241,"column":28}},"loc":{"start":{"line":241,"column":37},"end":{"line":241,"column":60}}},"31":{"name":"createLineupEntries","decl":{"start":{"line":247,"column":16},"end":{"line":247,"column":35}},"loc":{"start":{"line":250,"column":19},"end":{"line":272,"column":1}}},"32":{"name":"(anonymous_32)","decl":{"start":{"line":254,"column":21},"end":{"line":254,"column":22}},"loc":{"start":{"line":254,"column":41},"end":{"line":261,"column":3}}},"33":{"name":"(anonymous_33)","decl":{"start":{"line":263,"column":19},"end":{"line":263,"column":20}},"loc":{"start":{"line":263,"column":32},"end":{"line":269,"column":3}}},"34":{"name":"getStarterIds","decl":{"start":{"line":277,"column":16},"end":{"line":277,"column":29}},"loc":{"start":{"line":277,"column":51},"end":{"line":282,"column":1}}},"35":{"name":"(anonymous_35)","decl":{"start":{"line":279,"column":12},"end":{"line":279,"column":13}},"loc":{"start":{"line":279,"column":19},"end":{"line":279,"column":30}}},"36":{"name":"(anonymous_36)","decl":{"start":{"line":280,"column":10},"end":{"line":280,"column":11}},"loc":{"start":{"line":280,"column":20},"end":{"line":280,"column":65}}},"37":{"name":"(anonymous_37)","decl":{"start":{"line":281,"column":9},"end":{"line":281,"column":10}},"loc":{"start":{"line":281,"column":16},"end":{"line":281,"column":26}}},"38":{"name":"getBenchIds","decl":{"start":{"line":287,"column":16},"end":{"line":287,"column":27}},"loc":{"start":{"line":287,"column":49},"end":{"line":289,"column":1}}},"39":{"name":"(anonymous_39)","decl":{"start":{"line":288,"column":23},"end":{"line":288,"column":24}},"loc":{"start":{"line":288,"column":30},"end":{"line":288,"column":42}}},"40":{"name":"(anonymous_40)","decl":{"start":{"line":288,"column":48},"end":{"line":288,"column":49}},"loc":{"start":{"line":288,"column":55},"end":{"line":288,"column":65}}},"41":{"name":"getLiberoId","decl":{"start":{"line":294,"column":16},"end":{"line":294,"column":27}},"loc":{"start":{"line":294,"column":49},"end":{"line":296,"column":1}}},"42":{"name":"(anonymous_42)","decl":{"start":{"line":295,"column":21},"end":{"line":295,"column":22}},"loc":{"start":{"line":295,"column":28},"end":{"line":295,"column":38}}}},"branchMap":{"0":{"loc":{"start":{"line":83,"column":4},"end":{"line":91,"column":5}},"type":"if","locations":[{"start":{"line":83,"column":4},"end":{"line":91,"column":5}},{"start":{},"end":{}}]},"1":{"loc":{"start":{"line":85,"column":6},"end":{"line":90,"column":7}},"type":"if","locations":[{"start":{"line":85,"column":6},"end":{"line":90,"column":7}},{"start":{},"end":{}}]},"2":{"loc":{"start":{"line":105,"column":4},"end":{"line":107,"column":5}},"type":"if","locations":[{"start":{"line":105,"column":4},"end":{"line":107,"column":5}},{"start":{},"end":{}}]},"3":{"loc":{"start":{"line":108,"column":4},"end":{"line":110,"column":5}},"type":"if","locations":[{"start":{"line":108,"column":4},"end":{"line":110,"column":5}},{"start":{},"end":{}}]},"4":{"loc":{"start":{"line":127,"column":2},"end":{"line":129,"column":3}},"type":"if","locations":[{"start":{"line":127,"column":2},"end":{"line":129,"column":3}},{"start":{},"end":{}}]},"5":{"loc":{"start":{"line":127,"column":6},"end":{"line":127,"column":34}},"type":"binary-expr","locations":[{"start":{"line":127,"column":6},"end":{"line":127,"column":18}},{"start":{"line":127,"column":22},"end":{"line":127,"column":34}}]},"6":{"loc":{"start":{"line":132,"column":4},"end":{"line":141,"column":5}},"type":"if","locations":[{"start":{"line":132,"column":4},"end":{"line":141,"column":5}},{"start":{},"end":{}}]},"7":{"loc":{"start":{"line":146,"column":4},"end":{"line":154,"column":5}},"type":"if","locations":[{"start":{"line":146,"column":4},"end":{"line":154,"column":5}},{"start":{},"end":{}}]},"8":{"loc":{"start":{"line":171,"column":2},"end":{"line":173,"column":3}},"type":"if","locations":[{"start":{"line":171,"column":2},"end":{"line":173,"column":3}},{"start":{},"end":{}}]},"9":{"loc":{"start":{"line":178,"column":4},"end":{"line":180,"column":5}},"type":"if","locations":[{"start":{"line":178,"column":4},"end":{"line":180,"column":5}},{"start":{},"end":{}}]},"10":{"loc":{"start":{"line":186,"column":2},"end":{"line":188,"column":3}},"type":"if","locations":[{"start":{"line":186,"column":2},"end":{"line":188,"column":3}},{"start":{},"end":{}}]},"11":{"loc":{"start":{"line":191,"column":2},"end":{"line":193,"column":3}},"type":"if","locations":[{"start":{"line":191,"column":2},"end":{"line":193,"column":3}},{"start":{},"end":{}}]},"12":{"loc":{"start":{"line":209,"column":2},"end":{"line":209,"column":42}},"type":"if","locations":[{"start":{"line":209,"column":2},"end":{"line":209,"column":42}},{"start":{},"end":{}}]},"13":{"loc":{"start":{"line":280,"column":21},"end":{"line":280,"column":40}},"type":"binary-expr","locations":[{"start":{"line":280,"column":21},"end":{"line":280,"column":35}},{"start":{"line":280,"column":39},"end":{"line":280,"column":40}}]},"14":{"loc":{"start":{"line":280,"column":45},"end":{"line":280,"column":64}},"type":"binary-expr","locations":[{"start":{"line":280,"column":45},"end":{"line":280,"column":59}},{"start":{"line":280,"column":63},"end":{"line":280,"column":64}}]}},"s":{"0":1,"1":1,"2":1,"3":1,"4":1,"5":1,"6":1,"7":1,"8":1,"9":1,"10":1,"11":1,"12":1,"13":1,"14":1,"15":1,"16":1,"17":1,"18":1,"19":5,"20":15,"21":2,"22":2,"23":6,"24":2,"25":6,"26":2,"27":2,"28":6,"29":2,"30":2,"31":2,"32":2,"33":12,"34":12,"35":8,"36":8,"37":7,"38":2,"39":3,"40":18,"41":3,"42":15,"43":2,"44":13,"45":3,"46":8,"47":3,"48":5,"49":3,"50":2,"51":1,"52":6,"53":1,"54":5,"55":1,"56":3,"57":1,"58":2,"59":1,"60":4,"61":4,"62":1,"63":4,"64":23,"65":4,"66":4,"67":24,"68":2,"69":4,"70":23,"71":4,"72":4,"73":1,"74":4,"75":1,"76":4,"77":3,"78":13,"79":3,"80":1,"81":2,"82":5,"83":2,"84":12,"85":2,"86":6,"87":3,"88":2,"89":8,"90":2,"91":6,"92":2,"93":2,"94":7,"95":2,"96":2,"97":2,"98":1,"99":4,"100":3,"101":3,"102":1,"103":3,"104":2,"105":2,"106":3},"f":{"0":5,"1":15,"2":2,"3":2,"4":6,"5":2,"6":6,"7":2,"8":2,"9":3,"10":18,"11":3,"12":8,"13":5,"14":6,"15":3,"16":4,"17":23,"18":23,"19":3,"20":13,"21":5,"22":2,"23":12,"24":2,"25":6,"26":3,"27":2,"28":8,"29":2,"30":6,"31":2,"32":7,"33":2,"34":1,"35":4,"36":3,"37":3,"38":1,"39":3,"40":2,"41":2,"42":3},"b":{"0":[8,4],"1":[7,1],"2":[3,15],"3":[2,13],"4":[2,1],"5":[3,2],"6":[1,5],"7":[1,2],"8":[1,3],"9":[2,22],"10":[1,3],"11":[1,3],"12":[1,2],"13":[3,0],"14":[3,0]}}
,"/Users/kdye/Sites/volleyball-stats-mobile/src/lib/localStorage.ts": {"path":"/Users/kdye/Sites/volleyball-stats-mobile/src/lib/localStorage.ts","statementMap":{"0":{"start":{"line":108,"column":0},"end":{"line":108,"column":7}},"1":{"start":{"line":112,"column":0},"end":{"line":112,"column":7}},"2":{"start":{"line":123,"column":0},"end":{"line":123,"column":7}},"3":{"start":{"line":129,"column":0},"end":{"line":129,"column":7}},"4":{"start":{"line":137,"column":0},"end":{"line":137,"column":7}},"5":{"start":{"line":148,"column":0},"end":{"line":148,"column":7}},"6":{"start":{"line":154,"column":0},"end":{"line":154,"column":7}},"7":{"start":{"line":158,"column":0},"end":{"line":158,"column":7}},"8":{"start":{"line":163,"column":0},"end":{"line":163,"column":7}},"9":{"start":{"line":174,"column":0},"end":{"line":174,"column":7}},"10":{"start":{"line":180,"column":0},"end":{"line":180,"column":16}},"11":{"start":{"line":1,"column":0},"end":{"line":1,"column":69}},"12":{"start":{"line":3,"column":13},"end":{"line":7,"column":2}},"13":{"start":{"line":11,"column":2},"end":{"line":17,"column":3}},"14":{"start":{"line":12,"column":17},"end":{"line":12,"column":48}},"15":{"start":{"line":13,"column":4},"end":{"line":13,"column":42}},"16":{"start":{"line":15,"column":4},"end":{"line":15,"column":50}},"17":{"start":{"line":16,"column":4},"end":{"line":16,"column":16}},"18":{"start":{"line":21,"column":2},"end":{"line":25,"column":3}},"19":{"start":{"line":22,"column":4},"end":{"line":22,"column":59}},"20":{"start":{"line":24,"column":4},"end":{"line":24,"column":50}},"21":{"start":{"line":109,"column":2},"end":{"line":109,"column":56}},"22":{"start":{"line":113,"column":16},"end":{"line":113,"column":37}},"23":{"start":{"line":114,"column":16},"end":{"line":114,"column":54}},"24":{"start":{"line":114,"column":37},"end":{"line":114,"column":53}},"25":{"start":{"line":115,"column":2},"end":{"line":119,"column":3}},"26":{"start":{"line":116,"column":4},"end":{"line":116,"column":24}},"27":{"start":{"line":118,"column":4},"end":{"line":118,"column":21}},"28":{"start":{"line":120,"column":2},"end":{"line":120,"column":35}},"29":{"start":{"line":124,"column":16},"end":{"line":124,"column":37}},"30":{"start":{"line":125,"column":2},"end":{"line":125,"column":60}},"31":{"start":{"line":125,"column":46},"end":{"line":125,"column":57}},"32":{"start":{"line":130,"column":18},"end":{"line":130,"column":68}},"33":{"start":{"line":131,"column":2},"end":{"line":133,"column":3}},"34":{"start":{"line":132,"column":4},"end":{"line":132,"column":52}},"35":{"start":{"line":132,"column":31},"end":{"line":132,"column":50}},"36":{"start":{"line":134,"column":2},"end":{"line":134,"column":17}},"37":{"start":{"line":138,"column":18},"end":{"line":138,"column":41}},"38":{"start":{"line":139,"column":16},"end":{"line":139,"column":58}},"39":{"start":{"line":139,"column":39},"end":{"line":139,"column":57}},"40":{"start":{"line":140,"column":2},"end":{"line":144,"column":3}},"41":{"start":{"line":141,"column":4},"end":{"line":141,"column":28}},"42":{"start":{"line":143,"column":4},"end":{"line":143,"column":25}},"43":{"start":{"line":145,"column":2},"end":{"line":145,"column":39}},"44":{"start":{"line":149,"column":18},"end":{"line":149,"column":41}},"45":{"start":{"line":150,"column":2},"end":{"line":150,"column":64}},"46":{"start":{"line":150,"column":50},"end":{"line":150,"column":61}},"47":{"start":{"line":155,"column":2},"end":{"line":155,"column":59}},"48":{"start":{"line":159,"column":18},"end":{"line":159,"column":41}},"49":{"start":{"line":160,"column":2},"end":{"line":160,"column":48}},"50":{"start":{"line":160,"column":27},"end":{"line":160,"column":38}},"51":{"start":{"line":164,"column":18},"end":{"line":164,"column":41}},"52":{"start":{"line":165,"column":16},"end":{"line":165,"column":57}},"53":{"start":{"line":165,"column":39},"end":{"line":165,"column":56}},"54":{"start":{"line":166,"column":2},"end":{"line":170,"column":3}},"55":{"start":{"line":167,"column":4},"end":{"line":167,"column":27}},"56":{"start":{"line":169,"column":4},"end":{"line":169,"column":24}},"57":{"start":{"line":171,"column":2},"end":{"line":171,"column":39}},"58":{"start":{"line"
[...]
ine":144,"column":2},"end":{"line":144,"column":33}}},"fnMap":{"0":{"name":"isBackRow","decl":{"start":{"line":12,"column":16},"end":{"line":12,"column":25}},"loc":{"start":{"line":12,"column":42},"end":{"line":14,"column":1}}},"1":{"name":"isFrontRow","decl":{"start":{"line":16,"column":16},"end":{"line":16,"column":26}},"loc":{"start":{"line":16,"column":43},"end":{"line":18,"column":1}}},"2":{"name":"canSubstitute","decl":{"start":{"line":20,"column":16},"end":{"line":20,"column":29}},"loc":{"start":{"line":22,"column":23},"end":{"line":44,"column":1}}},"3":{"name":"canLiberoEnter","decl":{"start":{"line":46,"column":16},"end":{"line":46,"column":30}},"loc":{"start":{"line":46,"column":47},"end":{"line":54,"column":1}}},"4":{"name":"rotatePositions","decl":{"start":{"line":64,"column":16},"end":{"line":64,"column":31}},"loc":{"start":{"line":65,"column":42},"end":{"line":75,"column":1}}},"5":{"name":"reverseRotation","decl":{"start":{"line":84,"column":16},"end":{"line":84,"column":31}},"loc":{"start":{"line":85,"column":42},"end":{"line":95,"column":1}}},"6":{"name":"getPlayerAtPosition","decl":{"start":{"line":100,"column":16},"end":{"line":100,"column":35}},"loc":{"start":{"line":103,"column":25},"end":{"line":115,"column":1}}},"7":{"name":"shouldLiberoLeave","decl":{"start":{"line":121,"column":16},"end":{"line":121,"column":33}},"loc":{"start":{"line":123,"column":23},"end":{"line":145,"column":1}}}},"branchMap":{"0":{"loc":{"start":{"line":25,"column":2},"end":{"line":27,"column":3}},"type":"if","locations":[{"start":{"line":25,"column":2},"end":{"line":27,"column":3}},{"start":{},"end":{}}]},"1":{"loc":{"start":{"line":29,"column":2},"end":{"line":34,"column":3}},"type":"if","locations":[{"start":{"line":29,"column":2},"end":{"line":34,"column":3}},{"start":{},"end":{}}]},"2":{"loc":{"start":{"line":36,"column":2},"end":{"line":41,"column":3}},"type":"if","locations":[{"start":{"line":36,"column":2},"end":{"line":41,"column":3}},{"start":{},"end":{}}]},"3":{"loc":{"start":{"line":47,"column":2},"end":{"line":52,"column":3}},"type":"if","locations":[{"start":{"line":47,"column":2},"end":{"line":52,"column":3}},{"start":{},"end":{}}]},"4":{"loc":{"start":{"line":125,"column":2},"end":{"line":125,"column":44}},"type":"if","locations":[{"start":{"line":125,"column":2},"end":{"line":125,"column":44}},{"start":{},"end":{}}]}},"s":{"0":2,"1":2,"2":2,"3":2,"4":2,"5":2,"6":2,"7":2,"8":2,"9":26,"10":19,"11":11,"12":4,"13":7,"14":2,"15":5,"16":3,"17":2,"18":6,"19":3,"20":3,"21":14,"22":0,"23":8,"24":8,"25":8,"26":8,"27":6,"28":8,"29":7,"30":2,"31":5,"32":5,"33":5},"f":{"0":26,"1":19,"2":11,"3":6,"4":14,"5":0,"6":8,"7":7},"b":{"0":[4,7],"1":[2,5],"2":[3,2],"3":[3,3],"4":[2,5]}}
,"/Users/kdye/Sites/volleyball-stats-mobile/src/lib/validation-utils.ts": {"path":"/Users/kdye/Sites/volleyball-stats-mobile/src/lib/validation-utils.ts","statementMap":{"0":{"start":{"line":6,"column":0},"end":{"line":6,"column":16}},"1":{"start":{"line":14,"column":0},"end":{"line":14,"column":16}},"2":{"start":{"line":21,"column":0},"end":{"line":21,"column":16}},"3":{"start":{"line":28,"column":0},"end":{"line":28,"column":16}},"4":{"start":{"line":35,"column":0},"end":{"line":35,"column":16}},"5":{"start":{"line":42,"column":0},"end":{"line":42,"column":16}},"6":{"start":{"line":49,"column":0},"end":{"line":49,"column":16}},"7":{"start":{"line":58,"column":0},"end":{"line":58,"column":16}},"8":{"start":{"line":66,"column":0},"end":{"line":66,"column":16}},"9":{"start":{"line":75,"column":0},"end":{"line":75,"column":16}},"10":{"start":{"line":82,"column":0},"end":{"line":82,"column":16}},"11":{"start":{"line":91,"column":0},"end":{"line":91,"column":16}},"12":{"start":{"line":103,"column":0},"end":{"line":103,"column":16}},"13":{"start":{"line":110,"column":0},"end":{"line":110,"column":16}},"14":{"start":{"line":124,"column":0},"end":{"line":124,"column":16}},"15":{"start":{"line":135,"column":0},"end":{"line":135,"column":16}},"16":{"start":{"line":145,"column":0},"end":{"line":145,"column":16}},"17":{"start":{"line":154,"column":0},"end":{"line":154,"column":16}},"18":{"start":{"line":163,"column":0},"end":{"line":163,"column":16}},"19":{"start":{"line":190,"column":0},"end":{"line":190,"column":16}},"20":{"start":{"line":227,"column":0},"end":{"line":227,"column":16}},"21":{"start":{"line":7,"column":21},"end":{"line":7,"column":49}},"22":{"start":{"line":8,"column":2},"end":{"line":8,"column":32}},"23":{"start":{"line":15,"column":2},"end":{"line":15,"column":65}},"24":{"start":{"line":22,"column":2},"end":{"line":22,"column":47}},"25":{"start":{"line":29,"column":2},"end":{"line":29,"column":73}},"26":{"start":{"line":36,"column":2},"end":{"line":36,"column":70}},"27":{"start":{"line":43,"column":2},"end":{"line":43,"column":62}},"28":{"start":{"line":50,"column":2},"end":{"line":50,"column":44}},"29":{"start":{"line":50,"column":31},"end":{"line":50,"column":44}},"30":{"start":{"line":51,"column":20},"end":{"line":51,"column":45}},"31":{"start":{"line":52,"column":2},"end":{"line":52,"column":37}},"32":{"start":{"line":59,"column":2},"end":{"line":59,"column":44}},"33":{"start":{"line":59,"column":31},"end":{"line":59,"column":44}},"34":{"start":{"line":60,"column":2},"end":{"line":60,"column":62}},"35":{"start":{"line":67,"column":2},"end":{"line":67,"column":44}},"36":{"start":{"line":67,"column":31},"end":{"line":67,"column":44}},"37":{"start":{"line":68,"column":20},"end":{"line":68,"column":34}},"38":{"start":{"line":69,"column":2},"end":{"line":69,"column":37}},"39":{"start":{"line":76,"column":2},"end":{"line":76,"column":30}},"40":{"start":{"line":83,"column":2},"end":{"line":83,"column":47}},"41":{"start":{"line":83,"column":34},"end":{"line":83,"column":47}},"42":{"start":{"line":84,"column":15},"end":{"line":84,"column":32}},"43":{"start":{"line":85,"column":2},"end":{"line":85,"column":32}},"44":{"start":{"line":92,"column":12},"end":{"line":92,"column":60}},"45":{"start":{"line":93,"column":2},"end":{"line":93,"column":39}},"46":{"start":{"line":93,"column":26},"end":{"line":93,"column":39}},"47":{"start":{"line":95,"column":16},"end":{"line":95,"column":26}},"48":{"start":{"line":96,"column":2},"end":{"line":96,"column":29}},"49":{"start":{"line":97,"column":2},"end":{"line":97,"column":20}},"50":{"start":{"line":104,"column":2},"end":{"line":104,"column":58}},"51":{"start":{"line":113,"column":2},"end":{"line":117,"column":3}},"52":{"start":{"line":113,"column":15},"end":{"line":113,"column":16}},"53":{"start":{"line":114,"column":4},"end":{"line":116,"column":5}},"54":{"start":{"line":115,"column":6},"end":{"line":115,"column":19}},"55":{"start":{"line":118,"column":2},"end":{"line":118,"column":14}},"56":{"start":{"line":127,"column":20},"end":{"line":127,"column":62}},"57":{"start":{"line":128,"column":20},"end":{"line":128,"column":38}},"58":{"start":{"line":129,"column":2},"end":{"line":129,"column":45}},"59":{"start":{"line":139,"column":2},"end":{"line":139,"column":76}},"60":{"start":{"line":148,"column":2},"end":{"line":148,"column":54}},"61":{"start":{"line":157,"column":2},"end":{"line":157,"column":81}},"62":{"start":{"line":172,"column":2},"end":{"line":179,"column":23}},"63":{"start":{"line":196,"column":27},"end":{"line":196,"column":29}},"64":{"start":{"line":198,"column":2},"end":{"line":200,"column":3}},"65":{"start":{"line":199,"column":4},"end":{"line":199,"column":58}},"66":{"start":{"line":202,"column":2},"end":{"line":204,"column":3}},"67":{"start":{"line":203,"column":4},"end":{"line":203,"column":72}},"68":{"start":{"line":206,"column":2},"end":{"line":208,"column":3}},"69":{"start":{"line":207,"column":4},"end":{"line":207,"column":71}},"70":{"start":{"line":210,"column":2},"end":{"line":216,"column":3}},"71":{"start":{"line":215,"column":4},"end":{"line":215,"column":43}},"72":{"start":{"line":218,"column":2},"end":{"line":221,"column":4}},"73":{"start":{"line":231,"column":27},"end":{"line":231,"column":29}},"74":{"start":{"line":233,"column":2},"end":{"line":235,"column":3}},"75":{"start":{"line":234,"column":4},"end":{"line":234,"column":54}},"76":{"start":{"line":237,"column":2},"end":{"line":243,"column":3}},"77":{"start":{"line":242,"column":4},"end":{"line":242,"column":62}},"78":{"start":{"line":245,"column":2},"end":{"line":248,"column":4}}},"fnMap":{"0":{"name":"isValidEmail","decl":{"start":{"line":6,"column":16},"end":{"line":6,"column":28}},"loc":{"start":{"line":6,"column":42},"end":{"line":9,"column":1}}},"1":{"name":"isValidPlayerNumber","decl":{"start":{"line":14,"column":16},"end":{"line":14,"column":35}},"loc":{"start":{"line":14,"column":50},"end":{"line":16,"column":1}}},"2":{"name":"isValidScore","decl":{"start":{"line":21,"column":16},"end":{"line":21,"column":28}},"loc":{"start":{"line":21,"column":42},"end":{"line":23,"column":1}}},"3":{"name":"isValidSetNumber","decl":{"start":{"line":28,"column":16},"end":{"line":28,"column":32}},"loc":{"start":{"line":28,"column":50},"end":{"line":30,"column":1}}},"4":{"name":"isValidPositionNumber","decl":{"start":{"line":35,"column":16},"end":{"line":35,"column":37}},"loc":{"start":{"line":35,"column":54},"end":{"line":37,"column":1}}},"5":{"name":"isNonEmptyString","decl":{"start":{"line":42,"column":16},"end":{"line":42,"column":32}},"loc":{"start":{"line":42,"column":65},"end":{"line":44,"column":1}}},"6":{"name":"isValidName","decl":{"start":{"line":49,"column":16},"end":{"line":49,"column":27}},"loc":{"start":{"line":49,"column":40},"end":{"line":53,"column":1}}},"7":{"name":"isValidTeamName","decl":{"start":{"line":58,"column":16},"end":{"line":58,"column":31}},"loc":{"start":{"line":58,"column":44},"end":{"line":61,"column":1}}},"8":{"name":"isValidAbbreviation","decl":{"start":{"line":66,"column":16},"end":{"line":66,"column":35}},"loc":{"start":{"line":66,"column":48},"end":{"line":70,"column":1}}},"9":{"name":"isValidId","decl":{"start":{"line":75,"column":16},"end":{"line":75,"column":25}},"loc":{"start":{"line":75,"column":55},"end":{"line":77,"column":1}}},"10":{"name":"isValidDateString","decl":{"start":{"line":82,"column":16},"end":{"line":82,"column":33}},"loc":{"start":{"line":82,"column":49},"end":{"line":86,"column":1}}},"11":{"name":"isNotInPast","decl":{"start":{"line":91,"column":16},"end":{"line":91,"column":27}},"loc":{"start":{"line":91,"column":47},"end":{"line":98,"column":1}}},"12":{"name":"isValidLineupSize","decl":{"start":{"line":103,"column":16},"end":{"line":103,"column":33}},"loc":{"start":{"line":103,"column":53},"end":{"line":105,"column":1}}},"13":{"name":"areAllPositionsFilled","decl":{"start":{"line":110,"column":16},"end":{"line":110,"column":37}},"loc":{"start":{"line":111,"column":54},"end":{"line":119,"column":1}}},"14":{"name":"hasNoDuplicatePlayers","decl":{"start":{"line":124,"column":16},"end":{"line":124,"column":37}},"loc":{"start":{"line":125,"column":54},"end":{"line":130,"column":1}}},"15":{"name":"isValidSubCount","decl":{"start":{"line":135,"column":16},"end":{"line":135,"column":31}},"loc":{"start":{"line":137,"column":22},"end":{"line":140,"column":1}}},"16":{"name":"isValidMatchType","decl":{"start":{"line":145,"column":16},"end":{"line":145,"column":32}},"loc":{"start":{"line":146,"column":14},"end":{"line":149,"column":1}}},"17":{"name":"isValidMatchStatus","decl":{"start":{"line":154,"column":16},"end":{"line":154,"column":34}},"loc":{"start":{"line":155,"column":16},"end":{"line":158,"column":1}}},"18":{"name":"isValidPlayerPosition","decl":{"start":{"line":163,"column":16},"end":{"line":163,"column":37}},"loc":{"start":{"line":164,"column":18},"end":{"line":180,"column":1}}},"19":{"name":"validatePlayer","decl":{"start":{"line":190,"column":16},"end":{"line":190,"column":30}},"loc":{"start":{"line":195,"column":1},"end":{"line":222,"column":1}}},"20":{"name":"validateTeam","decl":{"start":{"line":227,"column":16},"end":{"line":227,"column":28}},"loc":{"start":{"line":230,"column":1},"end":{"line":249,"column":1}}}},"branchMap":{"0":{"loc":{"start":{"line":15,"column":9},"end":{"line":15,"column":64}},"type":"binary-expr","locations":[{"start":{"line":15,"column":9},"end":{"line":15,"column":33}},{"start":{"line":15,"column":37},"end":{"line":15,"column":48}},{"start":{"line":15,"column":52},"end":{"line":15,"column":64}}]},"1":{"loc":{"start":{"line":22,"column":9},"end":{"line":22,"column":46}},"type":"binary-expr","locations":[{"start":{"line":22,"column":9},"end":{"line":22,"column":32}},{"start":{"line":22,"column":36},"end":{"line":22,"column":46}}]},"2":{"loc":{"start":{"line":29,"column":9},"end":{"line":29,"column":72}},"type":"binary-expr","locations":[{"start":{"line":29,"column":9},"end":{"line":29,"column":36}},{"start":{"line":29,"column":40},"end":{"line":29,"column":54}},{"start":{"line":29,"column":58},"end":{"line":29,"column":72}}]},"3":{"loc":{"start":{"line":36,"column":9},"end":{"line":36,"column":69}},"type":"binary-expr","locations":[{"start":{"line":36,"column":9},"end":{"line":36,"column":35}},{"start":{"line":36,"column":39},"end":{"line":36,"column":52}},{"start":{"line":36,"column":56},"end":{"line":36,"column":69}}]},"4":{"loc":{"start":{"line":43,"column":9},"end":{"line":43,"column":61}},"type":"binary-expr","locations":[{"start":{"line":43,"column":9},"end":{"line":43,"column":34}},{"start":{"line":43,"column":38},"end":{"line":43,"column":61}}]},"5":{"loc":{"start":{"line":50,"column":2},"end":{"line":50,"column":44}},"type":"if","locations":[{"start":{"line":50,"column":2},"end":{"line":50,"column":44}},{"start":{},"end":{}}]},"6":{"loc":{"start":{"line":59,"column":2},"end":{"line":59,"column":44}},"type":"if","locations":[{"start":{"line":59,"column":2},"end":{"line":59,"column":44}},{"start":{},"end":{}}]},"7":{"loc":{"start":{"line":60,"column":9},"end":{"line":60,"column":61}},"type":"binary-expr","locations":[{"start":{"line":60,"column":9},"end":{"line":60,"column":32}},{"start":{"line":60,"column":36},"end":{"line":60,"column":61}}]},"8":{"loc":{"start":{"line":67,"column":2},"end":{"line":67,"column":44}},"type":"if","locations":[{"start":{"line":67,"column":2},"end":{"line":67,"column":44}},{"start":{},"end":{}}]},"9":{"loc":{"start":{"line":83,"column":2},"end":{"line":83,"column":47}},"type":"if","locations":[{"start":{"line":83,"column":2},"end":{"line":83,"column":47}},{"start":{},"end":{}}]},"10":{"loc":{"start":{"line":92,"column":12},"end":{"line":92,"column":60}},"type":"cond-expr","locations":[{"start":{"line":92,"column":39},"end":{"line":92,"column":53}},{"start":{"line":92,"column":56},"end":{"line":92,"column":60}}]},"11":{"loc":{"start":{"line":93,"column":2},"end":{"line":93,"column":39}},"type":"if","locations":[{"start":{"line":93,"column":2},"end":{"line":93,"column":39}},{"start":{},"end":{}}]},"12":{"loc":{"start":{"line":104,"column":9},"end":{"line":104,"column":57}},"type":"binary-expr","locations":[{"start":{"line":104,"column":9},"end":{"line":104,"column":32}},{"start":{"line":104,"column":36},"end":{"line":104,"column":57}}]},"13":{"loc":{"start":{"line":114,"column":4},"end":{"line":116,"column":5}},"type":"if","locations":[{"start":{"line":114,"column":4},"end":{"line":116,"column":5}},{"start":{},"end":{}}]},"14":{"loc":{"start":{"line":137,"column":2},"end":{"line":137,"column":22}},"type":"default-arg","locations":[{"start":{"line":137,"column":20},"end":{"line":137,"column":22}}]},"15":{"loc":{"start":{"line":139,"column":9},"end":{"line":139,"column":75}},"type":"binary-expr","locations":[{"start":{"line":139,"column":9},"end":{"line":139,"column":35}},{"start":{"line":139,"column":39},"end":{"line":139,"column":52}},{"start":{"line":139,"column":56},"end":{"line":139,"column":75}}]},"16":{"loc":{"start":{"line":148,"column":9},"end":{"line":148,"column":53}},"type":"binary-expr","locations":[{"start":{"line":148,"column":9},"end":{"line":148,"column":29}},{"start":{"line":148,"column":33},"end":{"line":148,"column":53}}]},"17":{"loc":{"start":{"line":198,"column":2},"end":{"line":200,"column":3}},"type":"if","locations":[{"start":{"line":198,"column":2},"end":{"line":200,"column":3}},{"start":{},"end":{}}]},"18":{"loc":{"start":{"line":198,"column":6},"end":{"line":198,"column":72}},"type":"binary-expr","locations":[{"start":{"line":198,"column":6},"end":{"line":198,"column":33}},{"start":{"line":198,"column":37},"end":{"line":198,"column":72}}]},"19":{"loc":{"start":{"line":202,"column":2},"end":{"line":204,"column":3}},"type":"if","locations":[{"start":{"line":202,"column":2},"end":{"line":204,"column":3}},{"start":{},"end":{}}]},"20":{"loc":{"start":{"line":202,"column":6},"end":{"line":202,"column":70}},"type":"binary-expr","locations":[{"start":{"line":202,"column":6},"end":{"line":202,"column":36}},{"start":{"line":202,"column":40},"end":{"line":202,"column":70}}]},"21":{"loc":{"start":{"line":206,"column":2},"end":{"line":208,"column":3}},"type":"if","locations":[{"start":{"line":206,"column":2},"end":{"line":208,"column":3}},{"start":{},"end":{}}]},"22":{"loc":{"start":{"line":206,"column":6},"end":{"line":206,"column":68}},"type":"binary-expr","locations":[{"start":{"line":206,"column":6},"end":{"line":206,"column":35}},{"start":{"line":206,"column":39},"end":{"line":206,"column":68}}]},"23":{"loc":{"start":{"line":210,"column":2},"end":{"line":216,"column":3}},"type":"if","locations":[{"start":{"line":210,"column":2},"end":{"line":216,"column":3}},{"start":{},"end":{}}]},"24":{"loc":{"start":{"line":211,"column":4},"end":{"line":213,"column":43}},"type":"binary-expr","locations":[{"start":{"line":211,"column":4},"end":{"line":211,"column":33}},{"start":{"line":212,"column":4},"end":{"line":212,"column":28}},{"start":{"line":213,"column":4},"end":{"line":213,"column":43}}]},"25":{"loc":{"start":{"line":233,"column":2},"end":{"line":235,"column":3}},"type":"if","locations":[{"start":{"line":233,"column":2},"end":{"line":235,"column":3}},{"start":{},"end":{}}]},"26":{"loc":{"start":{"line":233,"column":6},"end":{"line":233,"column":60}},"type":"binary-expr","locations":[{"start":{"line":233,"column":6},"end":{"line":233,"column":29}},{"start":{"line":233,"column":33},"end":{"line":233,"column":60}}]},"27":{"loc":{"start":{"line":237,"column":2},"end":{"line":243,"column":3}},"type":"if","locations":[{"start":{"line":237,"column":2},"end":{"line":243,"column":3}},{"start":{},"end":{}}]},"28":{"loc":{"start":{"line":238,"column":4},"end":{"line":240,"column":57}},"type":"binary-expr","locations":[{"start":{"line":238,"column":4},"end":{"line":238,"column":35}},{"start":{"line":239,"column":4},"end":{"line":239,"column":28}},{"start":{"line":240,"column":4},"end":{"line":240,"column":57}}]}},"s":{"0":1,"1":1,"2":1,"3":1,"4":1,"5":1,"6":1,"7":1,"8":1,"9":1,"10":1,"11":1,"12":1,"13":1,"14":1,"15":1,"16":1,"17":1,"18":1,"19":1,"20":1,"21":8,"22":8,"23":10,"24":5,"25":6,"26":6,"27":99,"28":17,"29":2,"30":15,"31":15,"32":11,"33":3,"34":8,"35":10,"36":1,"37":9,"38":9,"39":47,"40":6,"41":1,"42":5,"43":5,"44":5,"45":5,"46":1,"47":4,"48":4,"49":4,"50":6,"51":4,"52":4,"53":24,"54":3,"55":1,"56":3,"57":3,"58":3,"59":8,"60":4,"61":6,"62":11,"63":5,"64":5,"65":1,"66":5,"67":1,"68":5,"69":1,"70":5,"71":1,"72":5,"73":4,"74":4,"75":1,"76":4,"77":1,"78":4},"f":{"0":8,"1":10,"2":5,"3":6,"4":6,"5":99,"6":17,"7":11,"8":10,"9":47,"10":6,"11":5,"12":6,"13":4,"14":3,"15":8,"16":4,"17":6,"18":11,"19":5,"20":4},"b":{"0":[10,9,6],"1":[5,4],"2":[6,5,4],"3":[6,5,4],"4":[99,88],"5":[2,15],"6":[3,8],"7":[8,6],"8":[1,9],"9":[1,5],"10":[2,3],"11":[1,4],"12":[6,5],"13":[3,21],"14":[6],"15":[8,7,6],"16":[4,3],"17":[1,4],"18":[5,3],"19":[1,4],"20":[5,3],"21":[1,4],"22":[5,3],"23":[1,4],"24":[5,3,2],"25":[1,3],"26":[4,3],"27":[1,3],"28":[4,3,2]}}
,"/Users/kdye/Sites/volleyball-stats-mobile/src/types/stats.ts": {"path":"/Users/kdye/Sites/volleyball-stats-mobile/src/types/stats.ts","statementMap":{"0":{"start":{"line":105,"column":13},"end":{"line":110,"column":2}}},"fnMap":{},"branchMap":{},"s":{"0":2},"f":{},"b":{}}
}
