TN:
SF:src/lib/api.ts
FN:14,(anonymous_9)
FN:24,(anonymous_10)
FN:37,getAuthToken
FN:48,setAuthToken
FN:55,clearAuthToken
FN:62,buildQueryString
FN:64,(anonymous_15)
FN:76,fetchApi
FN:128,(anonymous_17)
FN:133,(anonymous_18)
FN:140,(anonymous_19)
FN:147,(anonymous_20)
FN:154,(anonymous_21)
FNF:13
FNH:6
FNDA:11,(anonymous_9)
FNDA:7,(anonymous_10)
FNDA:11,getAuthToken
FNDA:0,setAuthToken
FNDA:0,clearAuthToken
FNDA:12,buildQueryString
FNDA:19,(anonymous_15)
FNDA:11,fetchApi
FNDA:0,(anonymous_17)
FNDA:0,(anonymous_18)
FNDA:0,(anonymous_19)
FNDA:0,(anonymous_20)
FNDA:0,(anonymous_21)
DA:6,1
DA:7,1
DA:9,1
DA:10,1
DA:11,1
DA:14,1
DA:15,11
DA:16,0
DA:23,1
DA:26,7
DA:27,7
DA:29,7
DA:30,7
DA:37,1
DA:38,11
DA:39,11
DA:41,0
DA:48,1
DA:49,0
DA:55,1
DA:56,0
DA:62,1
DA:63,12
DA:64,12
DA:65,19
DA:66,15
DA:69,12
DA:70,12
DA:76,1
DA:80,11
DA:82,11
DA:87,11
DA:88,1
DA:91,11
DA:92,11
DA:94,11
DA:100,11
DA:101,11
DA:102,2
DA:103,1
DA:108,1
DA:111,9
DA:113,9
DA:114,2
DA:121,7
DA:127,1
DA:129,0
DA:130,0
DA:134,0
DA:141,0
DA:148,0
DA:155,0
LF:52
LH:42
BRDA:15,0,0,0
BRDA:15,0,1,11
BRDA:65,1,0,15
BRDA:65,1,1,4
BRDA:70,2,0,10
BRDA:70,2,1,2
BRDA:78,3,0,7
BRDA:87,4,0,1
BRDA:87,4,1,10
BRDA:92,5,0,11
BRDA:92,5,1,8
BRDA:101,6,0,2
BRDA:101,6,1,9
BRDA:102,7,0,1
BRDA:102,7,1,1
BRDA:113,8,0,2
BRDA:113,8,1,7
BRDA:115,9,0,2
BRDA:115,9,1,0
BRDA:129,10,0,0
BRDA:129,10,1,0
BRDA:136,11,0,0
BRDA:136,11,1,0
BRDA:143,12,0,0
BRDA:143,12,1,0
BRDA:150,13,0,0
BRDA:150,13,1,0
BRF:27
BRH:17
end_of_record
TN:
SF:src/lib/config.ts
FN:12,(anonymous_1)
FNF:1
FNH:0
FNDA:0,(anonymous_1)
DA:6,0
DA:12,0
DA:13,0
DA:15,0
DA:16,0
DA:19,0
DA:23,0
DA:41,0
DA:44,0
DA:47,0
DA:48,0
LF:11
LH:0
BRDA:15,0,0,0
BRDA:15,0,1,0
BRDA:16,1,0,0
BRDA:16,1,1,0
BRF:4
BRH:0
end_of_record
TN:
SF:src/lib/database.ts
FN:6,getDatabase
FN:14,runMigrations
FN:20,(anonymous_11)
FN:30,initializeDatabase
FN:224,getLocalTeams
FN:236,(anonymous_14)
FN:247,getLocalTeam
FN:272,saveLocalTeam
FN:281,deleteLocalTeam
FN:288,getLocalPlayers
FN:305,(anonymous_19)
FN:316,getLocalPlayer
FN:341,saveLocalPlayer
FN:350,deleteLocalPlayer
FN:357,getLocalMatches
FN:403,getLocalMatch
FN:445,getMatchSets
FN:491,getSetPlays
FN:504,(anonymous_27)
FN:516,getSetCourtPositions
FN:523,(anonymous_29)
FN:529,getMatchLineup
FN:538,(anonymous_31)
FN:546,saveLocalMatch
FN:628,deleteLocalMatch
FN:636,generateId
FN:641,migrateFromAsyncStorage
FN:642,(anonymous_36)
FN:642,(anonymous_37)
FNF:29
FNH:1
FNDA:0,getDatabase
FNDA:0,runMigrations
FNDA:0,(anonymous_11)
FNDA:0,initializeDatabase
FNDA:0,getLocalTeams
FNDA:0,(anonymous_14)
FNDA:0,getLocalTeam
FNDA:0,saveLocalTeam
FNDA:0,deleteLocalTeam
FNDA:0,getLocalPlayers
FNDA:0,(anonymous_19)
FNDA:0,getLocalPlayer
FNDA:0,saveLocalPlayer
FNDA:0,deleteLocalPlayer
FNDA:0,getLocalMatches
FNDA:0,getLocalMatch
FNDA:0,getMatchSets
FNDA:0,getSetPlays
FNDA:0,(anonymous_27)
FNDA:0,getSetCourtPositions
FNDA:0,(anonymous_29)
FNDA:0,getMatchLineup
FNDA:0,(anonymous_31)
FNDA:0,saveLocalMatch
FNDA:0,deleteLocalMatch
FNDA:110,generateId
FNDA:0,migrateFromAsyncStorage
FNDA:0,(anonymous_36)
FNDA:0,(anonymous_37)
DA:1,1
DA:4,1
DA:6,1
DA:7,0
DA:8,0
DA:9,0
DA:11,0
DA:16,0
DA:17,0
DA:20,0
DA:21,0
DA:23,0
DA:31,0
DA:36,0
DA:38,0
DA:224,1
DA:225,0
DA:226,0
DA:236,0
DA:247,1
DA:248,0
DA:249,0
DA:259,0
DA:261,0
DA:272,1
DA:273,0
DA:274,0
DA:281,1
DA:282,0
DA:283,0
DA:288,1
DA:289,0
DA:290,0
DA:293,0
DA:295,0
DA:305,0
DA:316,1
DA:317,0
DA:318,0
DA:328,0
DA:330,0
DA:341,1
DA:342,0
DA:343,0
DA:350,1
DA:351,0
DA:352,0
DA:357,1
DA:358,0
DA:359,0
DA:375,0
DA:377,0
DA:378,0
DA:379,0
DA:381,0
DA:400,0
DA:403,1
DA:404,0
DA:405,0
DA:421,0
DA:423,0
DA:424,0
DA:426,0
DA:446,0
DA:447,0
DA:463,0
DA:465,0
DA:466,0
DA:467,0
DA:469,0
DA:488,0
DA:492,0
DA:493,0
DA:504,0
DA:517,0
DA:518,0
DA:523,0
DA:530,0
DA:531,0
DA:538,0
DA:546,1
DA:547,0
DA:550,0
DA:572,0
DA:573,0
DA:574,0
DA:575,0
DA:584,0
DA:585,0
DA:607,0
DA:608,0
DA:609,0
DA:610,0
DA:618,0
DA:619,0
DA:628,1
DA:629,0
DA:631,0
DA:636,1
DA:637,110
DA:641,1
DA:642,0
DA:644,0
DA:645,0
DA:646,0
DA:648,0
DA:650,0
DA:651,0
DA:652,0
DA:653,0
DA:654,0
DA:655,0
DA:660,0
DA:661,0
DA:662,0
DA:663,0
DA:664,0
DA:665,0
DA:670,0
DA:671,0
DA:672,0
DA:673,0
DA:674,0
DA:675,0
DA:680,0
DA:681,0
DA:684,0
DA:687,0
LF:128
LH:18
BRDA:7,0,0,0
BRDA:7,0,1,0
BRDA:21,1,0,0
BRDA:21,1,1,0
BRDA:21,2,0,0
BRDA:21,2,1,0
BRDA:239,3,0,0
BRDA:239,3,1,0
BRDA:240,4,0,0
BRDA:240,4,1,0
BRDA:241,5,0,0
BRDA:241,5,1,0
BRDA:259,6,0,0
BRDA:259,6,1,0
BRDA:264,7,0,0
BRDA:264,7,1,0
BRDA:265,8,0,0
BRDA:265,8,1,0
BRDA:266,9,0,0
BRDA:266,9,1,0
BRDA:277,10,0,0
BRDA:277,10,1,0
BRDA:277,11,0,0
BRDA:277,11,1,0
BRDA:277,12,0,0
BRDA:277,12,1,0
BRDA:277,13,0,0
BRDA:277,13,1,0
BRDA:290,14,0,0
BRDA:290,14,1,0
BRDA:293,15,0,0
BRDA:293,15,1,0
BRDA:311,16,0,0
BRDA:311,16,1,0
BRDA:328,17,0,0
BRDA:328,17,1,0
BRDA:336,18,0,0
BRDA:336,18,1,0
BRDA:346,19,0,0
BRDA:346,19,1,0
BRDA:346,20,0,0
BRDA:346,20,1,0
BRDA:388,21,0,0
BRDA:388,21,1,0
BRDA:389,22,0,0
BRDA:389,22,1,0
BRDA:390,23,0,0
BRDA:390,23,1,0
BRDA:421,24,0,0
BRDA:421,24,1,0
BRDA:433,25,0,0
BRDA:433,25,1,0
BRDA:434,26,0,0
BRDA:434,26,1,0
BRDA:435,27,0,0
BRDA:435,27,1,0
BRDA:475,28,0,0
BRDA:475,28,1,0
BRDA:480,29,0,0
BRDA:480,29,1,0
BRDA:482,30,0,0
BRDA:482,30,1,0
BRDA:511,31,0,0
BRDA:511,31,1,0
BRDA:542,32,0,0
BRDA:542,32,1,0
BRDA:561,33,0,0
BRDA:561,33,1,0
BRDA:562,34,0,0
BRDA:562,34,1,0
BRDA:563,35,0,0
BRDA:563,35,1,0
BRDA:573,36,0,0
BRDA:573,36,1,0
BRDA:578,37,0,0
BRDA:578,37,1,0
BRDA:578,38,0,0
BRDA:578,38,1,0
BRDA:578,39,0,0
BRDA:578,39,1,0
BRDA:595,40,0,0
BRDA:595,40,1,0
BRDA:596,41,0,0
BRDA:596,41,1,0
BRDA:597,42,0,0
BRDA:597,42,1,0
BRDA:598,43,0,0
BRDA:598,43,1,0
BRDA:599,44,0,0
BRDA:599,44,1,0
BRDA:600,45,0,0
BRDA:600,45,1,0
BRDA:601,46,0,0
BRDA:601,46,1,0
BRDA:602,47,0,0
BRDA:602,47,1,0
BRDA:608,48,0,0
BRDA:608,48,1,0
BRDA:622,49,0,0
BRDA:622,49,1,0
BRDA:651,50,0,0
BRDA:651,50,1,0
BRDA:661,51,0,0
BRDA:661,51,1,0
BRDA:671,52,0,0
BRDA:671,52,1,0
BRDA:680,53,0,0
BRDA:680,53,1,0
BRDA:680,54,0,0
BRDA:680,54,1,0
BRDA:680,54,2,0
BRF:111
BRH:0
end_of_record
TN:
SF:src/lib/format-utils.ts
FN:6,formatPlayerName
FN:28,formatPlayerWithNumber
FN:39,formatDate
FN:76,formatTime
FN:92,formatMatchScore
FN:102,formatSetScore
FN:109,formatPercent
FN:122,formatRating
FN:135,formatMatchStatus
FN:155,formatMatchType
FN:162,formatPosition
FN:182,formatPositionShort
FN:202,formatOrdinal
FN:211,formatSetNumber
FN:218,pluralize
FN:232,formatDuration
FN:249,truncate
FNF:17
FNH:17
FNDA:5,formatPlayerName
FNDA:3,formatPlayerWithNumber
FNDA:5,formatDate
FNDA:3,formatTime
FNDA:3,formatMatchScore
FNDA:3,formatSetScore
FNDA:7,formatPercent
FNDA:7,formatRating
FNDA:4,formatMatchStatus
FNDA:2,formatMatchType
FNDA:9,formatPosition
FNDA:8,formatPositionShort
FNDA:15,formatOrdinal
FNDA:2,formatSetNumber
FNDA:8,pluralize
FNDA:7,formatDuration
FNDA:7,truncate
DA:6,1
DA:11,5
DA:13,1
DA:15,1
DA:17,1
DA:19,2
DA:21,0
DA:28,1
DA:33,3
DA:39,1
DA:43,5
DA:45,5
DA:46,1
DA:49,4
DA:51,1
DA:56,2
DA:62,1
DA:69,0
DA:76,1
DA:77,3
DA:79,3
DA:80,1
DA:83,2
DA:92,1
DA:96,3
DA:102,1
DA:103,3
DA:109,1
DA:113,7
DA:114,2
DA:116,5
DA:122,1
DA:126,7
DA:127,2
DA:129,5
DA:135,1
DA:138,4
DA:140,1
DA:142,1
DA:144,1
DA:146,1
DA:148,0
DA:155,1
DA:156,2
DA:162,1
DA:165,9
DA:167,7
DA:176,7
DA:182,1
DA:185,8
DA:187,6
DA:196,6
DA:202,1
DA:203,15
DA:204,15
DA:205,15
DA:211,1
DA:212,2
DA:218,1
DA:223,8
DA:224,2
DA:226,6
DA:232,1
DA:233,7
DA:234,7
DA:235,7
DA:237,7
DA:238,2
DA:240,5
DA:241,2
DA:243,3
DA:249,1
DA:250,7
DA:251,3
DA:253,4
LF:75
LH:72
BRDA:9,0,0,1
BRDA:11,1,0,1
BRDA:11,1,1,1
BRDA:11,1,2,1
BRDA:11,1,3,2
BRDA:11,1,4,0
BRDA:41,2,0,1
BRDA:43,3,0,2
BRDA:43,3,1,3
BRDA:45,4,0,1
BRDA:45,4,1,4
BRDA:49,5,0,1
BRDA:49,5,1,2
BRDA:49,5,2,1
BRDA:49,5,3,0
BRDA:77,6,0,2
BRDA:77,6,1,1
BRDA:79,7,0,1
BRDA:79,7,1,2
BRDA:111,8,0,5
BRDA:113,9,0,2
BRDA:113,9,1,5
BRDA:113,10,0,7
BRDA:113,10,1,6
BRDA:124,11,0,5
BRDA:126,12,0,2
BRDA:126,12,1,5
BRDA:126,13,0,7
BRDA:126,13,1,6
BRDA:138,14,0,1
BRDA:138,14,1,1
BRDA:138,14,2,1
BRDA:138,14,3,1
BRDA:138,14,4,0
BRDA:156,15,0,1
BRDA:156,15,1,1
BRDA:165,16,0,2
BRDA:165,16,1,7
BRDA:176,17,0,7
BRDA:176,17,1,1
BRDA:185,18,0,2
BRDA:185,18,1,6
BRDA:196,19,0,6
BRDA:196,19,1,0
BRDA:205,20,0,15
BRDA:205,20,1,10
BRDA:205,20,2,6
BRDA:223,21,0,2
BRDA:223,21,1,6
BRDA:226,22,0,6
BRDA:226,22,1,4
BRDA:237,23,0,2
BRDA:237,23,1,5
BRDA:240,24,0,2
BRDA:240,24,1,3
BRDA:250,25,0,3
BRDA:250,25,1,4
BRF:57
BRH:53
end_of_record
TN:
SF:src/lib/lineup-utils.ts
FN:32,getPlayerAtCourtPosition
FN:36,(anonymous_1)
FN:42,getServer
FN:49,getFrontRowPlayers
FN:50,(anonymous_4)
FN:56,getBackRowPlayers
FN:57,(anonymous_6)
FN:63,courtToPositionsRecord
FN:76,positionsRecordToCourt
FN:99,swapCourtPositions
FN:104,(anonymous_10)
FN:118,substitutePlayer
FN:124,(anonymous_12)
FN:125,(anonymous_13)
FN:131,(anonymous_14)
FN:145,(anonymous_15)
FN:164,isValidLineup
FN:176,(anonymous_17)
FN:184,(anonymous_18)
FN:204,findLibero
FN:208,(anonymous_20)
FN:211,(anonymous_21)
FN:217,isLiberoOnCourt
FN:218,(anonymous_23)
FN:224,getLiberoEntryPositions
FN:225,(anonymous_25)
FN:225,(anonymous_26)
FN:231,sortByNumber
FN:232,(anonymous_28)
FN:238,sortByPosition
FN:241,(anonymous_30)
FN:247,createLineupEntries
FN:254,(anonymous_32)
FN:263,(anonymous_33)
FN:277,getStarterIds
FN:279,(anonymous_35)
FN:280,(anonymous_36)
FN:281,(anonymous_37)
FN:287,getBenchIds
FN:288,(anonymous_39)
FN:288,(anonymous_40)
FN:294,getLiberoId
FN:295,(anonymous_42)
FNF:43
FNH:43
FNDA:5,getPlayerAtCourtPosition
FNDA:15,(anonymous_1)
FNDA:2,getServer
FNDA:2,getFrontRowPlayers
FNDA:6,(anonymous_4)
FNDA:2,getBackRowPlayers
FNDA:6,(anonymous_6)
FNDA:2,courtToPositionsRecord
FNDA:2,positionsRecordToCourt
FNDA:3,swapCourtPositions
FNDA:18,(anonymous_10)
FNDA:3,substitutePlayer
FNDA:8,(anonymous_12)
FNDA:5,(anonymous_13)
FNDA:6,(anonymous_14)
FNDA:3,(anonymous_15)
FNDA:4,isValidLineup
FNDA:23,(anonymous_17)
FNDA:23,(anonymous_18)
FNDA:3,findLibero
FNDA:13,(anonymous_20)
FNDA:5,(anonymous_21)
FNDA:2,isLiberoOnCourt
FNDA:12,(anonymous_23)
FNDA:2,getLiberoEntryPositions
FNDA:6,(anonymous_25)
FNDA:3,(anonymous_26)
FNDA:2,sortByNumber
FNDA:8,(anonymous_28)
FNDA:2,sortByPosition
FNDA:6,(anonymous_30)
FNDA:2,createLineupEntries
FNDA:7,(anonymous_32)
FNDA:2,(anonymous_33)
FNDA:1,getStarterIds
FNDA:4,(anonymous_35)
FNDA:3,(anonymous_36)
FNDA:3,(anonymous_37)
FNDA:1,getBenchIds
FNDA:3,(anonymous_39)
FNDA:2,(anonymous_40)
FNDA:2,getLiberoId
FNDA:3,(anonymous_42)
DA:3,1
DA:32,1
DA:36,15
DA:42,1
DA:43,2
DA:49,1
DA:50,6
DA:56,1
DA:57,6
DA:63,1
DA:66,2
DA:67,2
DA:68,6
DA:70,2
DA:76,1
DA:80,2
DA:81,2
DA:82,12
DA:83,12
DA:84,8
DA:85,8
DA:86,7
DA:93,2
DA:99,1
DA:104,3
DA:105,18
DA:106,3
DA:108,15
DA:109,2
DA:111,13
DA:118,1
DA:124,8
DA:125,5
DA:127,3
DA:128,2
DA:131,1
DA:132,6
DA:133,1
DA:142,5
DA:145,1
DA:146,3
DA:147,1
DA:155,2
DA:158,1
DA:164,1
DA:168,4
DA:171,4
DA:172,1
DA:176,23
DA:177,4
DA:178,24
DA:179,2
DA:184,23
DA:185,4
DA:186,4
DA:187,1
DA:191,4
DA:192,1
DA:195,4
DA:204,1
DA:208,13
DA:209,3
DA:211,5
DA:217,1
DA:218,12
DA:224,1
DA:225,6
DA:231,1
DA:232,8
DA:238,1
DA:241,6
DA:247,1
DA:252,2
DA:254,2
DA:255,7
DA:263,2
DA:264,2
DA:271,2
DA:277,1
DA:278,1
DA:279,4
DA:280,3
DA:281,3
DA:287,1
DA:288,3
DA:294,1
DA:295,3
LF:87
LH:87
BRDA:83,0,0,8
BRDA:83,0,1,4
BRDA:85,1,0,7
BRDA:85,1,1,1
BRDA:105,2,0,3
BRDA:105,2,1,15
BRDA:108,3,0,2
BRDA:108,3,1,13
BRDA:127,4,0,2
BRDA:127,4,1,1
BRDA:127,5,0,3
BRDA:127,5,1,2
BRDA:132,6,0,1
BRDA:132,6,1,5
BRDA:146,7,0,1
BRDA:146,7,1,2
BRDA:171,8,0,1
BRDA:171,8,1,3
BRDA:178,9,0,2
BRDA:178,9,1,22
BRDA:186,10,0,1
BRDA:186,10,1,3
BRDA:191,11,0,1
BRDA:191,11,1,3
BRDA:209,12,0,1
BRDA:209,12,1,2
BRDA:280,13,0,3
BRDA:280,13,1,0
BRDA:280,14,0,3
BRDA:280,14,1,0
BRF:30
BRH:28
end_of_record
TN:
SF:src/lib/localStorage.ts
FN:10,getItem
FN:20,setItem
FN:108,getLocalTeams
FN:112,saveLocalTeam
FN:114,(anonymous_5)
FN:123,deleteLocalTeam
FN:125,(anonymous_7)
FN:129,getLocalPlayers
FN:132,(anonymous_9)
FN:137,saveLocalPlayer
FN:139,(anonymous_11)
FN:148,deleteLocalPlayer
FN:150,(anonymous_13)
FN:154,getLocalMatches
FN:158,getLocalMatch
FN:160,(anonymous_16)
FN:163,saveLocalMatch
FN:165,(anonymous_18)
FN:174,deleteLocalMatch
FN:176,(anonymous_20)
FN:180,generateId
FNF:21
FNH:21
FNDA:55,getItem
FNDA:32,setItem
FNDA:25,getLocalTeams
FNDA:14,saveLocalTeam
FNDA:2,(anonymous_5)
FNDA:2,deleteLocalTeam
FNDA:2,(anonymous_7)
FNDA:16,getLocalPlayers
FNDA:4,(anonymous_9)
FNDA:8,saveLocalPlayer
FNDA:3,(anonymous_11)
FNDA:1,deleteLocalPlayer
FNDA:1,(anonymous_13)
FNDA:14,getLocalMatches
FNDA:3,getLocalMatch
FNDA:2,(anonymous_16)
FNDA:6,saveLocalMatch
FNDA:1,(anonymous_18)
FNDA:1,deleteLocalMatch
FNDA:1,(anonymous_20)
FNDA:104,generateId
DA:1,1
DA:3,1
DA:11,55
DA:12,55
DA:13,55
DA:15,0
DA:16,0
DA:21,32
DA:22,32
DA:24,0
DA:108,1
DA:109,25
DA:112,1
DA:113,14
DA:114,14
DA:115,14
DA:116,1
DA:118,13
DA:120,14
DA:123,1
DA:124,2
DA:125,2
DA:129,1
DA:130,16
DA:131,16
DA:132,4
DA:134,14
DA:137,1
DA:138,8
DA:139,8
DA:140,8
DA:141,1
DA:143,7
DA:145,8
DA:148,1
DA:149,1
DA:150,1
DA:154,1
DA:155,14
DA:158,1
DA:159,3
DA:160,3
DA:163,1
DA:164,6
DA:165,6
DA:166,6
DA:167,1
DA:169,5
DA:171,6
DA:174,1
DA:175,1
DA:176,1
DA:180,1
DA:181,104
LF:54
LH:51
BRDA:13,0,0,29
BRDA:13,0,1,26
BRDA:109,1,0,25
BRDA:109,1,1,13
BRDA:115,2,0,1
BRDA:115,2,1,13
BRDA:130,3,0,16
BRDA:130,3,1,6
BRDA:131,4,0,2
BRDA:131,4,1,14
BRDA:140,5,0,1
BRDA:140,5,1,7
BRDA:155,6,0,14
BRDA:155,6,1,7
BRDA:160,7,0,3
BRDA:160,7,1,1
BRDA:166,8,0,1
BRDA:166,8,1,5
BRF:18
BRH:18
end_of_record
TN:
SF:src/lib/offlineQueue.ts
FN:15,getQueue
FN:26,addToQueue
FN:43,removeFromQueue
FN:46,(anonymous_4)
FN:54,incrementRetryCount
FN:57,(anonymous_6)
FN:67,clearQueue
FN:76,getQueueSize
FNF:8
FNH:8
FNDA:31,getQueue
FNDA:12,addToQueue
FNDA:5,removeFromQueue
FNDA:6,(anonymous_4)
FNDA:7,incrementRetryCount
FNDA:7,(anonymous_6)
FNDA:2,clearQueue
FNDA:3,getQueueSize
DA:1,1
DA:3,1
DA:15,1
DA:16,31
DA:17,31
DA:18,29
DA:20,2
DA:21,2
DA:26,1
DA:27,12
DA:28,12
DA:29,12
DA:35,12
DA:36,12
DA:38,1
DA:43,1
DA:44,5
DA:45,5
DA:46,6
DA:47,5
DA:49,1
DA:54,1
DA:55,7
DA:56,7
DA:57,7
DA:58,7
DA:60,7
DA:62,1
DA:67,1
DA:68,2
DA:69,2
DA:71,1
DA:76,1
DA:77,3
DA:78,3
LF:35
LH:35
BRDA:18,0,0,14
BRDA:18,0,1,15
BRDA:58,1,0,5
BRDA:58,1,1,2
BRF:4
BRH:4
end_of_record
TN:
SF:src/lib/offlineSync.ts
FN:7,processRequest
FN:31,syncOfflineQueue
FN:48,(anonymous_2)
FN:69,hasPendingRequests
FNF:4
FNH:4
FNDA:20,processRequest
FNDA:13,syncOfflineQueue
FNDA:10,(anonymous_2)
FNDA:3,hasPendingRequests
DA:1,1
DA:2,1
DA:4,1
DA:8,20
DA:9,20
DA:13,12
DA:14,12
DA:16,8
DA:18,8
DA:20,5
DA:21,5
DA:22,5
DA:25,3
DA:26,3
DA:31,1
DA:36,13
DA:38,13
DA:39,1
DA:42,12
DA:44,12
DA:45,12
DA:48,12
DA:50,12
DA:51,20
DA:52,20
DA:53,12
DA:55,8
DA:59,12
DA:61,12
DA:69,1
DA:70,3
DA:71,3
LF:32
LH:32
BRDA:18,0,0,5
BRDA:18,0,1,3
BRDA:38,1,0,1
BRDA:38,1,1,12
BRDA:52,2,0,12
BRDA:52,2,1,8
BRF:6
BRH:6
end_of_record
TN:
SF:src/lib/permissions.ts
FN:8,canManageTeams
FN:15,canEnterStats
FN:22,canViewStats
FN:29,isAdmin
FN:36,isCoachOrAbove
FN:43,isStatisticianOrAbove
FN:50,getRoleLevel
FN:68,hasHigherOrEqualRole
FNF:8
FNH:8
FNDA:13,canManageTeams
FNDA:12,canEnterStats
FNDA:12,canViewStats
FNDA:9,isAdmin
FNDA:9,isCoachOrAbove
FNDA:9,isStatisticianOrAbove
FNDA:49,getRoleLevel
FNDA:19,hasHigherOrEqualRole
DA:8,1
DA:9,13
DA:15,1
DA:16,12
DA:22,1
DA:23,12
DA:29,1
DA:30,9
DA:36,1
DA:37,9
DA:43,1
DA:44,9
DA:50,1
DA:51,49
DA:53,10
DA:55,10
DA:57,10
DA:59,13
DA:61,6
DA:68,1
DA:69,19
LF:21
LH:21
BRDA:51,0,0,10
BRDA:51,0,1,10
BRDA:51,0,2,10
BRDA:51,0,3,13
BRDA:51,0,4,6
BRF:5
BRH:5
end_of_record
TN:
SF:src/lib/play-validation.ts
FN:43,isValidResultForType
FN:55,getValidResultsForType
FN:62,isHittingPlay
FN:69,isPassingPlay
FN:76,isServingPlay
FN:83,isSecondTouchPlay
FN:90,canScorePoints
FN:97,validatePlay
FN:142,getPlayTypeDisplayName
FN:159,getPlayResultDisplayName
FN:182,getPlayResultAbbreviation
FNF:11
FNH:11
FNDA:37,isValidResultForType
FNDA:4,getValidResultsForType
FNDA:4,isHittingPlay
FNDA:3,isPassingPlay
FNDA:5,isServingPlay
FNDA:4,isSecondTouchPlay
FNDA:26,canScorePoints
FNDA:20,validatePlay
FNDA:6,getPlayTypeDisplayName
FNDA:11,getPlayResultDisplayName
FNDA:14,getPlayResultAbbreviation
DA:8,1
DA:22,1
DA:33,1
DA:38,1
DA:43,1
DA:47,37
DA:48,37
DA:49,37
DA:55,1
DA:56,4
DA:62,1
DA:63,4
DA:69,1
DA:70,3
DA:76,1
DA:77,5
DA:83,1
DA:84,4
DA:90,1
DA:91,26
DA:97,1
DA:103,20
DA:106,20
DA:107,20
DA:108,2
DA:112,20
DA:113,18
DA:114,18
DA:115,18
DA:116,1
DA:124,20
DA:130,2
DA:133,20
DA:142,1
DA:143,6
DA:153,6
DA:159,1
DA:160,11
DA:176,11
DA:182,1
DA:183,14
DA:199,14
LF:42
LH:42
BRDA:48,0,0,0
BRDA:48,0,1,37
BRDA:56,1,0,4
BRDA:56,1,1,1
BRDA:107,2,0,2
BRDA:107,2,1,18
BRDA:112,3,0,18
BRDA:112,3,1,2
BRDA:115,4,0,1
BRDA:115,4,1,17
BRDA:124,5,0,2
BRDA:124,5,1,18
BRDA:125,6,0,20
BRDA:125,6,1,19
BRDA:125,6,2,11
BRDA:125,6,3,6
BRDA:153,7,0,6
BRDA:153,7,1,0
BRDA:176,8,0,11
BRDA:176,8,1,0
BRDA:199,9,0,14
BRDA:199,9,1,0
BRF:22
BRH:18
end_of_record
TN:
SF:src/lib/queryClient.ts
FN:5,makeQueryClient
FN:26,getQueryClient
FNF:2
FNH:2
FNDA:6,makeQueryClient
FNDA:7,getQueryClient
DA:3,1
DA:6,6
DA:24,1
DA:26,1
DA:27,7
DA:29,5
DA:33,2
DA:34,2
LF:8
LH:8
BRDA:27,0,0,5
BRDA:27,0,1,2
BRDA:33,1,0,1
BRDA:33,1,1,1
BRF:4
BRH:4
end_of_record
TN:
SF:src/lib/queryPersister.ts
FN:7,createAsyncStoragePersister
FN:9,(anonymous_2)
FN:16,(anonymous_3)
FN:25,(anonymous_4)
FNF:4
FNH:4
FNDA:15,createAsyncStoragePersister
FNDA:7,(anonymous_2)
FNDA:7,(anonymous_3)
FNDA:5,(anonymous_4)
DA:1,1
DA:4,1
DA:7,1
DA:8,15
DA:10,7
DA:11,7
DA:13,2
DA:17,7
DA:18,7
DA:19,5
DA:21,2
DA:22,2
DA:26,5
DA:27,5
DA:29,2
LF:15
LH:15
BRDA:19,0,0,2
BRDA:19,0,1,3
BRF:2
BRH:2
end_of_record
TN:
SF:src/lib/rating-calculations.ts
FN:19,getHitValue
FN:34,getServeValue
FN:49,getPassValue
FN:70,getSecondTouchValue
FN:93,ratingToPercent
FN:111,calculateHittingRating
FN:115,(anonymous_6)
FN:130,(anonymous_7)
FN:150,calculateServingRating
FN:153,(anonymous_9)
FN:167,(anonymous_10)
FN:187,calculatePassingRating
FN:191,(anonymous_12)
FN:206,(anonymous_13)
FN:240,calculateSecondTouchRating
FN:243,(anonymous_15)
FN:263,(anonymous_16)
FN:313,calculateOverallRating
FN:369,(anonymous_18)
FN:373,(anonymous_19)
FN:387,calculateAllRatings
FNF:21
FNH:21
FNDA:1035,getHitValue
FNDA:22,getServeValue
FNDA:30,getPassValue
FNDA:22,getSecondTouchValue
FNDA:48,ratingToPercent
FNDA:22,calculateHittingRating
FNDA:1056,(anonymous_6)
FNDA:1030,(anonymous_7)
FNDA:19,calculateServingRating
FNDA:51,(anonymous_9)
FNDA:17,(anonymous_10)
FNDA:21,calculatePassingRating
FNDA:57,(anonymous_12)
FNDA:22,(anonymous_13)
FNDA:19,calculateSecondTouchRating
FNDA:52,(anonymous_15)
FNDA:15,(anonymous_16)
FNDA:24,calculateOverallRating
FNDA:40,(anonymous_18)
FNDA:40,(anonymous_19)
FNDA:5,calculateAllRatings
DA:1,2
DA:19,2
DA:20,1035
DA:22,353
DA:24,339
DA:26,343
DA:34,2
DA:35,22
DA:37,10
DA:39,6
DA:41,6
DA:49,2
DA:50,30
DA:52,10
DA:54,8
DA:56,3
DA:58,2
DA:60,2
DA:62,5
DA:70,2
DA:71,22
DA:73,9
DA:75,3
DA:77,2
DA:79,2
DA:81,6
DA:93,2
DA:94,48
DA:111,2
DA:114,22
DA:115,1056
DA:118,22
DA:119,7
DA:127,15
DA:128,15
DA:130,15
DA:131,1030
DA:132,1030
DA:133,1030
DA:134,678
DA:135,340
DA:138,15
DA:139,15
DA:150,2
DA:153,51
DA:155,19
DA:156,10
DA:164,9
DA:165,9
DA:167,9
DA:168,17
DA:169,17
DA:170,17
DA:171,8
DA:172,3
DA:175,9
DA:176,9
DA:187,2
DA:190,21
DA:191,57
DA:194,21
DA:195,11
DA:203,10
DA:204,10
DA:206,10
DA:207,22
DA:208,22
DA:209,22
DA:211,9
DA:212,9
DA:214,7
DA:215,7
DA:217,2
DA:218,2
DA:220,1
DA:221,1
DA:223,3
DA:227,10
DA:228,10
DA:240,2
DA:243,52
DA:245,19
DA:246,11
DA:254,8
DA:255,8
DA:263,8
DA:264,15
DA:265,15
DA:266,15
DA:268,8
DA:269,8
DA:271,2
DA:272,2
DA:274,1
DA:275,1
DA:277,1
DA:278,1
DA:280,3
DA:284,8
DA:285,8
DA:313,2
DA:318,24
DA:320,24
DA:325,15
DA:331,24
DA:336,11
DA:342,24
DA:347,7
DA:353,24
DA:358,7
DA:364,24
DA:365,5
DA:369,40
DA:372,19
DA:373,40
DA:377,19
DA:387,2
DA:388,5
DA:389,5
DA:390,5
DA:391,5
DA:393,5
DA:400,5
LF:123
LH:123
BRDA:20,0,0,353
BRDA:20,0,1,339
BRDA:20,0,2,343
BRDA:35,1,0,10
BRDA:35,1,1,6
BRDA:35,1,2,6
BRDA:50,2,0,10
BRDA:50,2,1,8
BRDA:50,2,2,3
BRDA:50,2,3,2
BRDA:50,2,4,2
BRDA:50,2,5,5
BRDA:71,3,0,9
BRDA:71,3,1,3
BRDA:71,3,2,2
BRDA:71,3,3,2
BRDA:71,3,4,6
BRDA:115,4,0,1056
BRDA:115,4,1,27
BRDA:118,5,0,7
BRDA:118,5,1,15
BRDA:133,6,0,352
BRDA:133,6,1,678
BRDA:134,7,0,338
BRDA:134,7,1,340
BRDA:155,8,0,10
BRDA:155,8,1,9
BRDA:170,9,0,9
BRDA:170,9,1,8
BRDA:171,10,0,5
BRDA:171,10,1,3
BRDA:191,11,0,57
BRDA:191,11,1,37
BRDA:194,12,0,11
BRDA:194,12,1,10
BRDA:209,13,0,9
BRDA:209,13,1,7
BRDA:209,13,2,2
BRDA:209,13,3,1
BRDA:209,13,4,3
BRDA:245,14,0,11
BRDA:245,14,1,8
BRDA:266,15,0,8
BRDA:266,15,1,2
BRDA:266,15,2,1
BRDA:266,15,3,1
BRDA:266,15,4,3
BRDA:315,16,0,21
BRDA:316,17,0,23
BRDA:320,18,0,15
BRDA:320,18,1,9
BRDA:321,19,0,24
BRDA:321,19,1,18
BRDA:321,19,2,17
BRDA:331,20,0,11
BRDA:331,20,1,13
BRDA:332,21,0,24
BRDA:332,21,1,15
BRDA:332,21,2,12
BRDA:342,22,0,7
BRDA:342,22,1,17
BRDA:343,23,0,24
BRDA:343,23,1,14
BRDA:343,23,2,7
BRDA:353,24,0,7
BRDA:353,24,1,17
BRDA:354,25,0,24
BRDA:354,25,1,14
BRDA:354,25,2,7
BRDA:364,26,0,5
BRDA:364,26,1,19
BRF:71
BRH:71
end_of_record
TN:
SF:src/lib/score-utils.ts
FN:35,isPointResult
FN:42,isErrorResult
FN:49,isInPlayResult
FN:57,determineScoreChange
FN:86,calculateServingState
FN:111,calculateHomeRotationCount
FN:138,calculateAwayRotationCount
FN:164,calculateScore
FN:184,isSetComplete
FN:200,getSetWinner
FN:216,isMatchComplete
FN:228,getMatchWinner
FNF:12
FNH:12
FNDA:86,isPointResult
FNDA:44,isErrorResult
FNDA:13,isInPlayResult
FNDA:80,determineScoreChange
FNDA:9,calculateServingState
FNDA:7,calculateHomeRotationCount
FNDA:5,calculateAwayRotationCount
FNDA:7,calculateScore
FNDA:21,isSetComplete
FNDA:6,getSetWinner
FNDA:22,isMatchComplete
FNDA:6,getMatchWinner
DA:4,1
DA:7,1
DA:10,1
DA:35,1
DA:36,86
DA:42,1
DA:43,44
DA:49,1
DA:50,13
DA:57,1
DA:61,80
DA:62,80
DA:64,80
DA:65,39
DA:66,24
DA:68,15
DA:70,41
DA:72,18
DA:73,13
DA:75,5
DA:79,80
DA:86,1
DA:91,9
DA:93,9
DA:94,18
DA:97,18
DA:98,4
DA:99,14
DA:100,3
DA:104,9
DA:111,1
DA:116,7
DA:117,7
DA:119,7
DA:120,19
DA:123,19
DA:124,6
DA:125,6
DA:126,13
DA:127,5
DA:131,7
DA:138,1
DA:143,5
DA:144,5
DA:146,5
DA:147,14
DA:150,14
DA:151,4
DA:152,4
DA:153,10
DA:154,2
DA:158,5
DA:164,1
DA:168,7
DA:169,7
DA:171,7
DA:172,22
DA:173,22
DA:174,22
DA:177,7
DA:184,1
DA:189,21
DA:190,21
DA:191,21
DA:194,21
DA:200,1
DA:207,6
DA:208,2
DA:210,4
DA:216,1
DA:221,22
DA:222,22
DA:228,1
DA:235,6
DA:236,2
DA:238,4
LF:76
LH:76
BRDA:64,0,0,39
BRDA:64,0,1,41
BRDA:65,1,0,24
BRDA:65,1,1,15
BRDA:70,2,0,18
BRDA:70,2,1,23
BRDA:72,3,0,13
BRDA:72,3,1,5
BRDA:97,4,0,4
BRDA:97,4,1,14
BRDA:97,5,0,18
BRDA:97,5,1,6
BRDA:99,6,0,3
BRDA:99,6,1,11
BRDA:99,7,0,14
BRDA:99,7,1,5
BRDA:123,8,0,6
BRDA:123,8,1,13
BRDA:123,9,0,19
BRDA:123,9,1,9
BRDA:126,10,0,5
BRDA:126,10,1,8
BRDA:126,11,0,13
BRDA:126,11,1,6
BRDA:150,12,0,4
BRDA:150,12,1,10
BRDA:150,13,0,14
BRDA:150,13,1,8
BRDA:153,14,0,2
BRDA:153,14,1,8
BRDA:153,15,0,10
BRDA:153,15,1,2
BRDA:173,16,0,9
BRDA:173,16,1,13
BRDA:174,17,0,7
BRDA:174,17,1,15
BRDA:189,18,0,6
BRDA:189,18,1,15
BRDA:194,19,0,21
BRDA:194,19,1,17
BRDA:207,20,0,2
BRDA:207,20,1,4
BRDA:210,21,0,2
BRDA:210,21,1,2
BRDA:221,22,0,10
BRDA:221,22,1,12
BRDA:222,23,0,22
BRDA:222,23,1,15
BRDA:235,24,0,2
BRDA:235,24,1,4
BRDA:238,25,0,2
BRDA:238,25,1,2
BRF:52
BRH:52
end_of_record
TN:
SF:src/lib/stats-aggregation.ts
FN:55,groupPlaysByPlayer
FN:74,groupPlaysByTeam
FN:91,calculatePlayerStats
FN:120,calculateAllPlayerStats
FN:134,calculateTeamStats
FN:163,filterPlaysByType
FN:164,(anonymous_6)
FN:170,filterPlaysByResult
FN:171,(anonymous_8)
FN:177,countPlaysByType
FN:191,countPlaysByResult
FN:205,getTopPerformers
FN:210,(anonymous_12)
FN:217,(anonymous_13)
FN:230,filterByMinAttempts
FN:235,(anonymous_15)
FN:241,calculateTotals
FN:277,calculateEfficiency
FN:289,comparePlayerStats
FN:303,getStatSummary
FNF:20
FNH:20
FNDA:5,groupPlaysByPlayer
FNDA:2,groupPlaysByTeam
FNDA:7,calculatePlayerStats
FNDA:2,calculateAllPlayerStats
FNDA:1,calculateTeamStats
FNDA:3,filterPlaysByType
FNDA:27,(anonymous_6)
FNDA:2,filterPlaysByResult
FNDA:18,(anonymous_8)
FNDA:2,countPlaysByType
FNDA:1,countPlaysByResult
FNDA:4,getTopPerformers
FNDA:12,(anonymous_12)
FNDA:10,(anonymous_13)
FNDA:2,filterByMinAttempts
FNDA:4,(anonymous_15)
FNDA:1,calculateTotals
FNDA:4,calculateEfficiency
FNDA:3,comparePlayerStats
FNDA:2,getStatSummary
DA:3,1
DA:55,1
DA:58,5
DA:60,5
DA:61,21
DA:62,19
DA:63,19
DA:64,19
DA:68,5
DA:74,1
DA:75,2
DA:77,2
DA:78,11
DA:79,10
DA:80,10
DA:81,10
DA:85,2
DA:91,1
DA:95,7
DA:96,7
DA:97,7
DA:98,7
DA:99,7
DA:106,7
DA:120,1
DA:121,2
DA:122,2
DA:124,2
DA:125,5
DA:128,2
DA:134,1
DA:138,1
DA:139,1
DA:140,1
DA:141,1
DA:142,1
DA:149,1
DA:163,1
DA:164,27
DA:170,1
DA:171,18
DA:177,1
DA:178,2
DA:180,2
DA:181,9
DA:182,9
DA:185,2
DA:191,1
DA:192,1
DA:194,1
DA:195,9
DA:196,9
DA:199,1
DA:205,1
DA:210,4
DA:211,12
DA:212,3
DA:214,9
DA:217,4
DA:218,10
DA:219,3
DA:221,7
DA:224,4
DA:230,1
DA:235,4
DA:241,1
DA:248,1
DA:249,1
DA:250,1
DA:251,1
DA:252,1
DA:254,1
DA:255,2
DA:256,2
DA:257,2
DA:261,2
DA:262,2
DA:265,1
DA:277,1
DA:282,4
DA:283,3
DA:289,1
DA:294,3
DA:295,1
DA:297,2
DA:303,1
DA:304,2
DA:306,2
DA:307,1
DA:309,2
DA:310,1
DA:312,2
DA:313,1
DA:316,2
LF:94
LH:94
BRDA:61,0,0,19
BRDA:61,0,1,2
BRDA:62,1,0,19
BRDA:62,1,1,11
BRDA:78,2,0,10
BRDA:78,2,1,1
BRDA:79,3,0,10
BRDA:79,3,1,3
BRDA:181,4,0,9
BRDA:181,4,1,4
BRDA:195,5,0,9
BRDA:195,5,1,7
BRDA:208,6,0,0
BRDA:211,7,0,3
BRDA:211,7,1,9
BRDA:218,8,0,3
BRDA:218,8,1,7
BRDA:219,9,0,3
BRDA:219,9,1,0
BRDA:219,10,0,3
BRDA:219,10,1,0
BRDA:221,11,0,7
BRDA:221,11,1,0
BRDA:221,12,0,7
BRDA:221,12,1,0
BRDA:282,13,0,1
BRDA:282,13,1,3
BRDA:294,14,0,1
BRDA:294,14,1,2
BRDA:295,15,0,1
BRDA:295,15,1,0
BRDA:295,16,0,1
BRDA:295,16,1,0
BRDA:297,17,0,2
BRDA:297,17,1,0
BRDA:297,18,0,2
BRDA:297,18,1,0
BRDA:306,19,0,1
BRDA:306,19,1,1
BRDA:309,20,0,1
BRDA:309,20,1,1
BRDA:312,21,0,1
BRDA:312,21,1,1
BRDA:316,22,0,2
BRDA:316,22,1,1
BRF:45
BRH:36
end_of_record
TN:
SF:src/lib/substitution-rules.ts
FN:12,isBackRow
FN:16,isFrontRow
FN:20,canSubstitute
FN:46,canLiberoEnter
FN:64,rotatePositions
FN:84,reverseRotation
FN:100,getPlayerAtPosition
FN:121,shouldLiberoLeave
FNF:8
FNH:7
FNDA:26,isBackRow
FNDA:19,isFrontRow
FNDA:11,canSubstitute
FNDA:6,canLiberoEnter
FNDA:14,rotatePositions
FNDA:0,reverseRotation
FNDA:8,getPlayerAtPosition
FNDA:7,shouldLiberoLeave
DA:3,2
DA:12,2
DA:13,26
DA:16,2
DA:17,19
DA:20,2
DA:25,11
DA:26,4
DA:29,7
DA:30,2
DA:36,5
DA:37,3
DA:43,2
DA:46,2
DA:47,6
DA:48,3
DA:53,3
DA:64,2
DA:67,14
DA:84,2
DA:87,0
DA:100,2
DA:106,8
DA:109,8
DA:110,8
DA:111,6
DA:114,8
DA:121,2
DA:125,7
DA:134,5
DA:143,5
DA:144,5
LF:32
LH:31
BRDA:25,0,0,4
BRDA:25,0,1,7
BRDA:29,1,0,2
BRDA:29,1,1,5
BRDA:36,2,0,3
BRDA:36,2,1,2
BRDA:47,3,0,3
BRDA:47,3,1,3
BRDA:125,4,0,2
BRDA:125,4,1,5
BRF:10
BRH:10
end_of_record
TN:
SF:src/lib/validation-utils.ts
FN:6,isValidEmail
FN:14,isValidPlayerNumber
FN:21,isValidScore
FN:28,isValidSetNumber
FN:35,isValidPositionNumber
FN:42,isNonEmptyString
FN:49,isValidName
FN:58,isValidTeamName
FN:66,isValidAbbreviation
FN:75,isValidId
FN:82,isValidDateString
FN:91,isNotInPast
FN:103,isValidLineupSize
FN:110,areAllPositionsFilled
FN:124,hasNoDuplicatePlayers
FN:135,isValidSubCount
FN:145,isValidMatchType
FN:154,isValidMatchStatus
FN:163,isValidPlayerPosition
FN:190,validatePlayer
FN:227,validateTeam
FNF:21
FNH:21
FNDA:8,isValidEmail
FNDA:10,isValidPlayerNumber
FNDA:5,isValidScore
FNDA:6,isValidSetNumber
FNDA:6,isValidPositionNumber
FNDA:99,isNonEmptyString
FNDA:17,isValidName
FNDA:11,isValidTeamName
FNDA:10,isValidAbbreviation
FNDA:47,isValidId
FNDA:6,isValidDateString
FNDA:5,isNotInPast
FNDA:6,isValidLineupSize
FNDA:4,areAllPositionsFilled
FNDA:3,hasNoDuplicatePlayers
FNDA:8,isValidSubCount
FNDA:4,isValidMatchType
FNDA:6,isValidMatchStatus
FNDA:11,isValidPlayerPosition
FNDA:5,validatePlayer
FNDA:4,validateTeam
DA:6,1
DA:7,8
DA:8,8
DA:14,1
DA:15,10
DA:21,1
DA:22,5
DA:28,1
DA:29,6
DA:35,1
DA:36,6
DA:42,1
DA:43,99
DA:49,1
DA:50,17
DA:51,15
DA:52,15
DA:58,1
DA:59,11
DA:60,8
DA:66,1
DA:67,10
DA:68,9
DA:69,9
DA:75,1
DA:76,47
DA:82,1
DA:83,6
DA:84,5
DA:85,5
DA:91,1
DA:92,5
DA:93,5
DA:95,4
DA:96,4
DA:97,4
DA:103,1
DA:104,6
DA:110,1
DA:113,4
DA:114,24
DA:115,3
DA:118,1
DA:124,1
DA:127,3
DA:128,3
DA:129,3
DA:135,1
DA:139,8
DA:145,1
DA:148,4
DA:154,1
DA:157,6
DA:163,1
DA:172,11
DA:190,1
DA:196,5
DA:198,5
DA:199,1
DA:202,5
DA:203,1
DA:206,5
DA:207,1
DA:210,5
DA:215,1
DA:218,5
DA:227,1
DA:231,4
DA:233,4
DA:234,1
DA:237,4
DA:242,1
DA:245,4
LF:73
LH:73
BRDA:15,0,0,10
BRDA:15,0,1,9
BRDA:15,0,2,6
BRDA:22,1,0,5
BRDA:22,1,1,4
BRDA:29,2,0,6
BRDA:29,2,1,5
BRDA:29,2,2,4
BRDA:36,3,0,6
BRDA:36,3,1,5
BRDA:36,3,2,4
BRDA:43,4,0,99
BRDA:43,4,1,88
BRDA:50,5,0,2
BRDA:50,5,1,15
BRDA:59,6,0,3
BRDA:59,6,1,8
BRDA:60,7,0,8
BRDA:60,7,1,6
BRDA:67,8,0,1
BRDA:67,8,1,9
BRDA:83,9,0,1
BRDA:83,9,1,5
BRDA:92,10,0,2
BRDA:92,10,1,3
BRDA:93,11,0,1
BRDA:93,11,1,4
BRDA:104,12,0,6
BRDA:104,12,1,5
BRDA:114,13,0,3
BRDA:114,13,1,21
BRDA:137,14,0,6
BRDA:139,15,0,8
BRDA:139,15,1,7
BRDA:139,15,2,6
BRDA:148,16,0,4
BRDA:148,16,1,3
BRDA:198,17,0,1
BRDA:198,17,1,4
BRDA:198,18,0,5
BRDA:198,18,1,3
BRDA:202,19,0,1
BRDA:202,19,1,4
BRDA:202,20,0,5
BRDA:202,20,1,3
BRDA:206,21,0,1
BRDA:206,21,1,4
BRDA:206,22,0,5
BRDA:206,22,1,3
BRDA:210,23,0,1
BRDA:210,23,1,4
BRDA:211,24,0,5
BRDA:211,24,1,3
BRDA:211,24,2,2
BRDA:233,25,0,1
BRDA:233,25,1,3
BRDA:233,26,0,4
BRDA:233,26,1,3
BRDA:237,27,0,1
BRDA:237,27,1,3
BRDA:238,28,0,4
BRDA:238,28,1,3
BRDA:238,28,2,2
BRF:63
BRH:63
end_of_record
TN:
SF:src/types/stats.ts
FNF:0
FNH:0
DA:105,2
LF:1
LH:1
BRF:0
BRH:0
end_of_record
